<?xml version="1.0" encoding="UTF-8"?>
<coverage generated="1707725561160" clover="3.2.0">
  <project timestamp="1707725561161" name="All files">
    <metrics statements="918" coveredstatements="538" conditionals="422" coveredconditionals="164" methods="312" coveredmethods="145" elements="1652" coveredelements="847" complexity="0" loc="918" ncloc="918" packages="30" files="119" classes="119"/>
    <package name="config">
      <metrics statements="3" coveredstatements="3" conditionals="2" coveredconditionals="1" methods="0" coveredmethods="0"/>
      <file name="development.js" path="D:\Fullstack engineer\Job\Main Job\PT PHINTRACO CONSULTING\learning\week 5\client\config\development.js">
        <metrics statements="0" coveredstatements="0" conditionals="0" coveredconditionals="0" methods="0" coveredmethods="0"/>
      </file>
      <file name="index.js" path="D:\Fullstack engineer\Job\Main Job\PT PHINTRACO CONSULTING\learning\week 5\client\config\index.js">
        <metrics statements="3" coveredstatements="3" conditionals="2" coveredconditionals="1" methods="0" coveredmethods="0"/>
        <line num="5" count="21" type="cond" truecount="1" falsecount="1"/>
        <line num="7" count="21" type="stmt"/>
        <line num="9" count="21" type="stmt"/>
      </file>
      <file name="production.js" path="D:\Fullstack engineer\Job\Main Job\PT PHINTRACO CONSULTING\learning\week 5\client\config\production.js">
        <metrics statements="0" coveredstatements="0" conditionals="0" coveredconditionals="0" methods="0" coveredmethods="0"/>
      </file>
      <file name="test.env.js" path="D:\Fullstack engineer\Job\Main Job\PT PHINTRACO CONSULTING\learning\week 5\client\config\test.env.js">
        <metrics statements="0" coveredstatements="0" conditionals="0" coveredconditionals="0" methods="0" coveredmethods="0"/>
      </file>
    </package>
    <package name="src">
      <metrics statements="28" coveredstatements="28" conditionals="7" coveredconditionals="4" methods="7" coveredmethods="7"/>
      <file name="configureStore.js" path="D:\Fullstack engineer\Job\Main Job\PT PHINTRACO CONSULTING\learning\week 5\client\src\configureStore.js">
        <metrics statements="16" coveredstatements="16" conditionals="7" coveredconditionals="4" methods="1" coveredmethods="1"/>
        <line num="9" count="20" type="stmt"/>
        <line num="12" count="20" type="cond" truecount="0" falsecount="1"/>
        <line num="13" count="20" type="stmt"/>
        <line num="14" count="20" type="stmt"/>
        <line num="18" count="20" type="cond" truecount="3" falsecount="1"/>
        <line num="19" count="20" type="cond" truecount="1" falsecount="1"/>
        <line num="22" count="20" type="stmt"/>
        <line num="23" count="20" type="stmt"/>
        <line num="24" count="20" type="stmt"/>
        <line num="25" count="20" type="stmt"/>
        <line num="27" count="20" type="stmt"/>
        <line num="29" count="20" type="stmt"/>
        <line num="32" count="20" type="stmt"/>
        <line num="33" count="20" type="stmt"/>
        <line num="36" count="20" type="stmt"/>
        <line num="39" count="20" type="stmt"/>
      </file>
      <file name="persistence.js" path="D:\Fullstack engineer\Job\Main Job\PT PHINTRACO CONSULTING\learning\week 5\client\src\persistence.js">
        <metrics statements="5" coveredstatements="5" conditionals="0" coveredconditionals="0" methods="3" coveredmethods="3"/>
        <line num="4" count="20" type="stmt"/>
        <line num="10" count="20" type="stmt"/>
        <line num="11" count="20" type="stmt"/>
        <line num="12" count="160" type="stmt"/>
        <line num="22" count="160" type="stmt"/>
      </file>
      <file name="reducers.js" path="D:\Fullstack engineer\Job\Main Job\PT PHINTRACO CONSULTING\learning\week 5\client\src\reducers.js">
        <metrics statements="6" coveredstatements="6" conditionals="0" coveredconditionals="0" methods="2" coveredmethods="2"/>
        <line num="20" count="20" type="stmt"/>
        <line num="31" count="20" type="stmt"/>
        <line num="40" count="20" type="stmt"/>
        <line num="41" count="20" type="stmt"/>
        <line num="45" count="242" type="stmt"/>
        <line num="46" count="20" type="stmt"/>
      </file>
      <file name="rootSaga.js" path="D:\Fullstack engineer\Job\Main Job\PT PHINTRACO CONSULTING\learning\week 5\client\src\rootSaga.js">
        <metrics statements="1" coveredstatements="1" conditionals="0" coveredconditionals="0" methods="1" coveredmethods="1"/>
        <line num="23" count="20" type="stmt"/>
      </file>
    </package>
    <package name="src.components.Loader">
      <metrics statements="3" coveredstatements="3" conditionals="2" coveredconditionals="2" methods="1" coveredmethods="1"/>
      <file name="index.jsx" path="D:\Fullstack engineer\Job\Main Job\PT PHINTRACO CONSULTING\learning\week 5\client\src\components\Loader\index.jsx">
        <metrics statements="3" coveredstatements="3" conditionals="2" coveredconditionals="2" methods="1" coveredmethods="1"/>
        <line num="6" count="7" type="stmt"/>
        <line num="7" count="8" type="stmt"/>
        <line num="18" count="7" type="stmt"/>
      </file>
    </package>
    <package name="src.components.Navbar">
      <metrics statements="43" coveredstatements="4" conditionals="18" coveredconditionals="0" methods="13" coveredmethods="0"/>
      <file name="index.jsx" path="D:\Fullstack engineer\Job\Main Job\PT PHINTRACO CONSULTING\learning\week 5\client\src\components\Navbar\index.jsx">
        <metrics statements="43" coveredstatements="4" conditionals="18" coveredconditionals="0" methods="13" coveredmethods="0"/>
        <line num="42" count="1" type="stmt"/>
        <line num="44" count="1" type="stmt"/>
        <line num="45" count="0" type="stmt"/>
        <line num="46" count="0" type="stmt"/>
        <line num="48" count="0" type="stmt"/>
        <line num="50" count="0" type="stmt"/>
        <line num="52" count="0" type="stmt"/>
        <line num="53" count="0" type="stmt"/>
        <line num="54" count="0" type="stmt"/>
        <line num="55" count="0" type="stmt"/>
        <line num="56" count="0" type="stmt"/>
        <line num="58" count="0" type="stmt"/>
        <line num="59" count="0" type="stmt"/>
        <line num="62" count="0" type="stmt"/>
        <line num="63" count="0" type="stmt"/>
        <line num="66" count="0" type="stmt"/>
        <line num="67" count="0" type="stmt"/>
        <line num="68" count="0" type="stmt"/>
        <line num="71" count="0" type="stmt"/>
        <line num="72" count="0" type="stmt"/>
        <line num="75" count="0" type="stmt"/>
        <line num="76" count="0" type="stmt"/>
        <line num="79" count="0" type="stmt"/>
        <line num="80" count="0" type="cond" truecount="0" falsecount="2"/>
        <line num="81" count="0" type="stmt"/>
        <line num="85" count="0" type="stmt"/>
        <line num="86" count="0" type="stmt"/>
        <line num="89" count="0" type="stmt"/>
        <line num="90" count="0" type="cond" truecount="0" falsecount="2"/>
        <line num="91" count="0" type="stmt"/>
        <line num="93" count="0" type="stmt"/>
        <line num="100" count="0" type="stmt"/>
        <line num="101" count="0" type="stmt"/>
        <line num="102" count="0" type="stmt"/>
        <line num="103" count="0" type="stmt"/>
        <line num="107" count="0" type="stmt"/>
        <line num="186" count="0" type="stmt"/>
        <line num="225" count="0" type="stmt"/>
        <line num="233" count="0" type="stmt"/>
        <line num="257" count="0" type="stmt"/>
        <line num="258" count="0" type="stmt"/>
        <line num="320" count="1" type="stmt"/>
        <line num="327" count="1" type="stmt"/>
      </file>
    </package>
    <package name="src.containers.App">
      <metrics statements="35" coveredstatements="24" conditionals="9" coveredconditionals="3" methods="15" coveredmethods="6"/>
      <file name="actions.js" path="D:\Fullstack engineer\Job\Main Job\PT PHINTRACO CONSULTING\learning\week 5\client\src\containers\App\actions.js">
        <metrics statements="6" coveredstatements="6" conditionals="2" coveredconditionals="0" methods="6" coveredmethods="1"/>
        <line num="3" count="21" type="stmt"/>
        <line num="8" count="21" type="stmt"/>
        <line num="13" count="21" type="cond" truecount="0" falsecount="2"/>
        <line num="22" count="21" type="stmt"/>
        <line num="31" count="21" type="stmt"/>
        <line num="36" count="21" type="stmt"/>
      </file>
      <file name="constants.js" path="D:\Fullstack engineer\Job\Main Job\PT PHINTRACO CONSULTING\learning\week 5\client\src\containers\App\constants.js">
        <metrics statements="5" coveredstatements="5" conditionals="0" coveredconditionals="0" methods="0" coveredmethods="0"/>
        <line num="1" count="21" type="stmt"/>
        <line num="2" count="21" type="stmt"/>
        <line num="3" count="21" type="stmt"/>
        <line num="4" count="21" type="stmt"/>
        <line num="6" count="21" type="stmt"/>
      </file>
      <file name="reducer.js" path="D:\Fullstack engineer\Job\Main Job\PT PHINTRACO CONSULTING\learning\week 5\client\src\containers\App\reducer.js">
        <metrics statements="13" coveredstatements="7" conditionals="5" coveredconditionals="2" methods="2" coveredmethods="2"/>
        <line num="5" count="20" type="stmt"/>
        <line num="16" count="20" type="stmt"/>
        <line num="18" count="20" type="cond" truecount="1" falsecount="0"/>
        <line num="19" count="282" type="stmt"/>
        <line num="20" count="282" type="cond" truecount="1" falsecount="3"/>
        <line num="22" count="0" type="stmt"/>
        <line num="23" count="0" type="stmt"/>
        <line num="25" count="0" type="stmt"/>
        <line num="26" count="0" type="stmt"/>
        <line num="28" count="0" type="stmt"/>
        <line num="29" count="0" type="stmt"/>
        <line num="31" count="6" type="stmt"/>
        <line num="32" count="6" type="stmt"/>
      </file>
      <file name="saga.js" path="D:\Fullstack engineer\Job\Main Job\PT PHINTRACO CONSULTING\learning\week 5\client\src\containers\App\saga.js">
        <metrics statements="6" coveredstatements="1" conditionals="0" coveredconditionals="0" methods="2" coveredmethods="1"/>
        <line num="8" count="0" type="stmt"/>
        <line num="9" count="0" type="stmt"/>
        <line num="10" count="0" type="stmt"/>
        <line num="12" count="0" type="stmt"/>
        <line num="14" count="0" type="stmt"/>
        <line num="18" count="20" type="stmt"/>
      </file>
      <file name="selectors.js" path="D:\Fullstack engineer\Job\Main Job\PT PHINTRACO CONSULTING\learning\week 5\client\src\containers\App\selectors.js">
        <metrics statements="5" coveredstatements="5" conditionals="2" coveredconditionals="1" methods="5" coveredmethods="2"/>
        <line num="4" count="121" type="cond" truecount="1" falsecount="1"/>
        <line num="6" count="23" type="stmt"/>
        <line num="7" count="20" type="stmt"/>
        <line num="8" count="20" type="stmt"/>
        <line num="9" count="20" type="stmt"/>
      </file>
    </package>
    <package name="src.containers.Client">
      <metrics statements="20" coveredstatements="15" conditionals="6" coveredconditionals="2" methods="9" coveredmethods="6"/>
      <file name="actions.js" path="D:\Fullstack engineer\Job\Main Job\PT PHINTRACO CONSULTING\learning\week 5\client\src\containers\Client\actions.js">
        <metrics statements="3" coveredstatements="3" conditionals="0" coveredconditionals="0" methods="3" coveredmethods="0"/>
        <line num="3" count="21" type="stmt"/>
        <line num="8" count="21" type="stmt"/>
        <line num="13" count="21" type="stmt"/>
      </file>
      <file name="constants.js" path="D:\Fullstack engineer\Job\Main Job\PT PHINTRACO CONSULTING\learning\week 5\client\src\containers\Client\constants.js">
        <metrics statements="3" coveredstatements="3" conditionals="0" coveredconditionals="0" methods="0" coveredmethods="0"/>
        <line num="1" count="21" type="stmt"/>
        <line num="2" count="21" type="stmt"/>
        <line num="3" count="21" type="stmt"/>
      </file>
      <file name="reducer.js" path="D:\Fullstack engineer\Job\Main Job\PT PHINTRACO CONSULTING\learning\week 5\client\src\containers\Client\reducer.js">
        <metrics statements="10" coveredstatements="5" conditionals="4" coveredconditionals="1" methods="2" coveredmethods="2"/>
        <line num="5" count="21" type="stmt"/>
        <line num="11" count="21" type="stmt"/>
        <line num="13" count="21" type="cond" truecount="1" falsecount="0"/>
        <line num="14" count="282" type="stmt"/>
        <line num="15" count="282" type="cond" truecount="0" falsecount="3"/>
        <line num="17" count="0" type="stmt"/>
        <line num="18" count="0" type="stmt"/>
        <line num="20" count="0" type="stmt"/>
        <line num="21" count="0" type="stmt"/>
        <line num="23" count="0" type="stmt"/>
      </file>
      <file name="selectors.js" path="D:\Fullstack engineer\Job\Main Job\PT PHINTRACO CONSULTING\learning\week 5\client\src\containers\Client\selectors.js">
        <metrics statements="4" coveredstatements="4" conditionals="2" coveredconditionals="1" methods="4" coveredmethods="4"/>
        <line num="4" count="20" type="cond" truecount="1" falsecount="1"/>
        <line num="6" count="10" type="stmt"/>
        <line num="7" count="10" type="stmt"/>
        <line num="8" count="10" type="stmt"/>
      </file>
    </package>
    <package name="src.containers.Language">
      <metrics statements="14" coveredstatements="12" conditionals="4" coveredconditionals="2" methods="5" coveredmethods="5"/>
      <file name="constants.js" path="D:\Fullstack engineer\Job\Main Job\PT PHINTRACO CONSULTING\learning\week 5\client\src\containers\Language\constants.js">
        <metrics statements="2" coveredstatements="2" conditionals="0" coveredconditionals="0" methods="0" coveredmethods="0"/>
        <line num="1" count="20" type="stmt"/>
        <line num="2" count="20" type="stmt"/>
      </file>
      <file name="index.jsx" path="D:\Fullstack engineer\Job\Main Job\PT PHINTRACO CONSULTING\learning\week 5\client\src\containers\Language\index.jsx">
        <metrics statements="4" coveredstatements="4" conditionals="0" coveredconditionals="0" methods="1" coveredmethods="1"/>
        <line num="9" count="20" type="stmt"/>
        <line num="10" count="118" type="stmt"/>
        <line num="15" count="20" type="stmt"/>
        <line num="21" count="20" type="stmt"/>
      </file>
      <file name="reducer.js" path="D:\Fullstack engineer\Job\Main Job\PT PHINTRACO CONSULTING\learning\week 5\client\src\containers\Language\reducer.js">
        <metrics statements="6" coveredstatements="4" conditionals="2" coveredconditionals="1" methods="2" coveredmethods="2"/>
        <line num="8" count="20" type="stmt"/>
        <line num="15" count="20" type="cond" truecount="1" falsecount="0"/>
        <line num="16" count="282" type="stmt"/>
        <line num="17" count="282" type="cond" truecount="0" falsecount="1"/>
        <line num="19" count="0" type="stmt"/>
        <line num="20" count="0" type="stmt"/>
      </file>
      <file name="selectors.js" path="D:\Fullstack engineer\Job\Main Job\PT PHINTRACO CONSULTING\learning\week 5\client\src\containers\Language\selectors.js">
        <metrics statements="2" coveredstatements="2" conditionals="2" coveredconditionals="1" methods="2" coveredmethods="2"/>
        <line num="5" count="121" type="cond" truecount="1" falsecount="1"/>
        <line num="7" count="20" type="stmt"/>
      </file>
    </package>
    <package name="src.domain">
      <metrics statements="38" coveredstatements="28" conditionals="3" coveredconditionals="3" methods="24" coveredmethods="11"/>
      <file name="api.js" path="D:\Fullstack engineer\Job\Main Job\PT PHINTRACO CONSULTING\learning\week 5\client\src\domain\api.js">
        <metrics statements="38" coveredstatements="28" conditionals="3" coveredconditionals="3" methods="24" coveredmethods="11"/>
        <line num="6" count="20" type="stmt"/>
        <line num="40" count="20" type="cond" truecount="3" falsecount="0"/>
        <line num="41" count="16" type="stmt"/>
        <line num="45" count="16" type="stmt"/>
        <line num="46" count="16" type="stmt"/>
        <line num="54" count="16" type="stmt"/>
        <line num="55" count="0" type="stmt"/>
        <line num="56" count="0" type="stmt"/>
        <line num="60" count="20" type="stmt"/>
        <line num="61" count="20" type="stmt"/>
        <line num="64" count="20" type="stmt"/>
        <line num="65" count="20" type="stmt"/>
        <line num="66" count="20" type="stmt"/>
        <line num="67" count="20" type="stmt"/>
        <line num="68" count="20" type="stmt"/>
        <line num="69" count="20" type="stmt"/>
        <line num="70" count="20" type="stmt"/>
        <line num="73" count="20" type="stmt"/>
        <line num="74" count="20" type="stmt"/>
        <line num="75" count="20" type="stmt"/>
        <line num="78" count="20" type="stmt"/>
        <line num="79" count="0" type="stmt"/>
        <line num="82" count="0" type="stmt"/>
        <line num="84" count="20" type="stmt"/>
        <line num="85" count="0" type="stmt"/>
        <line num="88" count="0" type="stmt"/>
        <line num="90" count="20" type="stmt"/>
        <line num="91" count="20" type="stmt"/>
        <line num="92" count="0" type="stmt"/>
        <line num="95" count="0" type="stmt"/>
        <line num="99" count="20" type="stmt"/>
        <line num="100" count="20" type="stmt"/>
        <line num="101" count="20" type="stmt"/>
        <line num="102" count="0" type="stmt"/>
        <line num="106" count="0" type="stmt"/>
        <line num="108" count="20" type="stmt"/>
        <line num="111" count="20" type="stmt"/>
        <line num="112" count="20" type="stmt"/>
      </file>
    </package>
    <package name="src.languages">
      <metrics statements="0" coveredstatements="0" conditionals="0" coveredconditionals="0" methods="0" coveredmethods="0"/>
      <file name="en.js" path="D:\Fullstack engineer\Job\Main Job\PT PHINTRACO CONSULTING\learning\week 5\client\src\languages\en.js">
        <metrics statements="0" coveredstatements="0" conditionals="0" coveredconditionals="0" methods="0" coveredmethods="0"/>
      </file>
      <file name="id.js" path="D:\Fullstack engineer\Job\Main Job\PT PHINTRACO CONSULTING\learning\week 5\client\src\languages\id.js">
        <metrics statements="0" coveredstatements="0" conditionals="0" coveredconditionals="0" methods="0" coveredmethods="0"/>
      </file>
    </package>
    <package name="src.pages.Admin">
      <metrics statements="37" coveredstatements="26" conditionals="8" coveredconditionals="3" methods="14" coveredmethods="9"/>
      <file name="actions.js" path="D:\Fullstack engineer\Job\Main Job\PT PHINTRACO CONSULTING\learning\week 5\client\src\pages\Admin\actions.js">
        <metrics statements="2" coveredstatements="2" conditionals="0" coveredconditionals="0" methods="2" coveredmethods="1"/>
        <line num="3" count="20" type="stmt"/>
        <line num="7" count="20" type="stmt"/>
      </file>
      <file name="constants.js" path="D:\Fullstack engineer\Job\Main Job\PT PHINTRACO CONSULTING\learning\week 5\client\src\pages\Admin\constants.js">
        <metrics statements="2" coveredstatements="2" conditionals="0" coveredconditionals="0" methods="0" coveredmethods="0"/>
        <line num="1" count="20" type="stmt"/>
        <line num="2" count="20" type="stmt"/>
      </file>
      <file name="index.jsx" path="D:\Fullstack engineer\Job\Main Job\PT PHINTRACO CONSULTING\learning\week 5\client\src\pages\Admin\index.jsx">
        <metrics statements="16" coveredstatements="11" conditionals="4" coveredconditionals="1" methods="6" coveredmethods="2"/>
        <line num="16" count="1" type="stmt"/>
        <line num="17" count="2" type="stmt"/>
        <line num="18" count="2" type="stmt"/>
        <line num="19" count="2" type="stmt"/>
        <line num="21" count="2" type="stmt"/>
        <line num="22" count="0" type="stmt"/>
        <line num="23" count="0" type="stmt"/>
        <line num="26" count="2" type="stmt"/>
        <line num="27" count="0" type="stmt"/>
        <line num="28" count="0" type="stmt"/>
        <line num="31" count="2" type="stmt"/>
        <line num="32" count="2" type="stmt"/>
        <line num="35" count="2" type="stmt"/>
        <line num="54" count="0" type="stmt"/>
        <line num="91" count="1" type="stmt"/>
        <line num="95" count="1" type="stmt"/>
      </file>
      <file name="reducer.js" path="D:\Fullstack engineer\Job\Main Job\PT PHINTRACO CONSULTING\learning\week 5\client\src\pages\Admin\reducer.js">
        <metrics statements="7" coveredstatements="5" conditionals="2" coveredconditionals="1" methods="2" coveredmethods="2"/>
        <line num="4" count="20" type="stmt"/>
        <line num="8" count="20" type="stmt"/>
        <line num="10" count="20" type="cond" truecount="1" falsecount="0"/>
        <line num="11" count="282" type="stmt"/>
        <line num="12" count="282" type="cond" truecount="0" falsecount="1"/>
        <line num="14" count="0" type="stmt"/>
        <line num="15" count="0" type="stmt"/>
      </file>
      <file name="saga.js" path="D:\Fullstack engineer\Job\Main Job\PT PHINTRACO CONSULTING\learning\week 5\client\src\pages\Admin\saga.js">
        <metrics statements="8" coveredstatements="4" conditionals="0" coveredconditionals="0" methods="2" coveredmethods="2"/>
        <line num="8" count="2" type="stmt"/>
        <line num="9" count="2" type="stmt"/>
        <line num="10" count="2" type="stmt"/>
        <line num="11" count="0" type="stmt"/>
        <line num="13" count="0" type="stmt"/>
        <line num="14" count="0" type="stmt"/>
        <line num="16" count="0" type="stmt"/>
        <line num="20" count="20" type="stmt"/>
      </file>
      <file name="selectors.js" path="D:\Fullstack engineer\Job\Main Job\PT PHINTRACO CONSULTING\learning\week 5\client\src\pages\Admin\selectors.js">
        <metrics statements="2" coveredstatements="2" conditionals="2" coveredconditionals="1" methods="2" coveredmethods="2"/>
        <line num="4" count="3" type="cond" truecount="1" falsecount="1"/>
        <line num="6" count="1" type="stmt"/>
      </file>
    </package>
    <package name="src.pages.Book">
      <metrics statements="56" coveredstatements="34" conditionals="12" coveredconditionals="3" methods="21" coveredmethods="9"/>
      <file name="actions.js" path="D:\Fullstack engineer\Job\Main Job\PT PHINTRACO CONSULTING\learning\week 5\client\src\pages\Book\actions.js">
        <metrics statements="3" coveredstatements="3" conditionals="0" coveredconditionals="0" methods="3" coveredmethods="1"/>
        <line num="3" count="20" type="stmt"/>
        <line num="7" count="20" type="stmt"/>
        <line num="12" count="20" type="stmt"/>
      </file>
      <file name="constants.js" path="D:\Fullstack engineer\Job\Main Job\PT PHINTRACO CONSULTING\learning\week 5\client\src\pages\Book\constants.js">
        <metrics statements="3" coveredstatements="3" conditionals="0" coveredconditionals="0" methods="0" coveredmethods="0"/>
        <line num="1" count="20" type="stmt"/>
        <line num="2" count="20" type="stmt"/>
        <line num="4" count="20" type="stmt"/>
      </file>
      <file name="index.jsx" path="D:\Fullstack engineer\Job\Main Job\PT PHINTRACO CONSULTING\learning\week 5\client\src\pages\Book\index.jsx">
        <metrics statements="27" coveredstatements="16" conditionals="6" coveredconditionals="1" methods="11" coveredmethods="2"/>
        <line num="21" count="1" type="stmt"/>
        <line num="33" count="1" type="stmt"/>
        <line num="34" count="2" type="stmt"/>
        <line num="35" count="2" type="stmt"/>
        <line num="36" count="2" type="stmt"/>
        <line num="38" count="2" type="stmt"/>
        <line num="39" count="0" type="stmt"/>
        <line num="40" count="0" type="stmt"/>
        <line num="43" count="2" type="stmt"/>
        <line num="44" count="0" type="stmt"/>
        <line num="45" count="0" type="stmt"/>
        <line num="48" count="2" type="stmt"/>
        <line num="49" count="0" type="stmt"/>
        <line num="51" count="0" type="stmt"/>
        <line num="52" count="0" type="stmt"/>
        <line num="57" count="2" type="stmt"/>
        <line num="58" count="2" type="stmt"/>
        <line num="61" count="2" type="stmt"/>
        <line num="62" count="2" type="stmt"/>
        <line num="63" count="2" type="stmt"/>
        <line num="65" count="2" type="stmt"/>
        <line num="84" count="0" type="stmt"/>
        <line num="151" count="0" type="stmt"/>
        <line num="152" count="0" type="stmt"/>
        <line num="153" count="0" type="stmt"/>
        <line num="177" count="1" type="stmt"/>
        <line num="181" count="1" type="stmt"/>
      </file>
      <file name="reducer.js" path="D:\Fullstack engineer\Job\Main Job\PT PHINTRACO CONSULTING\learning\week 5\client\src\pages\Book\reducer.js">
        <metrics statements="7" coveredstatements="5" conditionals="2" coveredconditionals="1" methods="2" coveredmethods="2"/>
        <line num="4" count="20" type="stmt"/>
        <line num="8" count="20" type="stmt"/>
        <line num="10" count="20" type="cond" truecount="1" falsecount="0"/>
        <line num="11" count="282" type="stmt"/>
        <line num="12" count="282" type="cond" truecount="0" falsecount="1"/>
        <line num="14" count="0" type="stmt"/>
        <line num="15" count="0" type="stmt"/>
      </file>
      <file name="saga.js" path="D:\Fullstack engineer\Job\Main Job\PT PHINTRACO CONSULTING\learning\week 5\client\src\pages\Book\saga.js">
        <metrics statements="14" coveredstatements="5" conditionals="2" coveredconditionals="0" methods="3" coveredmethods="2"/>
        <line num="8" count="2" type="stmt"/>
        <line num="9" count="2" type="stmt"/>
        <line num="10" count="2" type="stmt"/>
        <line num="12" count="0" type="stmt"/>
        <line num="14" count="0" type="stmt"/>
        <line num="16" count="0" type="stmt"/>
        <line num="20" count="0" type="stmt"/>
        <line num="21" count="0" type="stmt"/>
        <line num="22" count="0" type="stmt"/>
        <line num="23" count="0" type="cond" truecount="0" falsecount="2"/>
        <line num="25" count="0" type="stmt"/>
        <line num="27" count="0" type="stmt"/>
        <line num="31" count="20" type="stmt"/>
        <line num="32" count="20" type="stmt"/>
      </file>
      <file name="selectors.js" path="D:\Fullstack engineer\Job\Main Job\PT PHINTRACO CONSULTING\learning\week 5\client\src\pages\Book\selectors.js">
        <metrics statements="2" coveredstatements="2" conditionals="2" coveredconditionals="1" methods="2" coveredmethods="2"/>
        <line num="4" count="5" type="cond" truecount="1" falsecount="1"/>
        <line num="6" count="3" type="stmt"/>
      </file>
    </package>
    <package name="src.pages.BookDetail">
      <metrics statements="8" coveredstatements="8" conditionals="0" coveredconditionals="0" methods="2" coveredmethods="2"/>
      <file name="index.jsx" path="D:\Fullstack engineer\Job\Main Job\PT PHINTRACO CONSULTING\learning\week 5\client\src\pages\BookDetail\index.jsx">
        <metrics statements="8" coveredstatements="8" conditionals="0" coveredconditionals="0" methods="2" coveredmethods="2"/>
        <line num="12" count="1" type="stmt"/>
        <line num="13" count="1" type="stmt"/>
        <line num="14" count="1" type="stmt"/>
        <line num="16" count="1" type="stmt"/>
        <line num="17" count="1" type="stmt"/>
        <line num="20" count="1" type="stmt"/>
        <line num="42" count="1" type="stmt"/>
        <line num="46" count="1" type="stmt"/>
      </file>
    </package>
    <package name="src.pages.ChangePasswordAdmin">
      <metrics statements="27" coveredstatements="13" conditionals="18" coveredconditionals="6" methods="9" coveredmethods="2"/>
      <file name="actions.js" path="D:\Fullstack engineer\Job\Main Job\PT PHINTRACO CONSULTING\learning\week 5\client\src\pages\ChangePasswordAdmin\actions.js">
        <metrics statements="1" coveredstatements="1" conditionals="0" coveredconditionals="0" methods="1" coveredmethods="0"/>
        <line num="3" count="2" type="stmt"/>
      </file>
      <file name="constants.js" path="D:\Fullstack engineer\Job\Main Job\PT PHINTRACO CONSULTING\learning\week 5\client\src\pages\ChangePasswordAdmin\constants.js">
        <metrics statements="1" coveredstatements="1" conditionals="0" coveredconditionals="0" methods="0" coveredmethods="0"/>
        <line num="1" count="20" type="stmt"/>
      </file>
      <file name="index.jsx" path="D:\Fullstack engineer\Job\Main Job\PT PHINTRACO CONSULTING\learning\week 5\client\src\pages\ChangePasswordAdmin\index.jsx">
        <metrics statements="16" coveredstatements="10" conditionals="14" coveredconditionals="6" methods="6" coveredmethods="1"/>
        <line num="19" count="1" type="stmt"/>
        <line num="20" count="1" type="stmt"/>
        <line num="21" count="1" type="stmt"/>
        <line num="22" count="1" type="stmt"/>
        <line num="23" count="1" type="stmt"/>
        <line num="30" count="1" type="stmt"/>
        <line num="32" count="1" type="stmt"/>
        <line num="33" count="0" type="stmt"/>
        <line num="35" count="0" type="stmt"/>
        <line num="36" count="0" type="stmt"/>
        <line num="37" count="0" type="stmt"/>
        <line num="41" count="1" type="stmt"/>
        <line num="69" count="0" type="stmt"/>
        <line num="90" count="0" type="cond" truecount="0" falsecount="2"/>
        <line num="107" count="1" type="stmt"/>
        <line num="113" count="1" type="stmt"/>
      </file>
      <file name="saga.js" path="D:\Fullstack engineer\Job\Main Job\PT PHINTRACO CONSULTING\learning\week 5\client\src\pages\ChangePasswordAdmin\saga.js">
        <metrics statements="9" coveredstatements="1" conditionals="4" coveredconditionals="0" methods="2" coveredmethods="1"/>
        <line num="8" count="0" type="stmt"/>
        <line num="9" count="0" type="stmt"/>
        <line num="10" count="0" type="stmt"/>
        <line num="12" count="0" type="cond" truecount="0" falsecount="2"/>
        <line num="14" count="0" type="cond" truecount="0" falsecount="2"/>
        <line num="15" count="0" type="stmt"/>
        <line num="17" count="0" type="stmt"/>
        <line num="20" count="0" type="stmt"/>
        <line num="24" count="20" type="stmt"/>
      </file>
    </package>
    <package name="src.pages.ChangePasswordCustomer">
      <metrics statements="16" coveredstatements="10" conditionals="12" coveredconditionals="5" methods="6" coveredmethods="1"/>
      <file name="index.jsx" path="D:\Fullstack engineer\Job\Main Job\PT PHINTRACO CONSULTING\learning\week 5\client\src\pages\ChangePasswordCustomer\index.jsx">
        <metrics statements="16" coveredstatements="10" conditionals="12" coveredconditionals="5" methods="6" coveredmethods="1"/>
        <line num="19" count="1" type="stmt"/>
        <line num="20" count="1" type="stmt"/>
        <line num="21" count="1" type="stmt"/>
        <line num="22" count="1" type="stmt"/>
        <line num="23" count="1" type="stmt"/>
        <line num="30" count="1" type="stmt"/>
        <line num="32" count="1" type="stmt"/>
        <line num="33" count="0" type="stmt"/>
        <line num="35" count="0" type="stmt"/>
        <line num="36" count="0" type="stmt"/>
        <line num="37" count="0" type="stmt"/>
        <line num="41" count="1" type="stmt"/>
        <line num="69" count="0" type="stmt"/>
        <line num="90" count="0" type="cond" truecount="0" falsecount="2"/>
        <line num="107" count="1" type="stmt"/>
        <line num="113" count="1" type="stmt"/>
      </file>
    </package>
    <package name="src.pages.Customer">
      <metrics statements="36" coveredstatements="26" conditionals="8" coveredconditionals="3" methods="14" coveredmethods="9"/>
      <file name="actions.js" path="D:\Fullstack engineer\Job\Main Job\PT PHINTRACO CONSULTING\learning\week 5\client\src\pages\Customer\actions.js">
        <metrics statements="2" coveredstatements="2" conditionals="0" coveredconditionals="0" methods="2" coveredmethods="1"/>
        <line num="3" count="20" type="stmt"/>
        <line num="8" count="20" type="stmt"/>
      </file>
      <file name="constants.js" path="D:\Fullstack engineer\Job\Main Job\PT PHINTRACO CONSULTING\learning\week 5\client\src\pages\Customer\constants.js">
        <metrics statements="2" coveredstatements="2" conditionals="0" coveredconditionals="0" methods="0" coveredmethods="0"/>
        <line num="1" count="20" type="stmt"/>
        <line num="2" count="20" type="stmt"/>
      </file>
      <file name="index.jsx" path="D:\Fullstack engineer\Job\Main Job\PT PHINTRACO CONSULTING\learning\week 5\client\src\pages\Customer\index.jsx">
        <metrics statements="16" coveredstatements="11" conditionals="4" coveredconditionals="1" methods="6" coveredmethods="2"/>
        <line num="15" count="1" type="stmt"/>
        <line num="16" count="2" type="stmt"/>
        <line num="17" count="2" type="stmt"/>
        <line num="18" count="2" type="stmt"/>
        <line num="20" count="2" type="stmt"/>
        <line num="21" count="0" type="stmt"/>
        <line num="22" count="0" type="stmt"/>
        <line num="25" count="2" type="stmt"/>
        <line num="26" count="0" type="stmt"/>
        <line num="27" count="0" type="stmt"/>
        <line num="30" count="2" type="stmt"/>
        <line num="31" count="2" type="stmt"/>
        <line num="34" count="2" type="stmt"/>
        <line num="53" count="0" type="stmt"/>
        <line num="103" count="1" type="stmt"/>
        <line num="107" count="1" type="stmt"/>
      </file>
      <file name="reducer.js" path="D:\Fullstack engineer\Job\Main Job\PT PHINTRACO CONSULTING\learning\week 5\client\src\pages\Customer\reducer.js">
        <metrics statements="7" coveredstatements="5" conditionals="2" coveredconditionals="1" methods="2" coveredmethods="2"/>
        <line num="4" count="20" type="stmt"/>
        <line num="8" count="20" type="stmt"/>
        <line num="10" count="20" type="cond" truecount="1" falsecount="0"/>
        <line num="11" count="282" type="stmt"/>
        <line num="12" count="282" type="cond" truecount="0" falsecount="1"/>
        <line num="14" count="0" type="stmt"/>
        <line num="15" count="0" type="stmt"/>
      </file>
      <file name="saga.js" path="D:\Fullstack engineer\Job\Main Job\PT PHINTRACO CONSULTING\learning\week 5\client\src\pages\Customer\saga.js">
        <metrics statements="7" coveredstatements="4" conditionals="0" coveredconditionals="0" methods="2" coveredmethods="2"/>
        <line num="8" count="2" type="stmt"/>
        <line num="9" count="2" type="stmt"/>
        <line num="10" count="2" type="stmt"/>
        <line num="11" count="0" type="stmt"/>
        <line num="13" count="0" type="stmt"/>
        <line num="15" count="0" type="stmt"/>
        <line num="19" count="20" type="stmt"/>
      </file>
      <file name="selectors.js" path="D:\Fullstack engineer\Job\Main Job\PT PHINTRACO CONSULTING\learning\week 5\client\src\pages\Customer\selectors.js">
        <metrics statements="2" coveredstatements="2" conditionals="2" coveredconditionals="1" methods="2" coveredmethods="2"/>
        <line num="4" count="3" type="cond" truecount="1" falsecount="1"/>
        <line num="6" count="1" type="stmt"/>
      </file>
    </package>
    <package name="src.pages.CustomerLending">
      <metrics statements="36" coveredstatements="26" conditionals="19" coveredconditionals="8" methods="13" coveredmethods="9"/>
      <file name="actions.js" path="D:\Fullstack engineer\Job\Main Job\PT PHINTRACO CONSULTING\learning\week 5\client\src\pages\CustomerLending\actions.js">
        <metrics statements="2" coveredstatements="2" conditionals="0" coveredconditionals="0" methods="2" coveredmethods="1"/>
        <line num="3" count="20" type="stmt"/>
        <line num="9" count="20" type="stmt"/>
      </file>
      <file name="constants.js" path="D:\Fullstack engineer\Job\Main Job\PT PHINTRACO CONSULTING\learning\week 5\client\src\pages\CustomerLending\constants.js">
        <metrics statements="2" coveredstatements="2" conditionals="0" coveredconditionals="0" methods="0" coveredmethods="0"/>
        <line num="1" count="20" type="stmt"/>
        <line num="2" count="20" type="stmt"/>
      </file>
      <file name="index.jsx" path="D:\Fullstack engineer\Job\Main Job\PT PHINTRACO CONSULTING\learning\week 5\client\src\pages\CustomerLending\index.jsx">
        <metrics statements="13" coveredstatements="11" conditionals="11" coveredconditionals="6" methods="4" coveredmethods="2"/>
        <line num="16" count="1" type="cond" truecount="1" falsecount="0"/>
        <line num="17" count="3" type="stmt"/>
        <line num="18" count="3" type="stmt"/>
        <line num="19" count="3" type="stmt"/>
        <line num="21" count="3" type="stmt"/>
        <line num="22" count="3" type="stmt"/>
        <line num="24" count="0" type="stmt"/>
        <line num="29" count="3" type="cond" truecount="4" falsecount="0"/>
        <line num="30" count="2" type="stmt"/>
        <line num="33" count="1" type="stmt"/>
        <line num="50" count="0" type="stmt"/>
        <line num="94" count="1" type="stmt"/>
        <line num="99" count="1" type="stmt"/>
      </file>
      <file name="reducer.js" path="D:\Fullstack engineer\Job\Main Job\PT PHINTRACO CONSULTING\learning\week 5\client\src\pages\CustomerLending\reducer.js">
        <metrics statements="7" coveredstatements="5" conditionals="2" coveredconditionals="1" methods="2" coveredmethods="2"/>
        <line num="4" count="20" type="stmt"/>
        <line num="8" count="20" type="stmt"/>
        <line num="10" count="20" type="cond" truecount="1" falsecount="0"/>
        <line num="11" count="282" type="stmt"/>
        <line num="12" count="282" type="cond" truecount="0" falsecount="1"/>
        <line num="14" count="0" type="stmt"/>
        <line num="15" count="0" type="stmt"/>
      </file>
      <file name="saga.js" path="D:\Fullstack engineer\Job\Main Job\PT PHINTRACO CONSULTING\learning\week 5\client\src\pages\CustomerLending\saga.js">
        <metrics statements="10" coveredstatements="4" conditionals="4" coveredconditionals="0" methods="3" coveredmethods="2"/>
        <line num="9" count="3" type="stmt"/>
        <line num="10" count="3" type="stmt"/>
        <line num="11" count="3" type="stmt"/>
        <line num="12" count="0" type="stmt"/>
        <line num="13" count="0" type="cond" truecount="0" falsecount="2"/>
        <line num="14" count="0" type="stmt"/>
        <line num="16" count="0" type="stmt"/>
        <line num="18" count="0" type="stmt"/>
        <line num="22" count="20" type="stmt"/>
        <line num="30" count="0" type="cond" truecount="0" falsecount="2"/>
      </file>
      <file name="selectors.js" path="D:\Fullstack engineer\Job\Main Job\PT PHINTRACO CONSULTING\learning\week 5\client\src\pages\CustomerLending\selectors.js">
        <metrics statements="2" coveredstatements="2" conditionals="2" coveredconditionals="1" methods="2" coveredmethods="2"/>
        <line num="4" count="3" type="cond" truecount="1" falsecount="1"/>
        <line num="6" count="1" type="stmt"/>
      </file>
    </package>
    <package name="src.pages.Dashboard">
      <metrics statements="50" coveredstatements="36" conditionals="11" coveredconditionals="4" methods="16" coveredmethods="12"/>
      <file name="actions.js" path="D:\Fullstack engineer\Job\Main Job\PT PHINTRACO CONSULTING\learning\week 5\client\src\pages\Dashboard\actions.js">
        <metrics statements="4" coveredstatements="4" conditionals="0" coveredconditionals="0" methods="4" coveredmethods="2"/>
        <line num="3" count="20" type="stmt"/>
        <line num="8" count="20" type="stmt"/>
        <line num="13" count="20" type="stmt"/>
        <line num="18" count="20" type="stmt"/>
      </file>
      <file name="constants.js" path="D:\Fullstack engineer\Job\Main Job\PT PHINTRACO CONSULTING\learning\week 5\client\src\pages\Dashboard\constants.js">
        <metrics statements="4" coveredstatements="4" conditionals="0" coveredconditionals="0" methods="0" coveredmethods="0"/>
        <line num="1" count="20" type="stmt"/>
        <line num="2" count="20" type="stmt"/>
        <line num="4" count="20" type="stmt"/>
        <line num="5" count="20" type="stmt"/>
      </file>
      <file name="index.jsx" path="D:\Fullstack engineer\Job\Main Job\PT PHINTRACO CONSULTING\learning\week 5\client\src\pages\Dashboard\index.jsx">
        <metrics statements="14" coveredstatements="12" conditionals="2" coveredconditionals="2" methods="4" coveredmethods="2"/>
        <line num="14" count="1" type="stmt"/>
        <line num="15" count="2" type="stmt"/>
        <line num="16" count="2" type="stmt"/>
        <line num="18" count="2" type="stmt"/>
        <line num="19" count="1" type="stmt"/>
        <line num="21" count="0" type="stmt"/>
        <line num="24" count="1" type="stmt"/>
        <line num="26" count="0" type="stmt"/>
        <line num="29" count="1" type="stmt"/>
        <line num="32" count="2" type="cond" truecount="2" falsecount="0"/>
        <line num="33" count="1" type="stmt"/>
        <line num="36" count="1" type="stmt"/>
        <line num="74" count="1" type="stmt"/>
        <line num="79" count="1" type="stmt"/>
      </file>
      <file name="reducer.js" path="D:\Fullstack engineer\Job\Main Job\PT PHINTRACO CONSULTING\learning\week 5\client\src\pages\Dashboard\reducer.js">
        <metrics statements="9" coveredstatements="5" conditionals="3" coveredconditionals="1" methods="2" coveredmethods="2"/>
        <line num="4" count="20" type="stmt"/>
        <line num="9" count="20" type="stmt"/>
        <line num="11" count="20" type="cond" truecount="1" falsecount="0"/>
        <line num="12" count="564" type="stmt"/>
        <line num="13" count="564" type="cond" truecount="0" falsecount="2"/>
        <line num="15" count="0" type="stmt"/>
        <line num="16" count="0" type="stmt"/>
        <line num="18" count="0" type="stmt"/>
        <line num="19" count="0" type="stmt"/>
      </file>
      <file name="saga.js" path="D:\Fullstack engineer\Job\Main Job\PT PHINTRACO CONSULTING\learning\week 5\client\src\pages\Dashboard\saga.js">
        <metrics statements="16" coveredstatements="8" conditionals="4" coveredconditionals="0" methods="3" coveredmethods="3"/>
        <line num="9" count="1" type="stmt"/>
        <line num="10" count="1" type="stmt"/>
        <line num="11" count="1" type="stmt"/>
        <line num="12" count="0" type="cond" truecount="0" falsecount="2"/>
        <line num="13" count="0" type="stmt"/>
        <line num="15" count="0" type="stmt"/>
        <line num="17" count="0" type="stmt"/>
        <line num="21" count="1" type="stmt"/>
        <line num="22" count="1" type="stmt"/>
        <line num="23" count="1" type="stmt"/>
        <line num="24" count="0" type="cond" truecount="0" falsecount="2"/>
        <line num="25" count="0" type="stmt"/>
        <line num="27" count="0" type="stmt"/>
        <line num="29" count="0" type="stmt"/>
        <line num="33" count="20" type="stmt"/>
        <line num="34" count="20" type="stmt"/>
      </file>
      <file name="selectors.js" path="D:\Fullstack engineer\Job\Main Job\PT PHINTRACO CONSULTING\learning\week 5\client\src\pages\Dashboard\selectors.js">
        <metrics statements="3" coveredstatements="3" conditionals="2" coveredconditionals="1" methods="3" coveredmethods="3"/>
        <line num="4" count="4" type="cond" truecount="1" falsecount="1"/>
        <line num="6" count="3" type="stmt"/>
        <line num="7" count="3" type="stmt"/>
      </file>
    </package>
    <package name="src.pages.DeleteLending">
      <metrics statements="24" coveredstatements="12" conditionals="10" coveredconditionals="4" methods="8" coveredmethods="2"/>
      <file name="actions.js" path="D:\Fullstack engineer\Job\Main Job\PT PHINTRACO CONSULTING\learning\week 5\client\src\pages\DeleteLending\actions.js">
        <metrics statements="1" coveredstatements="1" conditionals="0" coveredconditionals="0" methods="1" coveredmethods="0"/>
        <line num="3" count="1" type="stmt"/>
      </file>
      <file name="constants.js" path="D:\Fullstack engineer\Job\Main Job\PT PHINTRACO CONSULTING\learning\week 5\client\src\pages\DeleteLending\constants.js">
        <metrics statements="1" coveredstatements="1" conditionals="0" coveredconditionals="0" methods="0" coveredmethods="0"/>
        <line num="1" count="20" type="stmt"/>
      </file>
      <file name="index.jsx" path="D:\Fullstack engineer\Job\Main Job\PT PHINTRACO CONSULTING\learning\week 5\client\src\pages\DeleteLending\index.jsx">
        <metrics statements="15" coveredstatements="9" conditionals="8" coveredconditionals="4" methods="5" coveredmethods="1"/>
        <line num="17" count="1" type="stmt"/>
        <line num="18" count="1" type="stmt"/>
        <line num="19" count="1" type="stmt"/>
        <line num="20" count="1" type="stmt"/>
        <line num="26" count="1" type="stmt"/>
        <line num="28" count="1" type="stmt"/>
        <line num="29" count="0" type="stmt"/>
        <line num="31" count="0" type="stmt"/>
        <line num="32" count="0" type="stmt"/>
        <line num="33" count="0" type="stmt"/>
        <line num="34" count="0" type="stmt"/>
        <line num="38" count="1" type="stmt"/>
        <line num="84" count="0" type="stmt"/>
        <line num="102" count="1" type="stmt"/>
        <line num="106" count="1" type="stmt"/>
      </file>
      <file name="saga.js" path="D:\Fullstack engineer\Job\Main Job\PT PHINTRACO CONSULTING\learning\week 5\client\src\pages\DeleteLending\saga.js">
        <metrics statements="7" coveredstatements="1" conditionals="2" coveredconditionals="0" methods="2" coveredmethods="1"/>
        <line num="8" count="0" type="stmt"/>
        <line num="9" count="0" type="stmt"/>
        <line num="10" count="0" type="stmt"/>
        <line num="12" count="0" type="cond" truecount="0" falsecount="2"/>
        <line num="14" count="0" type="stmt"/>
        <line num="16" count="0" type="stmt"/>
        <line num="20" count="20" type="stmt"/>
      </file>
    </package>
    <package name="src.pages.EditBook">
      <metrics statements="68" coveredstatements="36" conditionals="37" coveredconditionals="17" methods="20" coveredmethods="9"/>
      <file name="actions.js" path="D:\Fullstack engineer\Job\Main Job\PT PHINTRACO CONSULTING\learning\week 5\client\src\pages\EditBook\actions.js">
        <metrics statements="3" coveredstatements="3" conditionals="0" coveredconditionals="0" methods="3" coveredmethods="1"/>
        <line num="3" count="20" type="stmt"/>
        <line num="10" count="20" type="stmt"/>
        <line num="16" count="20" type="stmt"/>
      </file>
      <file name="constants.js" path="D:\Fullstack engineer\Job\Main Job\PT PHINTRACO CONSULTING\learning\week 5\client\src\pages\EditBook\constants.js">
        <metrics statements="3" coveredstatements="3" conditionals="0" coveredconditionals="0" methods="0" coveredmethods="0"/>
        <line num="1" count="20" type="stmt"/>
        <line num="2" count="20" type="stmt"/>
        <line num="3" count="20" type="stmt"/>
      </file>
      <file name="index.jsx" path="D:\Fullstack engineer\Job\Main Job\PT PHINTRACO CONSULTING\learning\week 5\client\src\pages\EditBook\index.jsx">
        <metrics statements="36" coveredstatements="18" conditionals="27" coveredconditionals="15" methods="9" coveredmethods="2"/>
        <line num="19" count="1" type="cond" truecount="0" falsecount="1"/>
        <line num="20" count="1" type="stmt"/>
        <line num="22" count="1" type="stmt"/>
        <line num="23" count="1" type="stmt"/>
        <line num="24" count="1" type="stmt"/>
        <line num="26" count="1" type="stmt"/>
        <line num="27" count="1" type="stmt"/>
        <line num="28" count="1" type="stmt"/>
        <line num="29" count="1" type="stmt"/>
        <line num="35" count="1" type="stmt"/>
        <line num="37" count="1" type="stmt"/>
        <line num="38" count="0" type="stmt"/>
        <line num="39" count="0" type="stmt"/>
        <line num="40" count="0" type="stmt"/>
        <line num="43" count="1" type="stmt"/>
        <line num="44" count="1" type="stmt"/>
        <line num="46" count="0" type="stmt"/>
        <line num="51" count="1" type="stmt"/>
        <line num="52" count="0" type="stmt"/>
        <line num="53" count="0" type="stmt"/>
        <line num="54" count="0" type="stmt"/>
        <line num="55" count="0" type="stmt"/>
        <line num="56" count="0" type="stmt"/>
        <line num="57" count="0" type="stmt"/>
        <line num="58" count="0" type="stmt"/>
        <line num="59" count="0" type="stmt"/>
        <line num="61" count="0" type="stmt"/>
        <line num="62" count="0" type="stmt"/>
        <line num="63" count="0" type="stmt"/>
        <line num="68" count="1" type="cond" truecount="3" falsecount="1"/>
        <line num="69" count="0" type="stmt"/>
        <line num="71" count="1" type="stmt"/>
        <line num="156" count="0" type="stmt"/>
        <line num="187" count="0" type="stmt"/>
        <line num="201" count="1" type="stmt"/>
        <line num="207" count="1" type="stmt"/>
      </file>
      <file name="reducer.js" path="D:\Fullstack engineer\Job\Main Job\PT PHINTRACO CONSULTING\learning\week 5\client\src\pages\EditBook\reducer.js">
        <metrics statements="7" coveredstatements="5" conditionals="2" coveredconditionals="1" methods="2" coveredmethods="2"/>
        <line num="4" count="20" type="stmt"/>
        <line num="8" count="20" type="stmt"/>
        <line num="10" count="20" type="cond" truecount="1" falsecount="0"/>
        <line num="11" count="282" type="stmt"/>
        <line num="12" count="282" type="cond" truecount="0" falsecount="1"/>
        <line num="14" count="0" type="stmt"/>
        <line num="15" count="0" type="stmt"/>
      </file>
      <file name="saga.js" path="D:\Fullstack engineer\Job\Main Job\PT PHINTRACO CONSULTING\learning\week 5\client\src\pages\EditBook\saga.js">
        <metrics statements="17" coveredstatements="5" conditionals="6" coveredconditionals="0" methods="4" coveredmethods="2"/>
        <line num="9" count="0" type="stmt"/>
        <line num="10" count="0" type="stmt"/>
        <line num="11" count="0" type="stmt"/>
        <line num="13" count="0" type="cond" truecount="0" falsecount="2"/>
        <line num="15" count="0" type="stmt"/>
        <line num="16" count="0" type="stmt"/>
        <line num="18" count="0" type="stmt"/>
        <line num="22" count="2" type="stmt"/>
        <line num="23" count="2" type="stmt"/>
        <line num="24" count="2" type="stmt"/>
        <line num="25" count="0" type="cond" truecount="0" falsecount="2"/>
        <line num="26" count="0" type="stmt"/>
        <line num="28" count="0" type="stmt"/>
        <line num="30" count="0" type="stmt"/>
        <line num="34" count="20" type="stmt"/>
        <line num="35" count="20" type="stmt"/>
        <line num="43" count="0" type="cond" truecount="0" falsecount="2"/>
      </file>
      <file name="selectors.js" path="D:\Fullstack engineer\Job\Main Job\PT PHINTRACO CONSULTING\learning\week 5\client\src\pages\EditBook\selectors.js">
        <metrics statements="2" coveredstatements="2" conditionals="2" coveredconditionals="1" methods="2" coveredmethods="2"/>
        <line num="4" count="2" type="cond" truecount="1" falsecount="1"/>
        <line num="6" count="2" type="stmt"/>
      </file>
    </package>
    <package name="src.pages.EditProfileAdmin">
      <metrics statements="45" coveredstatements="22" conditionals="25" coveredconditionals="12" methods="11" coveredmethods="4"/>
      <file name="actions.js" path="D:\Fullstack engineer\Job\Main Job\PT PHINTRACO CONSULTING\learning\week 5\client\src\pages\EditProfileAdmin\actions.js">
        <metrics statements="1" coveredstatements="1" conditionals="0" coveredconditionals="0" methods="1" coveredmethods="0"/>
        <line num="3" count="2" type="stmt"/>
      </file>
      <file name="constants.js" path="D:\Fullstack engineer\Job\Main Job\PT PHINTRACO CONSULTING\learning\week 5\client\src\pages\EditProfileAdmin\constants.js">
        <metrics statements="1" coveredstatements="1" conditionals="0" coveredconditionals="0" methods="0" coveredmethods="0"/>
        <line num="1" count="20" type="stmt"/>
      </file>
      <file name="index.jsx" path="D:\Fullstack engineer\Job\Main Job\PT PHINTRACO CONSULTING\learning\week 5\client\src\pages\EditProfileAdmin\index.jsx">
        <metrics statements="26" coveredstatements="13" conditionals="18" coveredconditionals="10" methods="6" coveredmethods="1"/>
        <line num="19" count="1" type="stmt"/>
        <line num="20" count="1" type="stmt"/>
        <line num="21" count="1" type="stmt"/>
        <line num="22" count="1" type="stmt"/>
        <line num="24" count="1" type="stmt"/>
        <line num="25" count="1" type="stmt"/>
        <line num="26" count="1" type="stmt"/>
        <line num="32" count="1" type="stmt"/>
        <line num="34" count="1" type="stmt"/>
        <line num="35" count="0" type="stmt"/>
        <line num="36" count="0" type="stmt"/>
        <line num="37" count="0" type="stmt"/>
        <line num="40" count="1" type="stmt"/>
        <line num="41" count="0" type="stmt"/>
        <line num="42" count="0" type="stmt"/>
        <line num="43" count="0" type="stmt"/>
        <line num="44" count="0" type="stmt"/>
        <line num="45" count="0" type="stmt"/>
        <line num="47" count="0" type="stmt"/>
        <line num="49" count="0" type="stmt"/>
        <line num="50" count="0" type="stmt"/>
        <line num="51" count="0" type="stmt"/>
        <line num="55" count="1" type="stmt"/>
        <line num="69" count="0" type="stmt"/>
        <line num="184" count="1" type="stmt"/>
        <line num="188" count="1" type="stmt"/>
      </file>
      <file name="reducer.js" path="D:\Fullstack engineer\Job\Main Job\PT PHINTRACO CONSULTING\learning\week 5\client\src\pages\EditProfileAdmin\reducer.js">
        <metrics statements="8" coveredstatements="6" conditionals="3" coveredconditionals="2" methods="2" coveredmethods="2"/>
        <line num="4" count="20" type="stmt"/>
        <line num="8" count="20" type="stmt"/>
        <line num="10" count="20" type="cond" truecount="1" falsecount="0"/>
        <line num="11" count="282" type="stmt"/>
        <line num="12" count="282" type="cond" truecount="1" falsecount="1"/>
        <line num="14" count="0" type="stmt"/>
        <line num="15" count="0" type="stmt"/>
        <line num="17" count="282" type="stmt"/>
      </file>
      <file name="saga.js" path="D:\Fullstack engineer\Job\Main Job\PT PHINTRACO CONSULTING\learning\week 5\client\src\pages\EditProfileAdmin\saga.js">
        <metrics statements="9" coveredstatements="1" conditionals="4" coveredconditionals="0" methods="2" coveredmethods="1"/>
        <line num="8" count="0" type="stmt"/>
        <line num="9" count="0" type="stmt"/>
        <line num="10" count="0" type="stmt"/>
        <line num="12" count="0" type="cond" truecount="0" falsecount="2"/>
        <line num="13" count="0" type="stmt"/>
        <line num="15" count="0" type="cond" truecount="0" falsecount="2"/>
        <line num="17" count="0" type="stmt"/>
        <line num="19" count="0" type="stmt"/>
        <line num="23" count="20" type="stmt"/>
      </file>
    </package>
    <package name="src.pages.EditUser">
      <metrics statements="65" coveredstatements="36" conditionals="37" coveredconditionals="17" methods="19" coveredmethods="9"/>
      <file name="actions.js" path="D:\Fullstack engineer\Job\Main Job\PT PHINTRACO CONSULTING\learning\week 5\client\src\pages\EditUser\actions.js">
        <metrics statements="3" coveredstatements="3" conditionals="0" coveredconditionals="0" methods="3" coveredmethods="1"/>
        <line num="3" count="20" type="stmt"/>
        <line num="10" count="20" type="stmt"/>
        <line num="16" count="20" type="stmt"/>
      </file>
      <file name="constants.js" path="D:\Fullstack engineer\Job\Main Job\PT PHINTRACO CONSULTING\learning\week 5\client\src\pages\EditUser\constants.js">
        <metrics statements="3" coveredstatements="3" conditionals="0" coveredconditionals="0" methods="0" coveredmethods="0"/>
        <line num="1" count="20" type="stmt"/>
        <line num="3" count="20" type="stmt"/>
        <line num="5" count="20" type="stmt"/>
      </file>
      <file name="index.jsx" path="D:\Fullstack engineer\Job\Main Job\PT PHINTRACO CONSULTING\learning\week 5\client\src\pages\EditUser\index.jsx">
        <metrics statements="33" coveredstatements="18" conditionals="27" coveredconditionals="15" methods="8" coveredmethods="2"/>
        <line num="18" count="1" type="cond" truecount="0" falsecount="1"/>
        <line num="19" count="1" type="stmt"/>
        <line num="20" count="1" type="stmt"/>
        <line num="21" count="1" type="stmt"/>
        <line num="22" count="1" type="stmt"/>
        <line num="23" count="1" type="stmt"/>
        <line num="24" count="1" type="stmt"/>
        <line num="26" count="1" type="stmt"/>
        <line num="27" count="1" type="stmt"/>
        <line num="29" count="1" type="stmt"/>
        <line num="30" count="1" type="stmt"/>
        <line num="32" count="0" type="stmt"/>
        <line num="41" count="1" type="stmt"/>
        <line num="43" count="1" type="stmt"/>
        <line num="44" count="0" type="stmt"/>
        <line num="45" count="0" type="stmt"/>
        <line num="46" count="0" type="stmt"/>
        <line num="49" count="1" type="stmt"/>
        <line num="50" count="0" type="stmt"/>
        <line num="51" count="0" type="stmt"/>
        <line num="52" count="0" type="stmt"/>
        <line num="53" count="0" type="stmt"/>
        <line num="54" count="0" type="stmt"/>
        <line num="56" count="0" type="stmt"/>
        <line num="58" count="0" type="stmt"/>
        <line num="59" count="0" type="stmt"/>
        <line num="60" count="0" type="stmt"/>
        <line num="65" count="1" type="cond" truecount="3" falsecount="1"/>
        <line num="66" count="0" type="stmt"/>
        <line num="68" count="1" type="stmt"/>
        <line num="82" count="0" type="stmt"/>
        <line num="187" count="1" type="stmt"/>
        <line num="192" count="1" type="stmt"/>
      </file>
      <file name="reducer.js" path="D:\Fullstack engineer\Job\Main Job\PT PHINTRACO CONSULTING\learning\week 5\client\src\pages\EditUser\reducer.js">
        <metrics statements="7" coveredstatements="5" conditionals="2" coveredconditionals="1" methods="2" coveredmethods="2"/>
        <line num="4" count="20" type="stmt"/>
        <line num="8" count="20" type="stmt"/>
        <line num="10" count="20" type="cond" truecount="1" falsecount="0"/>
        <line num="11" count="282" type="stmt"/>
        <line num="12" count="282" type="cond" truecount="0" falsecount="1"/>
        <line num="14" count="0" type="stmt"/>
        <line num="15" count="0" type="stmt"/>
      </file>
      <file name="saga.js" path="D:\Fullstack engineer\Job\Main Job\PT PHINTRACO CONSULTING\learning\week 5\client\src\pages\EditUser\saga.js">
        <metrics statements="17" coveredstatements="5" conditionals="6" coveredconditionals="0" methods="4" coveredmethods="2"/>
        <line num="9" count="0" type="stmt"/>
        <line num="10" count="0" type="stmt"/>
        <line num="11" count="0" type="stmt"/>
        <line num="13" count="0" type="cond" truecount="0" falsecount="2"/>
        <line num="15" count="0" type="stmt"/>
        <line num="16" count="0" type="stmt"/>
        <line num="18" count="0" type="stmt"/>
        <line num="22" count="1" type="stmt"/>
        <line num="23" count="1" type="stmt"/>
        <line num="24" count="1" type="stmt"/>
        <line num="26" count="0" type="cond" truecount="0" falsecount="2"/>
        <line num="27" count="0" type="stmt"/>
        <line num="29" count="0" type="stmt"/>
        <line num="31" count="0" type="stmt"/>
        <line num="35" count="20" type="stmt"/>
        <line num="36" count="20" type="stmt"/>
        <line num="44" count="0" type="cond" truecount="0" falsecount="2"/>
      </file>
      <file name="selectors.js" path="D:\Fullstack engineer\Job\Main Job\PT PHINTRACO CONSULTING\learning\week 5\client\src\pages\EditUser\selectors.js">
        <metrics statements="2" coveredstatements="2" conditionals="2" coveredconditionals="1" methods="2" coveredmethods="2"/>
        <line num="4" count="1" type="cond" truecount="1" falsecount="1"/>
        <line num="6" count="1" type="stmt"/>
      </file>
    </package>
    <package name="src.pages.LendingList">
      <metrics statements="36" coveredstatements="27" conditionals="16" coveredconditionals="5" methods="13" coveredmethods="10"/>
      <file name="actions.js" path="D:\Fullstack engineer\Job\Main Job\PT PHINTRACO CONSULTING\learning\week 5\client\src\pages\LendingList\actions.js">
        <metrics statements="2" coveredstatements="2" conditionals="0" coveredconditionals="0" methods="2" coveredmethods="1"/>
        <line num="3" count="20" type="stmt"/>
        <line num="8" count="20" type="stmt"/>
      </file>
      <file name="constants.js" path="D:\Fullstack engineer\Job\Main Job\PT PHINTRACO CONSULTING\learning\week 5\client\src\pages\LendingList\constants.js">
        <metrics statements="2" coveredstatements="2" conditionals="0" coveredconditionals="0" methods="0" coveredmethods="0"/>
        <line num="1" count="20" type="stmt"/>
        <line num="2" count="20" type="stmt"/>
      </file>
      <file name="index.jsx" path="D:\Fullstack engineer\Job\Main Job\PT PHINTRACO CONSULTING\learning\week 5\client\src\pages\LendingList\index.jsx">
        <metrics statements="15" coveredstatements="12" conditionals="10" coveredconditionals="3" methods="5" coveredmethods="3"/>
        <line num="16" count="1" type="stmt"/>
        <line num="17" count="1" type="stmt"/>
        <line num="18" count="1" type="stmt"/>
        <line num="19" count="1" type="stmt"/>
        <line num="20" count="1" type="stmt"/>
        <line num="21" count="1" type="stmt"/>
        <line num="22" count="1" type="stmt"/>
        <line num="24" count="0" type="stmt"/>
        <line num="29" count="1" type="cond" truecount="1" falsecount="1"/>
        <line num="30" count="1" type="stmt"/>
        <line num="33" count="0" type="stmt"/>
        <line num="48" count="0" type="stmt"/>
        <line num="90" count="1" type="stmt"/>
        <line num="94" count="1" type="stmt"/>
        <line num="105" count="2" type="cond" truecount="2" falsecount="0"/>
      </file>
      <file name="reducer.js" path="D:\Fullstack engineer\Job\Main Job\PT PHINTRACO CONSULTING\learning\week 5\client\src\pages\LendingList\reducer.js">
        <metrics statements="7" coveredstatements="5" conditionals="2" coveredconditionals="1" methods="2" coveredmethods="2"/>
        <line num="4" count="20" type="stmt"/>
        <line num="8" count="20" type="stmt"/>
        <line num="10" count="20" type="cond" truecount="1" falsecount="0"/>
        <line num="11" count="282" type="stmt"/>
        <line num="12" count="282" type="cond" truecount="0" falsecount="1"/>
        <line num="14" count="0" type="stmt"/>
        <line num="15" count="0" type="stmt"/>
      </file>
      <file name="saga.js" path="D:\Fullstack engineer\Job\Main Job\PT PHINTRACO CONSULTING\learning\week 5\client\src\pages\LendingList\saga.js">
        <metrics statements="8" coveredstatements="4" conditionals="2" coveredconditionals="0" methods="2" coveredmethods="2"/>
        <line num="9" count="1" type="stmt"/>
        <line num="10" count="1" type="stmt"/>
        <line num="11" count="1" type="stmt"/>
        <line num="12" count="0" type="cond" truecount="0" falsecount="2"/>
        <line num="13" count="0" type="stmt"/>
        <line num="15" count="0" type="stmt"/>
        <line num="17" count="0" type="stmt"/>
        <line num="21" count="20" type="stmt"/>
      </file>
      <file name="selectors.js" path="D:\Fullstack engineer\Job\Main Job\PT PHINTRACO CONSULTING\learning\week 5\client\src\pages\LendingList\selectors.js">
        <metrics statements="2" coveredstatements="2" conditionals="2" coveredconditionals="1" methods="2" coveredmethods="2"/>
        <line num="4" count="1" type="cond" truecount="1" falsecount="1"/>
        <line num="6" count="1" type="stmt"/>
      </file>
    </package>
    <package name="src.pages.Login">
      <metrics statements="30" coveredstatements="11" conditionals="20" coveredconditionals="6" methods="10" coveredmethods="2"/>
      <file name="actions.js" path="D:\Fullstack engineer\Job\Main Job\PT PHINTRACO CONSULTING\learning\week 5\client\src\pages\Login\actions.js">
        <metrics statements="1" coveredstatements="1" conditionals="0" coveredconditionals="0" methods="1" coveredmethods="0"/>
        <line num="3" count="1" type="stmt"/>
      </file>
      <file name="constants.js" path="D:\Fullstack engineer\Job\Main Job\PT PHINTRACO CONSULTING\learning\week 5\client\src\pages\Login\constants.js">
        <metrics statements="1" coveredstatements="1" conditionals="0" coveredconditionals="0" methods="0" coveredmethods="0"/>
        <line num="1" count="20" type="stmt"/>
      </file>
      <file name="index.jsx" path="D:\Fullstack engineer\Job\Main Job\PT PHINTRACO CONSULTING\learning\week 5\client\src\pages\Login\index.jsx">
        <metrics statements="17" coveredstatements="8" conditionals="16" coveredconditionals="6" methods="7" coveredmethods="1"/>
        <line num="15" count="1" type="stmt"/>
        <line num="16" count="1" type="stmt"/>
        <line num="17" count="1" type="stmt"/>
        <line num="18" count="1" type="stmt"/>
        <line num="19" count="1" type="stmt"/>
        <line num="25" count="1" type="stmt"/>
        <line num="27" count="1" type="stmt"/>
        <line num="28" count="0" type="stmt"/>
        <line num="29" count="0" type="stmt"/>
        <line num="33" count="0" type="stmt"/>
        <line num="34" count="0" type="stmt"/>
        <line num="35" count="0" type="cond" truecount="0" falsecount="4"/>
        <line num="36" count="0" type="stmt"/>
        <line num="38" count="0" type="stmt"/>
        <line num="42" count="0" type="stmt"/>
        <line num="48" count="1" type="stmt"/>
        <line num="89" count="0" type="stmt"/>
      </file>
      <file name="saga.js" path="D:\Fullstack engineer\Job\Main Job\PT PHINTRACO CONSULTING\learning\week 5\client\src\pages\Login\saga.js">
        <metrics statements="11" coveredstatements="1" conditionals="4" coveredconditionals="0" methods="2" coveredmethods="1"/>
        <line num="8" count="0" type="stmt"/>
        <line num="9" count="0" type="stmt"/>
        <line num="10" count="0" type="stmt"/>
        <line num="12" count="0" type="stmt"/>
        <line num="13" count="0" type="stmt"/>
        <line num="14" count="0" type="stmt"/>
        <line num="16" count="0" type="cond" truecount="0" falsecount="2"/>
        <line num="18" count="0" type="cond" truecount="0" falsecount="2"/>
        <line num="19" count="0" type="stmt"/>
        <line num="21" count="0" type="stmt"/>
        <line num="25" count="20" type="stmt"/>
      </file>
    </package>
    <package name="src.pages.MyLending">
      <metrics statements="35" coveredstatements="24" conditionals="16" coveredconditionals="3" methods="13" coveredmethods="9"/>
      <file name="actions.js" path="D:\Fullstack engineer\Job\Main Job\PT PHINTRACO CONSULTING\learning\week 5\client\src\pages\MyLending\actions.js">
        <metrics statements="2" coveredstatements="2" conditionals="0" coveredconditionals="0" methods="2" coveredmethods="1"/>
        <line num="3" count="20" type="stmt"/>
        <line num="8" count="20" type="stmt"/>
      </file>
      <file name="constants.js" path="D:\Fullstack engineer\Job\Main Job\PT PHINTRACO CONSULTING\learning\week 5\client\src\pages\MyLending\constants.js">
        <metrics statements="2" coveredstatements="2" conditionals="0" coveredconditionals="0" methods="0" coveredmethods="0"/>
        <line num="1" count="20" type="stmt"/>
        <line num="2" count="20" type="stmt"/>
      </file>
      <file name="index.jsx" path="D:\Fullstack engineer\Job\Main Job\PT PHINTRACO CONSULTING\learning\week 5\client\src\pages\MyLending\index.jsx">
        <metrics statements="12" coveredstatements="9" conditionals="8" coveredconditionals="1" methods="4" coveredmethods="2"/>
        <line num="15" count="1" type="stmt"/>
        <line num="16" count="1" type="stmt"/>
        <line num="17" count="1" type="stmt"/>
        <line num="19" count="1" type="stmt"/>
        <line num="20" count="1" type="stmt"/>
        <line num="22" count="0" type="stmt"/>
        <line num="27" count="1" type="cond" truecount="1" falsecount="1"/>
        <line num="28" count="1" type="stmt"/>
        <line num="31" count="0" type="stmt"/>
        <line num="45" count="0" type="stmt"/>
        <line num="89" count="1" type="stmt"/>
        <line num="93" count="1" type="stmt"/>
      </file>
      <file name="reducer.js" path="D:\Fullstack engineer\Job\Main Job\PT PHINTRACO CONSULTING\learning\week 5\client\src\pages\MyLending\reducer.js">
        <metrics statements="7" coveredstatements="5" conditionals="2" coveredconditionals="1" methods="2" coveredmethods="2"/>
        <line num="4" count="20" type="stmt"/>
        <line num="8" count="20" type="stmt"/>
        <line num="10" count="20" type="cond" truecount="1" falsecount="0"/>
        <line num="11" count="282" type="stmt"/>
        <line num="12" count="282" type="cond" truecount="0" falsecount="1"/>
        <line num="14" count="0" type="stmt"/>
        <line num="15" count="0" type="stmt"/>
      </file>
      <file name="saga.js" path="D:\Fullstack engineer\Job\Main Job\PT PHINTRACO CONSULTING\learning\week 5\client\src\pages\MyLending\saga.js">
        <metrics statements="10" coveredstatements="4" conditionals="4" coveredconditionals="0" methods="3" coveredmethods="2"/>
        <line num="9" count="1" type="stmt"/>
        <line num="10" count="1" type="stmt"/>
        <line num="11" count="1" type="stmt"/>
        <line num="12" count="0" type="stmt"/>
        <line num="13" count="0" type="cond" truecount="0" falsecount="2"/>
        <line num="15" count="0" type="stmt"/>
        <line num="17" count="0" type="stmt"/>
        <line num="19" count="0" type="stmt"/>
        <line num="23" count="20" type="stmt"/>
        <line num="31" count="0" type="cond" truecount="0" falsecount="2"/>
      </file>
      <file name="selectors.js" path="D:\Fullstack engineer\Job\Main Job\PT PHINTRACO CONSULTING\learning\week 5\client\src\pages\MyLending\selectors.js">
        <metrics statements="2" coveredstatements="2" conditionals="2" coveredconditionals="1" methods="2" coveredmethods="2"/>
        <line num="4" count="1" type="cond" truecount="1" falsecount="1"/>
        <line num="6" count="1" type="stmt"/>
      </file>
    </package>
    <package name="src.pages.Profile">
      <metrics statements="26" coveredstatements="13" conditionals="14" coveredconditionals="8" methods="6" coveredmethods="1"/>
      <file name="index.jsx" path="D:\Fullstack engineer\Job\Main Job\PT PHINTRACO CONSULTING\learning\week 5\client\src\pages\Profile\index.jsx">
        <metrics statements="26" coveredstatements="13" conditionals="14" coveredconditionals="8" methods="6" coveredmethods="1"/>
        <line num="18" count="1" type="stmt"/>
        <line num="19" count="1" type="stmt"/>
        <line num="20" count="1" type="stmt"/>
        <line num="21" count="1" type="stmt"/>
        <line num="23" count="1" type="stmt"/>
        <line num="24" count="1" type="stmt"/>
        <line num="25" count="1" type="stmt"/>
        <line num="31" count="1" type="stmt"/>
        <line num="33" count="1" type="stmt"/>
        <line num="34" count="0" type="stmt"/>
        <line num="35" count="0" type="stmt"/>
        <line num="36" count="0" type="stmt"/>
        <line num="39" count="1" type="stmt"/>
        <line num="40" count="0" type="stmt"/>
        <line num="41" count="0" type="stmt"/>
        <line num="42" count="0" type="stmt"/>
        <line num="43" count="0" type="stmt"/>
        <line num="44" count="0" type="stmt"/>
        <line num="46" count="0" type="stmt"/>
        <line num="48" count="0" type="stmt"/>
        <line num="49" count="0" type="stmt"/>
        <line num="50" count="0" type="stmt"/>
        <line num="55" count="1" type="stmt"/>
        <line num="61" count="0" type="stmt"/>
        <line num="173" count="1" type="stmt"/>
        <line num="177" count="1" type="stmt"/>
      </file>
    </package>
    <package name="src.pages.RegisterAdmin">
      <metrics statements="24" coveredstatements="12" conditionals="28" coveredconditionals="12" methods="8" coveredmethods="2"/>
      <file name="actions.js" path="D:\Fullstack engineer\Job\Main Job\PT PHINTRACO CONSULTING\learning\week 5\client\src\pages\RegisterAdmin\actions.js">
        <metrics statements="1" coveredstatements="1" conditionals="0" coveredconditionals="0" methods="1" coveredmethods="0"/>
        <line num="3" count="1" type="stmt"/>
      </file>
      <file name="constants.js" path="D:\Fullstack engineer\Job\Main Job\PT PHINTRACO CONSULTING\learning\week 5\client\src\pages\RegisterAdmin\constants.js">
        <metrics statements="1" coveredstatements="1" conditionals="0" coveredconditionals="0" methods="0" coveredmethods="0"/>
        <line num="1" count="20" type="stmt"/>
      </file>
      <file name="index.jsx" path="D:\Fullstack engineer\Job\Main Job\PT PHINTRACO CONSULTING\learning\week 5\client\src\pages\RegisterAdmin\index.jsx">
        <metrics statements="15" coveredstatements="9" conditionals="26" coveredconditionals="12" methods="5" coveredmethods="1"/>
        <line num="16" count="1" type="stmt"/>
        <line num="17" count="1" type="stmt"/>
        <line num="18" count="1" type="stmt"/>
        <line num="19" count="1" type="stmt"/>
        <line num="26" count="1" type="stmt"/>
        <line num="28" count="1" type="stmt"/>
        <line num="29" count="0" type="stmt"/>
        <line num="31" count="0" type="stmt"/>
        <line num="33" count="0" type="stmt"/>
        <line num="34" count="0" type="stmt"/>
        <line num="35" count="0" type="stmt"/>
        <line num="40" count="1" type="stmt"/>
        <line num="148" count="0" type="cond" truecount="0" falsecount="2"/>
        <line num="165" count="1" type="stmt"/>
        <line num="169" count="1" type="stmt"/>
      </file>
      <file name="saga.js" path="D:\Fullstack engineer\Job\Main Job\PT PHINTRACO CONSULTING\learning\week 5\client\src\pages\RegisterAdmin\saga.js">
        <metrics statements="7" coveredstatements="1" conditionals="2" coveredconditionals="0" methods="2" coveredmethods="1"/>
        <line num="8" count="0" type="stmt"/>
        <line num="9" count="0" type="stmt"/>
        <line num="10" count="0" type="stmt"/>
        <line num="12" count="0" type="cond" truecount="0" falsecount="2"/>
        <line num="14" count="0" type="stmt"/>
        <line num="16" count="0" type="stmt"/>
        <line num="20" count="20" type="stmt"/>
      </file>
    </package>
    <package name="src.pages.RegisterBook">
      <metrics statements="40" coveredstatements="16" conditionals="30" coveredconditionals="14" methods="10" coveredmethods="2"/>
      <file name="actions.js" path="D:\Fullstack engineer\Job\Main Job\PT PHINTRACO CONSULTING\learning\week 5\client\src\pages\RegisterBook\actions.js">
        <metrics statements="1" coveredstatements="1" conditionals="0" coveredconditionals="0" methods="1" coveredmethods="0"/>
        <line num="3" count="1" type="stmt"/>
      </file>
      <file name="constants.js" path="D:\Fullstack engineer\Job\Main Job\PT PHINTRACO CONSULTING\learning\week 5\client\src\pages\RegisterBook\constants.js">
        <metrics statements="1" coveredstatements="1" conditionals="0" coveredconditionals="0" methods="0" coveredmethods="0"/>
        <line num="1" count="20" type="stmt"/>
      </file>
      <file name="index.jsx" path="D:\Fullstack engineer\Job\Main Job\PT PHINTRACO CONSULTING\learning\week 5\client\src\pages\RegisterBook\index.jsx">
        <metrics statements="29" coveredstatements="13" conditionals="26" coveredconditionals="14" methods="7" coveredmethods="1"/>
        <line num="17" count="1" type="stmt"/>
        <line num="18" count="2" type="stmt"/>
        <line num="20" count="2" type="stmt"/>
        <line num="21" count="2" type="stmt"/>
        <line num="22" count="2" type="stmt"/>
        <line num="24" count="2" type="stmt"/>
        <line num="25" count="2" type="stmt"/>
        <line num="31" count="2" type="stmt"/>
        <line num="33" count="2" type="stmt"/>
        <line num="34" count="0" type="stmt"/>
        <line num="35" count="0" type="stmt"/>
        <line num="36" count="0" type="stmt"/>
        <line num="39" count="2" type="stmt"/>
        <line num="40" count="0" type="stmt"/>
        <line num="41" count="0" type="stmt"/>
        <line num="42" count="0" type="stmt"/>
        <line num="43" count="0" type="stmt"/>
        <line num="44" count="0" type="stmt"/>
        <line num="45" count="0" type="stmt"/>
        <line num="46" count="0" type="stmt"/>
        <line num="48" count="0" type="stmt"/>
        <line num="50" count="0" type="stmt"/>
        <line num="51" count="0" type="stmt"/>
        <line num="52" count="0" type="stmt"/>
        <line num="57" count="2" type="stmt"/>
        <line num="134" count="0" type="stmt"/>
        <line num="171" count="0" type="stmt"/>
        <line num="186" count="1" type="stmt"/>
        <line num="193" count="1" type="stmt"/>
      </file>
      <file name="saga.js" path="D:\Fullstack engineer\Job\Main Job\PT PHINTRACO CONSULTING\learning\week 5\client\src\pages\RegisterBook\saga.js">
        <metrics statements="9" coveredstatements="1" conditionals="4" coveredconditionals="0" methods="2" coveredmethods="1"/>
        <line num="8" count="0" type="stmt"/>
        <line num="10" count="0" type="stmt"/>
        <line num="11" count="0" type="stmt"/>
        <line num="13" count="0" type="cond" truecount="0" falsecount="2"/>
        <line num="15" count="0" type="cond" truecount="0" falsecount="2"/>
        <line num="16" count="0" type="stmt"/>
        <line num="18" count="0" type="stmt"/>
        <line num="21" count="0" type="stmt"/>
        <line num="25" count="20" type="stmt"/>
      </file>
    </package>
    <package name="src.pages.RegisterCustomer">
      <metrics statements="26" coveredstatements="12" conditionals="30" coveredconditionals="12" methods="9" coveredmethods="2"/>
      <file name="actions.js" path="D:\Fullstack engineer\Job\Main Job\PT PHINTRACO CONSULTING\learning\week 5\client\src\pages\RegisterCustomer\actions.js">
        <metrics statements="1" coveredstatements="1" conditionals="0" coveredconditionals="0" methods="1" coveredmethods="0"/>
        <line num="3" count="1" type="stmt"/>
      </file>
      <file name="constants.js" path="D:\Fullstack engineer\Job\Main Job\PT PHINTRACO CONSULTING\learning\week 5\client\src\pages\RegisterCustomer\constants.js">
        <metrics statements="1" coveredstatements="1" conditionals="0" coveredconditionals="0" methods="0" coveredmethods="0"/>
        <line num="1" count="20" type="stmt"/>
      </file>
      <file name="index.jsx" path="D:\Fullstack engineer\Job\Main Job\PT PHINTRACO CONSULTING\learning\week 5\client\src\pages\RegisterCustomer\index.jsx">
        <metrics statements="17" coveredstatements="9" conditionals="28" coveredconditionals="12" methods="6" coveredmethods="1"/>
        <line num="17" count="1" type="stmt"/>
        <line num="18" count="1" type="stmt"/>
        <line num="19" count="1" type="stmt"/>
        <line num="20" count="1" type="stmt"/>
        <line num="27" count="1" type="stmt"/>
        <line num="29" count="1" type="stmt"/>
        <line num="30" count="0" type="stmt"/>
        <line num="31" count="0" type="stmt"/>
        <line num="33" count="0" type="stmt"/>
        <line num="35" count="0" type="stmt"/>
        <line num="36" count="0" type="stmt"/>
        <line num="37" count="0" type="stmt"/>
        <line num="42" count="1" type="stmt"/>
        <line num="153" count="0" type="cond" truecount="0" falsecount="2"/>
        <line num="170" count="1" type="stmt"/>
        <line num="174" count="1" type="stmt"/>
        <line num="185" count="0" type="cond" truecount="0" falsecount="2"/>
      </file>
      <file name="saga.js" path="D:\Fullstack engineer\Job\Main Job\PT PHINTRACO CONSULTING\learning\week 5\client\src\pages\RegisterCustomer\saga.js">
        <metrics statements="7" coveredstatements="1" conditionals="2" coveredconditionals="0" methods="2" coveredmethods="1"/>
        <line num="8" count="0" type="stmt"/>
        <line num="9" count="0" type="stmt"/>
        <line num="10" count="0" type="stmt"/>
        <line num="12" count="0" type="cond" truecount="0" falsecount="2"/>
        <line num="14" count="0" type="stmt"/>
        <line num="16" count="0" type="stmt"/>
        <line num="20" count="20" type="stmt"/>
      </file>
    </package>
    <package name="src.pages.RegisterLending">
      <metrics statements="27" coveredstatements="12" conditionals="14" coveredconditionals="4" methods="10" coveredmethods="2"/>
      <file name="actions.js" path="D:\Fullstack engineer\Job\Main Job\PT PHINTRACO CONSULTING\learning\week 5\client\src\pages\RegisterLending\actions.js">
        <metrics statements="1" coveredstatements="1" conditionals="0" coveredconditionals="0" methods="1" coveredmethods="0"/>
        <line num="3" count="1" type="stmt"/>
      </file>
      <file name="constants.js" path="D:\Fullstack engineer\Job\Main Job\PT PHINTRACO CONSULTING\learning\week 5\client\src\pages\RegisterLending\constants.js">
        <metrics statements="1" coveredstatements="1" conditionals="0" coveredconditionals="0" methods="0" coveredmethods="0"/>
        <line num="1" count="20" type="stmt"/>
      </file>
      <file name="index.jsx" path="D:\Fullstack engineer\Job\Main Job\PT PHINTRACO CONSULTING\learning\week 5\client\src\pages\RegisterLending\index.jsx">
        <metrics statements="16" coveredstatements="9" conditionals="10" coveredconditionals="4" methods="6" coveredmethods="1"/>
        <line num="16" count="1" type="stmt"/>
        <line num="17" count="1" type="stmt"/>
        <line num="18" count="1" type="stmt"/>
        <line num="19" count="1" type="stmt"/>
        <line num="25" count="1" type="stmt"/>
        <line num="27" count="1" type="stmt"/>
        <line num="28" count="0" type="stmt"/>
        <line num="29" count="0" type="stmt"/>
        <line num="31" count="0" type="stmt"/>
        <line num="32" count="0" type="stmt"/>
        <line num="33" count="0" type="stmt"/>
        <line num="37" count="1" type="stmt"/>
        <line num="83" count="0" type="stmt"/>
        <line num="101" count="1" type="stmt"/>
        <line num="105" count="1" type="stmt"/>
        <line num="116" count="0" type="cond" truecount="0" falsecount="2"/>
      </file>
      <file name="saga.js" path="D:\Fullstack engineer\Job\Main Job\PT PHINTRACO CONSULTING\learning\week 5\client\src\pages\RegisterLending\saga.js">
        <metrics statements="9" coveredstatements="1" conditionals="4" coveredconditionals="0" methods="3" coveredmethods="1"/>
        <line num="8" count="0" type="stmt"/>
        <line num="9" count="0" type="stmt"/>
        <line num="10" count="0" type="stmt"/>
        <line num="11" count="0" type="stmt"/>
        <line num="13" count="0" type="cond" truecount="0" falsecount="2"/>
        <line num="15" count="0" type="stmt"/>
        <line num="17" count="0" type="stmt"/>
        <line num="21" count="20" type="stmt"/>
        <line num="29" count="0" type="cond" truecount="0" falsecount="2"/>
      </file>
    </package>
    <package name="src.utils">
      <metrics statements="22" coveredstatements="9" conditionals="6" coveredconditionals="1" methods="6" coveredmethods="2"/>
      <file name="encrypt.js" path="D:\Fullstack engineer\Job\Main Job\PT PHINTRACO CONSULTING\learning\week 5\client\src\utils\encrypt.js">
        <metrics statements="7" coveredstatements="1" conditionals="4" coveredconditionals="0" methods="1" coveredmethods="0"/>
        <line num="4" count="3" type="stmt"/>
        <line num="5" count="0" type="stmt"/>
        <line num="6" count="0" type="cond" truecount="0" falsecount="2"/>
        <line num="7" count="0" type="stmt"/>
        <line num="9" count="0" type="cond" truecount="0" falsecount="2"/>
        <line num="10" count="0" type="stmt"/>
        <line num="13" count="0" type="stmt"/>
      </file>
      <file name="logout.js" path="D:\Fullstack engineer\Job\Main Job\PT PHINTRACO CONSULTING\learning\week 5\client\src\utils\logout.js">
        <metrics statements="5" coveredstatements="1" conditionals="0" coveredconditionals="0" methods="1" coveredmethods="0"/>
        <line num="3" count="5" type="stmt"/>
        <line num="4" count="0" type="stmt"/>
        <line num="5" count="0" type="stmt"/>
        <line num="6" count="0" type="stmt"/>
        <line num="7" count="0" type="stmt"/>
      </file>
      <file name="request.js" path="D:\Fullstack engineer\Job\Main Job\PT PHINTRACO CONSULTING\learning\week 5\client\src\utils\request.js">
        <metrics statements="10" coveredstatements="7" conditionals="2" coveredconditionals="1" methods="4" coveredmethods="2"/>
        <line num="5" count="20" type="stmt"/>
        <line num="6" count="16" type="stmt"/>
        <line num="7" count="16" type="stmt"/>
        <line num="8" count="16" type="cond" truecount="1" falsecount="1"/>
        <line num="9" count="0" type="stmt"/>
        <line num="11" count="16" type="stmt"/>
        <line num="14" count="20" type="stmt"/>
        <line num="15" count="0" type="stmt"/>
        <line num="16" count="0" type="stmt"/>
        <line num="19" count="20" type="stmt"/>
      </file>
    </package>
  </project>
</coverage>
