{"D:\\Fullstack engineer\\Job\\Main Job\\PT PHINTRACO CONSULTING\\learning\\week 5\\client\\config\\development.js": {"path":"D:\\Fullstack engineer\\Job\\Main Job\\PT PHINTRACO CONSULTING\\learning\\week 5\\client\\config\\development.js","statementMap":{},"fnMap":{},"branchMap":{},"s":{},"f":{},"b":{},"_coverageSchema":"1a1c01bbd47fc00a2c39e90264f33305004495a9","hash":"5557891080256623197dc1f33d4e99aa7751a0d2"}
,"D:\\Fullstack engineer\\Job\\Main Job\\PT PHINTRACO CONSULTING\\learning\\week 5\\client\\config\\index.js": {"path":"D:\\Fullstack engineer\\Job\\Main Job\\PT PHINTRACO CONSULTING\\learning\\week 5\\client\\config\\index.js","statementMap":{"0":{"start":{"line":5,"column":16},"end":{"line":5,"column":53}},"1":{"start":{"line":7,"column":12},"end":{"line":7,"column":54}},"2":{"start":{"line":9,"column":15},"end":{"line":18,"column":1}}},"fnMap":{},"branchMap":{"0":{"loc":{"start":{"line":5,"column":16},"end":{"line":5,"column":53}},"type":"binary-expr","locations":[{"start":{"line":5,"column":16},"end":{"line":5,"column":36}},{"start":{"line":5,"column":40},"end":{"line":5,"column":53}}],"line":5}},"s":{"0":21,"1":21,"2":21},"f":{},"b":{"0":[21,0]},"_coverageSchema":"1a1c01bbd47fc00a2c39e90264f33305004495a9","hash":"260d3fae6a3d69ca5cb250ef06205d658b397eba"}
,"D:\\Fullstack engineer\\Job\\Main Job\\PT PHINTRACO CONSULTING\\learning\\week 5\\client\\config\\production.js": {"path":"D:\\Fullstack engineer\\Job\\Main Job\\PT PHINTRACO CONSULTING\\learning\\week 5\\client\\config\\production.js","statementMap":{},"fnMap":{},"branchMap":{},"s":{},"f":{},"b":{},"_coverageSchema":"1a1c01bbd47fc00a2c39e90264f33305004495a9","hash":"84e45ea4bf06e8a619c043dbd87e096ee5eb4804"}
,"D:\\Fullstack engineer\\Job\\Main Job\\PT PHINTRACO CONSULTING\\learning\\week 5\\client\\config\\test.env.js": {"path":"D:\\Fullstack engineer\\Job\\Main Job\\PT PHINTRACO CONSULTING\\learning\\week 5\\client\\config\\test.env.js","statementMap":{},"fnMap":{},"branchMap":{},"s":{},"f":{},"b":{},"_coverageSchema":"1a1c01bbd47fc00a2c39e90264f33305004495a9","hash":"9905b3cff3cdc8eaf30b0f889da41d6afe6b135a"}
,"D:\\Fullstack engineer\\Job\\Main Job\\PT PHINTRACO CONSULTING\\learning\\week 5\\client\\src\\configureStore.js": {"path":"D:\\Fullstack engineer\\Job\\Main Job\\PT PHINTRACO CONSULTING\\learning\\week 5\\client\\src\\configureStore.js","statementMap":{"0":{"start":{"line":9,"column":18},"end":{"line":9,"column":20}},"1":{"start":{"line":12,"column":23},"end":{"line":34,"column":1}},"2":{"start":{"line":13,"column":25},"end":{"line":13,"column":32}},"3":{"start":{"line":14,"column":34},"end":{"line":16,"column":3}},"4":{"start":{"line":18,"column":2},"end":{"line":20,"column":3}},"5":{"start":{"line":19,"column":4},"end":{"line":19,"column":120}},"6":{"start":{"line":19,"column":53},"end":{"line":19,"column":120}},"7":{"start":{"line":22,"column":27},"end":{"line":22,"column":72}},"8":{"start":{"line":23,"column":25},"end":{"line":23,"column":70}},"9":{"start":{"line":24,"column":22},"end":{"line":24,"column":38}},"10":{"start":{"line":25,"column":20},"end":{"line":25,"column":53}},"11":{"start":{"line":27,"column":16},"end":{"line":27,"column":91}},"12":{"start":{"line":29,"column":2},"end":{"line":29,"column":37}},"13":{"start":{"line":32,"column":2},"end":{"line":32,"column":26}},"14":{"start":{"line":33,"column":2},"end":{"line":33,"column":15}},"15":{"start":{"line":36,"column":14},"end":{"line":36,"column":39}},"16":{"start":{"line":39,"column":25},"end":{"line":39,"column":44}}},"fnMap":{"0":{"name":"(anonymous_0)","decl":{"start":{"line":12,"column":23},"end":{"line":12,"column":24}},"loc":{"start":{"line":12,"column":46},"end":{"line":34,"column":1}},"line":12}},"branchMap":{"0":{"loc":{"start":{"line":12,"column":24},"end":{"line":12,"column":41}},"type":"default-arg","locations":[{"start":{"line":12,"column":39},"end":{"line":12,"column":41}}],"line":12},"1":{"loc":{"start":{"line":18,"column":2},"end":{"line":20,"column":3}},"type":"if","locations":[{"start":{"line":18,"column":2},"end":{"line":20,"column":3}},{"start":{},"end":{}}],"line":18},"2":{"loc":{"start":{"line":18,"column":6},"end":{"line":18,"column":73}},"type":"binary-expr","locations":[{"start":{"line":18,"column":6},"end":{"line":18,"column":43}},{"start":{"line":18,"column":47},"end":{"line":18,"column":73}}],"line":18},"3":{"loc":{"start":{"line":19,"column":4},"end":{"line":19,"column":120}},"type":"if","locations":[{"start":{"line":19,"column":4},"end":{"line":19,"column":120}},{"start":{},"end":{}}],"line":19}},"s":{"0":20,"1":20,"2":20,"3":20,"4":20,"5":20,"6":0,"7":20,"8":20,"9":20,"10":20,"11":20,"12":20,"13":20,"14":20,"15":20,"16":20},"f":{"0":20},"b":{"0":[0],"1":[20,0],"2":[20,20],"3":[0,20]},"_coverageSchema":"1a1c01bbd47fc00a2c39e90264f33305004495a9","hash":"e4c741421866c6d2ac4f19fedb976ec1f6d20b5e"}
,"D:\\Fullstack engineer\\Job\\Main Job\\PT PHINTRACO CONSULTING\\learning\\week 5\\client\\src\\persistence.js": {"path":"D:\\Fullstack engineer\\Job\\Main Job\\PT PHINTRACO CONSULTING\\learning\\week 5\\client\\src\\persistence.js","statementMap":{"0":{"start":{"line":4,"column":28},"end":{"line":8,"column":1}},"1":{"start":{"line":10,"column":32},"end":{"line":22,"column":56}},"2":{"start":{"line":11,"column":2},"end":{"line":22,"column":56}},"3":{"start":{"line":12,"column":30},"end":{"line":21,"column":5}},"4":{"start":{"line":22,"column":27},"end":{"line":22,"column":51}}},"fnMap":{"0":{"name":"(anonymous_0)","decl":{"start":{"line":10,"column":32},"end":{"line":10,"column":33}},"loc":{"start":{"line":11,"column":2},"end":{"line":22,"column":56}},"line":11},"1":{"name":"(anonymous_1)","decl":{"start":{"line":12,"column":9},"end":{"line":12,"column":10}},"loc":{"start":{"line":12,"column":30},"end":{"line":21,"column":5}},"line":12},"2":{"name":"(anonymous_2)","decl":{"start":{"line":22,"column":12},"end":{"line":22,"column":13}},"loc":{"start":{"line":22,"column":27},"end":{"line":22,"column":51}},"line":22}},"branchMap":{},"s":{"0":20,"1":20,"2":20,"3":160,"4":160},"f":{"0":20,"1":160,"2":160},"b":{},"_coverageSchema":"1a1c01bbd47fc00a2c39e90264f33305004495a9","hash":"fe28c5a6362a1c68deb5d46f4c982c8454806a55"}
,"D:\\Fullstack engineer\\Job\\Main Job\\PT PHINTRACO CONSULTING\\learning\\week 5\\client\\src\\reducers.js": {"path":"D:\\Fullstack engineer\\Job\\Main Job\\PT PHINTRACO CONSULTING\\learning\\week 5\\client\\src\\reducers.js","statementMap":{"0":{"start":{"line":20,"column":23},"end":{"line":29,"column":1}},"1":{"start":{"line":31,"column":26},"end":{"line":38,"column":1}},"2":{"start":{"line":40,"column":22},"end":{"line":47,"column":1}},"3":{"start":{"line":41,"column":22},"end":{"line":44,"column":4}},"4":{"start":{"line":45,"column":22},"end":{"line":45,"column":67}},"5":{"start":{"line":45,"column":41},"end":{"line":45,"column":67}},"6":{"start":{"line":46,"column":2},"end":{"line":46,"column":21}}},"fnMap":{"0":{"name":"(anonymous_0)","decl":{"start":{"line":40,"column":22},"end":{"line":40,"column":23}},"loc":{"start":{"line":40,"column":28},"end":{"line":47,"column":1}},"line":40},"1":{"name":"(anonymous_1)","decl":{"start":{"line":45,"column":22},"end":{"line":45,"column":23}},"loc":{"start":{"line":45,"column":41},"end":{"line":45,"column":67}},"line":45}},"branchMap":{},"s":{"0":20,"1":20,"2":20,"3":20,"4":20,"5":242,"6":20},"f":{"0":20,"1":242},"b":{},"_coverageSchema":"1a1c01bbd47fc00a2c39e90264f33305004495a9","hash":"803f4cfb1404b5dd0c6e7a07be784015195a12bb"}
,"D:\\Fullstack engineer\\Job\\Main Job\\PT PHINTRACO CONSULTING\\learning\\week 5\\client\\src\\rootSaga.js": {"path":"D:\\Fullstack engineer\\Job\\Main Job\\PT PHINTRACO CONSULTING\\learning\\week 5\\client\\src\\rootSaga.js","statementMap":{"0":{"start":{"line":23,"column":2},"end":{"line":42,"column":5}}},"fnMap":{"0":{"name":"rootSaga","decl":{"start":{"line":22,"column":25},"end":{"line":22,"column":33}},"loc":{"start":{"line":22,"column":36},"end":{"line":43,"column":1}},"line":22}},"branchMap":{},"s":{"0":20},"f":{"0":20},"b":{},"_coverageSchema":"1a1c01bbd47fc00a2c39e90264f33305004495a9","hash":"b12108d8b55cf76bce3f0758f75e6b7fa94f758f"}
,"D:\\Fullstack engineer\\Job\\Main Job\\PT PHINTRACO CONSULTING\\learning\\week 5\\client\\src\\components\\Loader\\index.jsx": {"path":"D:\\Fullstack engineer\\Job\\Main Job\\PT PHINTRACO CONSULTING\\learning\\week 5\\client\\src\\components\\Loader\\index.jsx","statementMap":{"0":{"start":{"line":6,"column":15},"end":{"line":16,"column":1}},"1":{"start":{"line":7,"column":2},"end":{"line":15,"column":8}},"2":{"start":{"line":18,"column":0},"end":{"line":20,"column":2}}},"fnMap":{"0":{"name":"(anonymous_0)","decl":{"start":{"line":6,"column":15},"end":{"line":6,"column":16}},"loc":{"start":{"line":7,"column":2},"end":{"line":15,"column":8}},"line":7}},"branchMap":{"0":{"loc":{"start":{"line":11,"column":28},"end":{"line":11,"column":46}},"type":"binary-expr","locations":[{"start":{"line":11,"column":28},"end":{"line":11,"column":37}},{"start":{"line":11,"column":41},"end":{"line":11,"column":46}}],"line":11}},"s":{"0":7,"1":8,"2":7},"f":{"0":8},"b":{"0":[8,1]},"_coverageSchema":"1a1c01bbd47fc00a2c39e90264f33305004495a9","hash":"65b5e05be1ed0bf3f96d8258e4b743230d1e226f"}
,"D:\\Fullstack engineer\\Job\\Main Job\\PT PHINTRACO CONSULTING\\learning\\week 5\\client\\src\\components\\Navbar\\index.jsx": {"path":"D:\\Fullstack engineer\\Job\\Main Job\\PT PHINTRACO CONSULTING\\learning\\week 5\\client\\src\\components\\Navbar\\index.jsx","statementMap":{"0":{"start":{"line":42,"column":20},"end":{"line":42,"column":23}},"1":{"start":{"line":44,"column":15},"end":{"line":318,"column":1}},"2":{"start":{"line":45,"column":19},"end":{"line":45,"column":32}},"3":{"start":{"line":46,"column":19},"end":{"line":46,"column":32}},"4":{"start":{"line":48,"column":23},"end":{"line":48,"column":36}},"5":{"start":{"line":50,"column":42},"end":{"line":50,"column":56}},"6":{"start":{"line":52,"column":15},"end":{"line":52,"column":36}},"7":{"start":{"line":53,"column":38},"end":{"line":53,"column":59}},"8":{"start":{"line":54,"column":36},"end":{"line":54,"column":57}},"9":{"start":{"line":55,"column":50},"end":{"line":55,"column":64}},"10":{"start":{"line":56,"column":23},"end":{"line":56,"column":48}},"11":{"start":{"line":58,"column":30},"end":{"line":60,"column":3}},"12":{"start":{"line":59,"column":4},"end":{"line":59,"column":45}},"13":{"start":{"line":62,"column":30},"end":{"line":64,"column":3}},"14":{"start":{"line":63,"column":4},"end":{"line":63,"column":30}},"15":{"start":{"line":66,"column":28},"end":{"line":69,"column":3}},"16":{"start":{"line":67,"column":4},"end":{"line":67,"column":23}},"17":{"start":{"line":68,"column":4},"end":{"line":68,"column":25}},"18":{"start":{"line":71,"column":22},"end":{"line":73,"column":3}},"19":{"start":{"line":72,"column":4},"end":{"line":72,"column":41}},"20":{"start":{"line":75,"column":36},"end":{"line":77,"column":3}},"21":{"start":{"line":76,"column":4},"end":{"line":76,"column":24}},"22":{"start":{"line":79,"column":29},"end":{"line":83,"column":3}},"23":{"start":{"line":80,"column":4},"end":{"line":82,"column":5}},"24":{"start":{"line":81,"column":6},"end":{"line":81,"column":33}},"25":{"start":{"line":85,"column":22},"end":{"line":87,"column":3}},"26":{"start":{"line":86,"column":4},"end":{"line":86,"column":26}},"27":{"start":{"line":89,"column":23},"end":{"line":94,"column":3}},"28":{"start":{"line":90,"column":4},"end":{"line":92,"column":5}},"29":{"start":{"line":91,"column":6},"end":{"line":91,"column":32}},"30":{"start":{"line":93,"column":4},"end":{"line":93,"column":18}},"31":{"start":{"line":100,"column":23},"end":{"line":104,"column":3}},"32":{"start":{"line":101,"column":4},"end":{"line":101,"column":31}},"33":{"start":{"line":102,"column":4},"end":{"line":102,"column":26}},"34":{"start":{"line":103,"column":4},"end":{"line":103,"column":18}},"35":{"start":{"line":107,"column":4},"end":{"line":183,"column":10}},"36":{"start":{"line":186,"column":2},"end":{"line":317,"column":4}},"37":{"start":{"line":225,"column":41},"end":{"line":225,"column":59}},"38":{"start":{"line":233,"column":41},"end":{"line":233,"column":59}},"39":{"start":{"line":257,"column":22},"end":{"line":257,"column":36}},"40":{"start":{"line":258,"column":22},"end":{"line":258,"column":44}},"41":{"start":{"line":320,"column":0},"end":{"line":325,"column":2}},"42":{"start":{"line":327,"column":24},"end":{"line":329,"column":2}}},"fnMap":{"0":{"name":"(anonymous_0)","decl":{"start":{"line":44,"column":15},"end":{"line":44,"column":16}},"loc":{"start":{"line":44,"column":60},"end":{"line":318,"column":1}},"line":44},"1":{"name":"(anonymous_1)","decl":{"start":{"line":58,"column":30},"end":{"line":58,"column":31}},"loc":{"start":{"line":58,"column":41},"end":{"line":60,"column":3}},"line":58},"2":{"name":"(anonymous_2)","decl":{"start":{"line":62,"column":30},"end":{"line":62,"column":31}},"loc":{"start":{"line":62,"column":36},"end":{"line":64,"column":3}},"line":62},"3":{"name":"(anonymous_3)","decl":{"start":{"line":66,"column":28},"end":{"line":66,"column":29}},"loc":{"start":{"line":66,"column":34},"end":{"line":69,"column":3}},"line":66},"4":{"name":"(anonymous_4)","decl":{"start":{"line":71,"column":22},"end":{"line":71,"column":23}},"loc":{"start":{"line":71,"column":33},"end":{"line":73,"column":3}},"line":71},"5":{"name":"(anonymous_5)","decl":{"start":{"line":75,"column":36},"end":{"line":75,"column":37}},"loc":{"start":{"line":75,"column":42},"end":{"line":77,"column":3}},"line":75},"6":{"name":"(anonymous_6)","decl":{"start":{"line":79,"column":29},"end":{"line":79,"column":30}},"loc":{"start":{"line":79,"column":35},"end":{"line":83,"column":3}},"line":79},"7":{"name":"(anonymous_7)","decl":{"start":{"line":85,"column":22},"end":{"line":85,"column":23}},"loc":{"start":{"line":85,"column":28},"end":{"line":87,"column":3}},"line":85},"8":{"name":"(anonymous_8)","decl":{"start":{"line":89,"column":23},"end":{"line":89,"column":24}},"loc":{"start":{"line":89,"column":33},"end":{"line":94,"column":3}},"line":89},"9":{"name":"(anonymous_9)","decl":{"start":{"line":100,"column":23},"end":{"line":100,"column":24}},"loc":{"start":{"line":100,"column":29},"end":{"line":104,"column":3}},"line":100},"10":{"name":"(anonymous_10)","decl":{"start":{"line":225,"column":35},"end":{"line":225,"column":36}},"loc":{"start":{"line":225,"column":41},"end":{"line":225,"column":59}},"line":225},"11":{"name":"(anonymous_11)","decl":{"start":{"line":233,"column":35},"end":{"line":233,"column":36}},"loc":{"start":{"line":233,"column":41},"end":{"line":233,"column":59}},"line":233},"12":{"name":"(anonymous_12)","decl":{"start":{"line":256,"column":29},"end":{"line":256,"column":30}},"loc":{"start":{"line":256,"column":35},"end":{"line":259,"column":21}},"line":256}},"branchMap":{"0":{"loc":{"start":{"line":80,"column":4},"end":{"line":82,"column":5}},"type":"if","locations":[{"start":{"line":80,"column":4},"end":{"line":82,"column":5}},{"start":{},"end":{}}],"line":80},"1":{"loc":{"start":{"line":90,"column":4},"end":{"line":92,"column":5}},"type":"if","locations":[{"start":{"line":90,"column":4},"end":{"line":92,"column":5}},{"start":{},"end":{}}],"line":90},"2":{"loc":{"start":{"line":111,"column":25},"end":{"line":111,"column":78}},"type":"cond-expr","locations":[{"start":{"line":111,"column":59},"end":{"line":111,"column":73}},{"start":{"line":111,"column":76},"end":{"line":111,"column":78}}],"line":111},"3":{"loc":{"start":{"line":123,"column":25},"end":{"line":123,"column":78}},"type":"cond-expr","locations":[{"start":{"line":123,"column":59},"end":{"line":123,"column":73}},{"start":{"line":123,"column":76},"end":{"line":123,"column":78}}],"line":123},"4":{"loc":{"start":{"line":135,"column":25},"end":{"line":135,"column":82}},"type":"cond-expr","locations":[{"start":{"line":135,"column":63},"end":{"line":135,"column":77}},{"start":{"line":135,"column":80},"end":{"line":135,"column":82}}],"line":135},"5":{"loc":{"start":{"line":146,"column":7},"end":{"line":159,"column":7}},"type":"binary-expr","locations":[{"start":{"line":146,"column":7},"end":{"line":146,"column":28}},{"start":{"line":147,"column":8},"end":{"line":158,"column":15}}],"line":146},"6":{"loc":{"start":{"line":148,"column":27},"end":{"line":148,"column":81}},"type":"cond-expr","locations":[{"start":{"line":148,"column":62},"end":{"line":148,"column":76}},{"start":{"line":148,"column":79},"end":{"line":148,"column":81}}],"line":148},"7":{"loc":{"start":{"line":161,"column":25},"end":{"line":161,"column":81}},"type":"cond-expr","locations":[{"start":{"line":161,"column":62},"end":{"line":161,"column":76}},{"start":{"line":161,"column":79},"end":{"line":161,"column":81}}],"line":161},"8":{"loc":{"start":{"line":219,"column":58},"end":{"line":219,"column":97}},"type":"cond-expr","locations":[{"start":{"line":219,"column":76},"end":{"line":219,"column":85}},{"start":{"line":219,"column":88},"end":{"line":219,"column":97}}],"line":219}},"s":{"0":1,"1":1,"2":0,"3":0,"4":0,"5":0,"6":0,"7":0,"8":0,"9":0,"10":0,"11":0,"12":0,"13":0,"14":0,"15":0,"16":0,"17":0,"18":0,"19":0,"20":0,"21":0,"22":0,"23":0,"24":0,"25":0,"26":0,"27":0,"28":0,"29":0,"30":0,"31":0,"32":0,"33":0,"34":0,"35":0,"36":0,"37":0,"38":0,"39":0,"40":0,"41":1,"42":1},"f":{"0":0,"1":0,"2":0,"3":0,"4":0,"5":0,"6":0,"7":0,"8":0,"9":0,"10":0,"11":0,"12":0},"b":{"0":[0,0],"1":[0,0],"2":[0,0],"3":[0,0],"4":[0,0],"5":[0,0],"6":[0,0],"7":[0,0],"8":[0,0]},"_coverageSchema":"1a1c01bbd47fc00a2c39e90264f33305004495a9","hash":"b5365dc10870ca297503a647579df05de59afbcb"}
,"D:\\Fullstack engineer\\Job\\Main Job\\PT PHINTRACO CONSULTING\\learning\\week 5\\client\\src\\containers\\App\\actions.js": {"path":"D:\\Fullstack engineer\\Job\\Main Job\\PT PHINTRACO CONSULTING\\learning\\week 5\\client\\src\\containers\\App\\actions.js","statementMap":{"0":{"start":{"line":3,"column":25},"end":{"line":6,"column":2}},"1":{"start":{"line":3,"column":38},"end":{"line":6,"column":1}},"2":{"start":{"line":8,"column":24},"end":{"line":11,"column":2}},"3":{"start":{"line":8,"column":36},"end":{"line":11,"column":1}},"4":{"start":{"line":13,"column":25},"end":{"line":20,"column":2}},"5":{"start":{"line":13,"column":56},"end":{"line":20,"column":1}},"6":{"start":{"line":22,"column":25},"end":{"line":29,"column":2}},"7":{"start":{"line":22,"column":32},"end":{"line":29,"column":1}},"8":{"start":{"line":31,"column":26},"end":{"line":34,"column":2}},"9":{"start":{"line":31,"column":40},"end":{"line":34,"column":1}},"10":{"start":{"line":36,"column":20},"end":{"line":38,"column":2}},"11":{"start":{"line":36,"column":27},"end":{"line":38,"column":1}}},"fnMap":{"0":{"name":"(anonymous_0)","decl":{"start":{"line":3,"column":25},"end":{"line":3,"column":26}},"loc":{"start":{"line":3,"column":38},"end":{"line":6,"column":1}},"line":3},"1":{"name":"(anonymous_1)","decl":{"start":{"line":8,"column":24},"end":{"line":8,"column":25}},"loc":{"start":{"line":8,"column":36},"end":{"line":11,"column":1}},"line":8},"2":{"name":"(anonymous_2)","decl":{"start":{"line":13,"column":25},"end":{"line":13,"column":26}},"loc":{"start":{"line":13,"column":56},"end":{"line":20,"column":1}},"line":13},"3":{"name":"(anonymous_3)","decl":{"start":{"line":22,"column":25},"end":{"line":22,"column":26}},"loc":{"start":{"line":22,"column":32},"end":{"line":29,"column":1}},"line":22},"4":{"name":"(anonymous_4)","decl":{"start":{"line":31,"column":26},"end":{"line":31,"column":27}},"loc":{"start":{"line":31,"column":40},"end":{"line":34,"column":1}},"line":31},"5":{"name":"(anonymous_5)","decl":{"start":{"line":36,"column":20},"end":{"line":36,"column":21}},"loc":{"start":{"line":36,"column":27},"end":{"line":38,"column":1}},"line":36}},"branchMap":{"0":{"loc":{"start":{"line":13,"column":26},"end":{"line":13,"column":36}},"type":"default-arg","locations":[{"start":{"line":13,"column":34},"end":{"line":13,"column":36}}],"line":13},"1":{"loc":{"start":{"line":13,"column":38},"end":{"line":13,"column":50}},"type":"default-arg","locations":[{"start":{"line":13,"column":48},"end":{"line":13,"column":50}}],"line":13}},"s":{"0":21,"1":0,"2":21,"3":0,"4":21,"5":0,"6":21,"7":0,"8":21,"9":16,"10":21,"11":0},"f":{"0":0,"1":0,"2":0,"3":0,"4":16,"5":0},"b":{"0":[0],"1":[0]},"_coverageSchema":"1a1c01bbd47fc00a2c39e90264f33305004495a9","hash":"5823775d95c0030fb64769d689b215dfc4b8f928"}
,"D:\\Fullstack engineer\\Job\\Main Job\\PT PHINTRACO CONSULTING\\learning\\week 5\\client\\src\\containers\\App\\constants.js": {"path":"D:\\Fullstack engineer\\Job\\Main Job\\PT PHINTRACO CONSULTING\\learning\\week 5\\client\\src\\containers\\App\\constants.js","statementMap":{"0":{"start":{"line":1,"column":25},"end":{"line":1,"column":40}},"1":{"start":{"line":2,"column":25},"end":{"line":2,"column":40}},"2":{"start":{"line":3,"column":25},"end":{"line":3,"column":40}},"3":{"start":{"line":4,"column":27},"end":{"line":4,"column":44}},"4":{"start":{"line":6,"column":20},"end":{"line":6,"column":30}}},"fnMap":{},"branchMap":{},"s":{"0":21,"1":21,"2":21,"3":21,"4":21},"f":{},"b":{},"_coverageSchema":"1a1c01bbd47fc00a2c39e90264f33305004495a9","hash":"8411c84b2f07845d40eb62fba46b4e3fef9d8691"}
,"D:\\Fullstack engineer\\Job\\Main Job\\PT PHINTRACO CONSULTING\\learning\\week 5\\client\\src\\containers\\App\\reducer.js": {"path":"D:\\Fullstack engineer\\Job\\Main Job\\PT PHINTRACO CONSULTING\\learning\\week 5\\client\\src\\containers\\App\\reducer.js","statementMap":{"0":{"start":{"line":5,"column":28},"end":{"line":14,"column":1}},"1":{"start":{"line":16,"column":25},"end":{"line":16,"column":44}},"2":{"start":{"line":18,"column":19},"end":{"line":34,"column":4}},"3":{"start":{"line":19,"column":2},"end":{"line":34,"column":4}},"4":{"start":{"line":20,"column":4},"end":{"line":33,"column":5}},"5":{"start":{"line":22,"column":8},"end":{"line":22,"column":37}},"6":{"start":{"line":23,"column":8},"end":{"line":23,"column":14}},"7":{"start":{"line":25,"column":8},"end":{"line":25,"column":35}},"8":{"start":{"line":26,"column":8},"end":{"line":26,"column":14}},"9":{"start":{"line":28,"column":8},"end":{"line":28,"column":35}},"10":{"start":{"line":29,"column":8},"end":{"line":29,"column":14}},"11":{"start":{"line":31,"column":8},"end":{"line":31,"column":39}},"12":{"start":{"line":32,"column":8},"end":{"line":32,"column":14}}},"fnMap":{"0":{"name":"(anonymous_0)","decl":{"start":{"line":18,"column":19},"end":{"line":18,"column":20}},"loc":{"start":{"line":19,"column":2},"end":{"line":34,"column":4}},"line":19},"1":{"name":"(anonymous_1)","decl":{"start":{"line":19,"column":17},"end":{"line":19,"column":18}},"loc":{"start":{"line":19,"column":28},"end":{"line":34,"column":3}},"line":19}},"branchMap":{"0":{"loc":{"start":{"line":18,"column":20},"end":{"line":18,"column":40}},"type":"default-arg","locations":[{"start":{"line":18,"column":28},"end":{"line":18,"column":40}}],"line":18},"1":{"loc":{"start":{"line":20,"column":4},"end":{"line":33,"column":5}},"type":"switch","locations":[{"start":{"line":21,"column":6},"end":{"line":23,"column":14}},{"start":{"line":24,"column":6},"end":{"line":26,"column":14}},{"start":{"line":27,"column":6},"end":{"line":29,"column":14}},{"start":{"line":30,"column":6},"end":{"line":32,"column":14}}],"line":20}},"s":{"0":20,"1":20,"2":20,"3":282,"4":282,"5":0,"6":0,"7":0,"8":0,"9":0,"10":0,"11":6,"12":6},"f":{"0":282,"1":282},"b":{"0":[60],"1":[0,0,0,6]},"_coverageSchema":"1a1c01bbd47fc00a2c39e90264f33305004495a9","hash":"4e5a6c904784bd0668cca55f8b38ff46ec2e706c"}
,"D:\\Fullstack engineer\\Job\\Main Job\\PT PHINTRACO CONSULTING\\learning\\week 5\\client\\src\\containers\\App\\saga.js": {"path":"D:\\Fullstack engineer\\Job\\Main Job\\PT PHINTRACO CONSULTING\\learning\\week 5\\client\\src\\containers\\App\\saga.js","statementMap":{"0":{"start":{"line":8,"column":2},"end":{"line":8,"column":30}},"1":{"start":{"line":9,"column":2},"end":{"line":13,"column":3}},"2":{"start":{"line":10,"column":4},"end":{"line":10,"column":21}},"3":{"start":{"line":12,"column":4},"end":{"line":12,"column":27}},"4":{"start":{"line":14,"column":2},"end":{"line":14,"column":31}},"5":{"start":{"line":18,"column":2},"end":{"line":18,"column":33}}},"fnMap":{"0":{"name":"doPing","decl":{"start":{"line":7,"column":10},"end":{"line":7,"column":16}},"loc":{"start":{"line":7,"column":19},"end":{"line":15,"column":1}},"line":7},"1":{"name":"appSaga","decl":{"start":{"line":17,"column":25},"end":{"line":17,"column":32}},"loc":{"start":{"line":17,"column":35},"end":{"line":19,"column":1}},"line":17}},"branchMap":{},"s":{"0":0,"1":0,"2":0,"3":0,"4":0,"5":20},"f":{"0":0,"1":20},"b":{},"_coverageSchema":"1a1c01bbd47fc00a2c39e90264f33305004495a9","hash":"6e8a436a90b416ea37696fcb38379288f4555e03"}
,"D:\\Fullstack engineer\\Job\\Main Job\\PT PHINTRACO CONSULTING\\learning\\week 5\\client\\src\\containers\\App\\selectors.js": {"path":"D:\\Fullstack engineer\\Job\\Main Job\\PT PHINTRACO CONSULTING\\learning\\week 5\\client\\src\\containers\\App\\selectors.js","statementMap":{"0":{"start":{"line":4,"column":23},"end":{"line":4,"column":59}},"1":{"start":{"line":4,"column":34},"end":{"line":4,"column":59}},"2":{"start":{"line":6,"column":28},"end":{"line":6,"column":83}},"3":{"start":{"line":6,"column":70},"end":{"line":6,"column":82}},"4":{"start":{"line":7,"column":27},"end":{"line":7,"column":81}},"5":{"start":{"line":7,"column":69},"end":{"line":7,"column":80}},"6":{"start":{"line":8,"column":27},"end":{"line":8,"column":81}},"7":{"start":{"line":8,"column":69},"end":{"line":8,"column":80}},"8":{"start":{"line":9,"column":29},"end":{"line":9,"column":85}},"9":{"start":{"line":9,"column":71},"end":{"line":9,"column":84}}},"fnMap":{"0":{"name":"(anonymous_0)","decl":{"start":{"line":4,"column":23},"end":{"line":4,"column":24}},"loc":{"start":{"line":4,"column":34},"end":{"line":4,"column":59}},"line":4},"1":{"name":"(anonymous_1)","decl":{"start":{"line":6,"column":59},"end":{"line":6,"column":60}},"loc":{"start":{"line":6,"column":70},"end":{"line":6,"column":82}},"line":6},"2":{"name":"(anonymous_2)","decl":{"start":{"line":7,"column":58},"end":{"line":7,"column":59}},"loc":{"start":{"line":7,"column":69},"end":{"line":7,"column":80}},"line":7},"3":{"name":"(anonymous_3)","decl":{"start":{"line":8,"column":58},"end":{"line":8,"column":59}},"loc":{"start":{"line":8,"column":69},"end":{"line":8,"column":80}},"line":8},"4":{"name":"(anonymous_4)","decl":{"start":{"line":9,"column":60},"end":{"line":9,"column":61}},"loc":{"start":{"line":9,"column":71},"end":{"line":9,"column":84}},"line":9}},"branchMap":{"0":{"loc":{"start":{"line":4,"column":34},"end":{"line":4,"column":59}},"type":"binary-expr","locations":[{"start":{"line":4,"column":34},"end":{"line":4,"column":43}},{"start":{"line":4,"column":47},"end":{"line":4,"column":59}}],"line":4}},"s":{"0":20,"1":121,"2":20,"3":23,"4":20,"5":0,"6":20,"7":0,"8":20,"9":0},"f":{"0":121,"1":23,"2":0,"3":0,"4":0},"b":{"0":[121,0]},"_coverageSchema":"1a1c01bbd47fc00a2c39e90264f33305004495a9","hash":"446098f0249134b92a0de9150a3cf8d0bf9a7c96"}
,"D:\\Fullstack engineer\\Job\\Main Job\\PT PHINTRACO CONSULTING\\learning\\week 5\\client\\src\\containers\\Client\\actions.js": {"path":"D:\\Fullstack engineer\\Job\\Main Job\\PT PHINTRACO CONSULTING\\learning\\week 5\\client\\src\\containers\\Client\\actions.js","statementMap":{"0":{"start":{"line":3,"column":24},"end":{"line":6,"column":2}},"1":{"start":{"line":3,"column":36},"end":{"line":6,"column":1}},"2":{"start":{"line":8,"column":24},"end":{"line":11,"column":2}},"3":{"start":{"line":8,"column":36},"end":{"line":11,"column":1}},"4":{"start":{"line":13,"column":23},"end":{"line":16,"column":2}},"5":{"start":{"line":13,"column":34},"end":{"line":16,"column":1}}},"fnMap":{"0":{"name":"(anonymous_0)","decl":{"start":{"line":3,"column":24},"end":{"line":3,"column":25}},"loc":{"start":{"line":3,"column":36},"end":{"line":6,"column":1}},"line":3},"1":{"name":"(anonymous_1)","decl":{"start":{"line":8,"column":24},"end":{"line":8,"column":25}},"loc":{"start":{"line":8,"column":36},"end":{"line":11,"column":1}},"line":8},"2":{"name":"(anonymous_2)","decl":{"start":{"line":13,"column":23},"end":{"line":13,"column":24}},"loc":{"start":{"line":13,"column":34},"end":{"line":16,"column":1}},"line":13}},"branchMap":{},"s":{"0":21,"1":0,"2":21,"3":0,"4":21,"5":0},"f":{"0":0,"1":0,"2":0},"b":{},"_coverageSchema":"1a1c01bbd47fc00a2c39e90264f33305004495a9","hash":"5d1c83f110521850b6b61dc74ff80901db48b39b"}
,"D:\\Fullstack engineer\\Job\\Main Job\\PT PHINTRACO CONSULTING\\learning\\week 5\\client\\src\\containers\\Client\\constants.js": {"path":"D:\\Fullstack engineer\\Job\\Main Job\\PT PHINTRACO CONSULTING\\learning\\week 5\\client\\src\\containers\\Client\\constants.js","statementMap":{"0":{"start":{"line":1,"column":25},"end":{"line":1,"column":43}},"1":{"start":{"line":2,"column":25},"end":{"line":2,"column":43}},"2":{"start":{"line":3,"column":24},"end":{"line":3,"column":41}}},"fnMap":{},"branchMap":{},"s":{"0":21,"1":21,"2":21},"f":{},"b":{},"_coverageSchema":"1a1c01bbd47fc00a2c39e90264f33305004495a9","hash":"9ab0fcebfb06b4bc37a55c246c4ff816507a7fe2"}
,"D:\\Fullstack engineer\\Job\\Main Job\\PT PHINTRACO CONSULTING\\learning\\week 5\\client\\src\\containers\\Client\\reducer.js": {"path":"D:\\Fullstack engineer\\Job\\Main Job\\PT PHINTRACO CONSULTING\\learning\\week 5\\client\\src\\containers\\Client\\reducer.js","statementMap":{"0":{"start":{"line":5,"column":28},"end":{"line":9,"column":1}},"1":{"start":{"line":11,"column":25},"end":{"line":11,"column":51}},"2":{"start":{"line":13,"column":22},"end":{"line":25,"column":4}},"3":{"start":{"line":14,"column":2},"end":{"line":25,"column":4}},"4":{"start":{"line":15,"column":4},"end":{"line":24,"column":5}},"5":{"start":{"line":17,"column":8},"end":{"line":17,"column":35}},"6":{"start":{"line":18,"column":8},"end":{"line":18,"column":14}},"7":{"start":{"line":20,"column":8},"end":{"line":20,"column":35}},"8":{"start":{"line":21,"column":8},"end":{"line":21,"column":14}},"9":{"start":{"line":23,"column":8},"end":{"line":23,"column":33}}},"fnMap":{"0":{"name":"(anonymous_0)","decl":{"start":{"line":13,"column":22},"end":{"line":13,"column":23}},"loc":{"start":{"line":14,"column":2},"end":{"line":25,"column":4}},"line":14},"1":{"name":"(anonymous_1)","decl":{"start":{"line":14,"column":17},"end":{"line":14,"column":18}},"loc":{"start":{"line":14,"column":28},"end":{"line":25,"column":3}},"line":14}},"branchMap":{"0":{"loc":{"start":{"line":13,"column":23},"end":{"line":13,"column":43}},"type":"default-arg","locations":[{"start":{"line":13,"column":31},"end":{"line":13,"column":43}}],"line":13},"1":{"loc":{"start":{"line":15,"column":4},"end":{"line":24,"column":5}},"type":"switch","locations":[{"start":{"line":16,"column":6},"end":{"line":18,"column":14}},{"start":{"line":19,"column":6},"end":{"line":21,"column":14}},{"start":{"line":22,"column":6},"end":{"line":23,"column":33}}],"line":15}},"s":{"0":21,"1":21,"2":21,"3":282,"4":282,"5":0,"6":0,"7":0,"8":0,"9":0},"f":{"0":282,"1":282},"b":{"0":[60],"1":[0,0,0]},"_coverageSchema":"1a1c01bbd47fc00a2c39e90264f33305004495a9","hash":"3420e614baadc1d48f0fd275420ac2714b816a56"}
,"D:\\Fullstack engineer\\Job\\Main Job\\PT PHINTRACO CONSULTING\\learning\\week 5\\client\\src\\containers\\Client\\selectors.js": {"path":"D:\\Fullstack engineer\\Job\\Main Job\\PT PHINTRACO CONSULTING\\learning\\week 5\\client\\src\\containers\\Client\\selectors.js","statementMap":{"0":{"start":{"line":4,"column":26},"end":{"line":4,"column":65}},"1":{"start":{"line":4,"column":37},"end":{"line":4,"column":65}},"2":{"start":{"line":6,"column":27},"end":{"line":6,"column":84}},"3":{"start":{"line":6,"column":72},"end":{"line":6,"column":83}},"4":{"start":{"line":7,"column":27},"end":{"line":7,"column":84}},"5":{"start":{"line":7,"column":72},"end":{"line":7,"column":83}},"6":{"start":{"line":8,"column":26},"end":{"line":8,"column":82}},"7":{"start":{"line":8,"column":71},"end":{"line":8,"column":81}}},"fnMap":{"0":{"name":"(anonymous_0)","decl":{"start":{"line":4,"column":26},"end":{"line":4,"column":27}},"loc":{"start":{"line":4,"column":37},"end":{"line":4,"column":65}},"line":4},"1":{"name":"(anonymous_1)","decl":{"start":{"line":6,"column":61},"end":{"line":6,"column":62}},"loc":{"start":{"line":6,"column":72},"end":{"line":6,"column":83}},"line":6},"2":{"name":"(anonymous_2)","decl":{"start":{"line":7,"column":61},"end":{"line":7,"column":62}},"loc":{"start":{"line":7,"column":72},"end":{"line":7,"column":83}},"line":7},"3":{"name":"(anonymous_3)","decl":{"start":{"line":8,"column":60},"end":{"line":8,"column":61}},"loc":{"start":{"line":8,"column":71},"end":{"line":8,"column":81}},"line":8}},"branchMap":{"0":{"loc":{"start":{"line":4,"column":37},"end":{"line":4,"column":65}},"type":"binary-expr","locations":[{"start":{"line":4,"column":37},"end":{"line":4,"column":49}},{"start":{"line":4,"column":53},"end":{"line":4,"column":65}}],"line":4}},"s":{"0":10,"1":20,"2":10,"3":3,"4":10,"5":4,"6":10,"7":8},"f":{"0":20,"1":3,"2":4,"3":8},"b":{"0":[20,0]},"_coverageSchema":"1a1c01bbd47fc00a2c39e90264f33305004495a9","hash":"8f214b6194698e763cda5583ae3ec660b96a42a3"}
,"D:\\Fullstack engineer\\Job\\Main Job\\PT PHINTRACO CONSULTING\\learning\\week 5\\client\\src\\containers\\Language\\constants.js": {"path":"D:\\Fullstack engineer\\Job\\Main Job\\PT PHINTRACO CONSULTING\\learning\\week 5\\client\\src\\containers\\Language\\constants.js","statementMap":{"0":{"start":{"line":1,"column":28},"end":{"line":1,"column":51}},"1":{"start":{"line":2,"column":30},"end":{"line":2,"column":34}}},"fnMap":{},"branchMap":{},"s":{"0":20,"1":20},"f":{},"b":{},"_coverageSchema":"1a1c01bbd47fc00a2c39e90264f33305004495a9","hash":"358c3206e05f5f1b3867df229dd209aea05855ca"}
,"D:\\Fullstack engineer\\Job\\Main Job\\PT PHINTRACO CONSULTING\\learning\\week 5\\client\\src\\containers\\Language\\index.jsx": {"path":"D:\\Fullstack engineer\\Job\\Main Job\\PT PHINTRACO CONSULTING\\learning\\week 5\\client\\src\\containers\\Language\\index.jsx","statementMap":{"0":{"start":{"line":9,"column":17},"end":{"line":13,"column":1}},"1":{"start":{"line":10,"column":2},"end":{"line":12,"column":17}},"2":{"start":{"line":15,"column":0},"end":{"line":19,"column":2}},"3":{"start":{"line":21,"column":24},"end":{"line":24,"column":2}}},"fnMap":{"0":{"name":"(anonymous_0)","decl":{"start":{"line":9,"column":17},"end":{"line":9,"column":18}},"loc":{"start":{"line":10,"column":2},"end":{"line":12,"column":17}},"line":10}},"branchMap":{},"s":{"0":20,"1":118,"2":20,"3":20},"f":{"0":118},"b":{},"_coverageSchema":"1a1c01bbd47fc00a2c39e90264f33305004495a9","hash":"37a459eea3aeefac7e9d49048fe5e2ff61d500ce"}
,"D:\\Fullstack engineer\\Job\\Main Job\\PT PHINTRACO CONSULTING\\learning\\week 5\\client\\src\\containers\\Language\\reducer.js": {"path":"D:\\Fullstack engineer\\Job\\Main Job\\PT PHINTRACO CONSULTING\\learning\\week 5\\client\\src\\containers\\Language\\reducer.js","statementMap":{"0":{"start":{"line":8,"column":28},"end":{"line":13,"column":1}},"1":{"start":{"line":15,"column":24},"end":{"line":22,"column":4}},"2":{"start":{"line":16,"column":2},"end":{"line":22,"column":4}},"3":{"start":{"line":17,"column":4},"end":{"line":21,"column":5}},"4":{"start":{"line":19,"column":8},"end":{"line":19,"column":41}},"5":{"start":{"line":20,"column":8},"end":{"line":20,"column":14}}},"fnMap":{"0":{"name":"(anonymous_0)","decl":{"start":{"line":15,"column":24},"end":{"line":15,"column":25}},"loc":{"start":{"line":16,"column":2},"end":{"line":22,"column":4}},"line":16},"1":{"name":"(anonymous_1)","decl":{"start":{"line":16,"column":17},"end":{"line":16,"column":18}},"loc":{"start":{"line":16,"column":28},"end":{"line":22,"column":3}},"line":16}},"branchMap":{"0":{"loc":{"start":{"line":15,"column":25},"end":{"line":15,"column":45}},"type":"default-arg","locations":[{"start":{"line":15,"column":33},"end":{"line":15,"column":45}}],"line":15},"1":{"loc":{"start":{"line":17,"column":4},"end":{"line":21,"column":5}},"type":"switch","locations":[{"start":{"line":18,"column":6},"end":{"line":20,"column":14}}],"line":17}},"s":{"0":20,"1":20,"2":282,"3":282,"4":0,"5":0},"f":{"0":282,"1":282},"b":{"0":[60],"1":[0]},"_coverageSchema":"1a1c01bbd47fc00a2c39e90264f33305004495a9","hash":"d6334860223bbdee67dff3f628dee360084c3223"}
,"D:\\Fullstack engineer\\Job\\Main Job\\PT PHINTRACO CONSULTING\\learning\\week 5\\client\\src\\containers\\Language\\selectors.js": {"path":"D:\\Fullstack engineer\\Job\\Main Job\\PT PHINTRACO CONSULTING\\learning\\week 5\\client\\src\\containers\\Language\\selectors.js","statementMap":{"0":{"start":{"line":5,"column":23},"end":{"line":5,"column":64}},"1":{"start":{"line":5,"column":34},"end":{"line":5,"column":64}},"2":{"start":{"line":7,"column":30},"end":{"line":7,"column":87}},"3":{"start":{"line":7,"column":72},"end":{"line":7,"column":86}}},"fnMap":{"0":{"name":"(anonymous_0)","decl":{"start":{"line":5,"column":23},"end":{"line":5,"column":24}},"loc":{"start":{"line":5,"column":34},"end":{"line":5,"column":64}},"line":5},"1":{"name":"(anonymous_1)","decl":{"start":{"line":7,"column":61},"end":{"line":7,"column":62}},"loc":{"start":{"line":7,"column":72},"end":{"line":7,"column":86}},"line":7}},"branchMap":{"0":{"loc":{"start":{"line":5,"column":34},"end":{"line":5,"column":64}},"type":"binary-expr","locations":[{"start":{"line":5,"column":34},"end":{"line":5,"column":48}},{"start":{"line":5,"column":52},"end":{"line":5,"column":64}}],"line":5}},"s":{"0":20,"1":121,"2":20,"3":20},"f":{"0":121,"1":20},"b":{"0":[121,0]},"_coverageSchema":"1a1c01bbd47fc00a2c39e90264f33305004495a9","hash":"225f810f508257d4ef07cf508b8ce4df41b189ec"}
,"D:\\Fullstack engineer\\Job\\Main Job\\PT PHINTRACO CONSULTING\\learning\\week 5\\client\\src\\domain\\api.js": {"path":"D:\\Fullstack engineer\\Job\\Main Job\\PT PHINTRACO CONSULTING\\learning\\week 5\\client\\src\\domain\\api.js","statementMap":{"0":{"start":{"line":6,"column":13},"end":{"line":38,"column":1}},"1":{"start":{"line":40,"column":23},"end":{"line":58,"column":1}},"2":{"start":{"line":41,"column":24},"end":{"line":43,"column":3}},"3":{"start":{"line":45,"column":18},"end":{"line":45,"column":46}},"4":{"start":{"line":46,"column":18},"end":{"line":52,"column":3}},"5":{"start":{"line":54,"column":2},"end":{"line":57,"column":5}},"6":{"start":{"line":55,"column":24},"end":{"line":55,"column":37}},"7":{"start":{"line":56,"column":4},"end":{"line":56,"column":23}},"8":{"start":{"line":60,"column":20},"end":{"line":60,"column":51}},"9":{"start":{"line":60,"column":26},"end":{"line":60,"column":51}},"10":{"start":{"line":61,"column":21},"end":{"line":61,"column":72}},"11":{"start":{"line":61,"column":31},"end":{"line":61,"column":72}},"12":{"start":{"line":64,"column":27},"end":{"line":64,"column":62}},"13":{"start":{"line":64,"column":33},"end":{"line":64,"column":62}},"14":{"start":{"line":65,"column":28},"end":{"line":65,"column":64}},"15":{"start":{"line":65,"column":34},"end":{"line":65,"column":64}},"16":{"start":{"line":66,"column":31},"end":{"line":66,"column":70}},"17":{"start":{"line":66,"column":37},"end":{"line":66,"column":70}},"18":{"start":{"line":67,"column":31},"end":{"line":67,"column":70}},"19":{"start":{"line":67,"column":37},"end":{"line":67,"column":70}},"20":{"start":{"line":68,"column":30},"end":{"line":68,"column":68}},"21":{"start":{"line":68,"column":36},"end":{"line":68,"column":68}},"22":{"start":{"line":69,"column":32},"end":{"line":69,"column":72}},"23":{"start":{"line":69,"column":38},"end":{"line":69,"column":72}},"24":{"start":{"line":70,"column":28},"end":{"line":70,"column":68}},"25":{"start":{"line":70,"column":34},"end":{"line":70,"column":68}},"26":{"start":{"line":73,"column":29},"end":{"line":73,"column":79}},"27":{"start":{"line":73,"column":37},"end":{"line":73,"column":79}},"28":{"start":{"line":74,"column":33},"end":{"line":74,"column":87}},"29":{"start":{"line":74,"column":41},"end":{"line":74,"column":87}},"30":{"start":{"line":75,"column":34},"end":{"line":75,"column":89}},"31":{"start":{"line":75,"column":42},"end":{"line":75,"column":89}},"32":{"start":{"line":78,"column":24},"end":{"line":83,"column":1}},"33":{"start":{"line":79,"column":18},"end":{"line":81,"column":3}},"34":{"start":{"line":82,"column":2},"end":{"line":82,"column":71}},"35":{"start":{"line":84,"column":27},"end":{"line":89,"column":1}},"36":{"start":{"line":85,"column":18},"end":{"line":87,"column":3}},"37":{"start":{"line":88,"column":2},"end":{"line":88,"column":63}},"38":{"start":{"line":90,"column":28},"end":{"line":90,"column":87}},"39":{"start":{"line":90,"column":38},"end":{"line":90,"column":87}},"40":{"start":{"line":91,"column":24},"end":{"line":96,"column":1}},"41":{"start":{"line":92,"column":18},"end":{"line":94,"column":3}},"42":{"start":{"line":95,"column":2},"end":{"line":95,"column":71}},"43":{"start":{"line":99,"column":29},"end":{"line":99,"column":88}},"44":{"start":{"line":99,"column":39},"end":{"line":99,"column":88}},"45":{"start":{"line":100,"column":32},"end":{"line":100,"column":94}},"46":{"start":{"line":100,"column":42},"end":{"line":100,"column":94}},"47":{"start":{"line":101,"column":28},"end":{"line":107,"column":1}},"48":{"start":{"line":102,"column":18},"end":{"line":104,"column":3}},"49":{"start":{"line":106,"column":2},"end":{"line":106,"column":63}},"50":{"start":{"line":108,"column":31},"end":{"line":108,"column":92}},"51":{"start":{"line":108,"column":41},"end":{"line":108,"column":92}},"52":{"start":{"line":111,"column":29},"end":{"line":111,"column":95}},"53":{"start":{"line":111,"column":39},"end":{"line":111,"column":95}},"54":{"start":{"line":112,"column":26},"end":{"line":112,"column":79}},"55":{"start":{"line":112,"column":34},"end":{"line":112,"column":79}}},"fnMap":{"0":{"name":"(anonymous_0)","decl":{"start":{"line":40,"column":23},"end":{"line":40,"column":24}},"loc":{"start":{"line":40,"column":88},"end":{"line":58,"column":1}},"line":40},"1":{"name":"(anonymous_1)","decl":{"start":{"line":54,"column":31},"end":{"line":54,"column":32}},"loc":{"start":{"line":54,"column":45},"end":{"line":57,"column":3}},"line":54},"2":{"name":"(anonymous_2)","decl":{"start":{"line":60,"column":20},"end":{"line":60,"column":21}},"loc":{"start":{"line":60,"column":26},"end":{"line":60,"column":51}},"line":60},"3":{"name":"(anonymous_3)","decl":{"start":{"line":61,"column":21},"end":{"line":61,"column":22}},"loc":{"start":{"line":61,"column":31},"end":{"line":61,"column":72}},"line":61},"4":{"name":"(anonymous_4)","decl":{"start":{"line":64,"column":27},"end":{"line":64,"column":28}},"loc":{"start":{"line":64,"column":33},"end":{"line":64,"column":62}},"line":64},"5":{"name":"(anonymous_5)","decl":{"start":{"line":65,"column":28},"end":{"line":65,"column":29}},"loc":{"start":{"line":65,"column":34},"end":{"line":65,"column":64}},"line":65},"6":{"name":"(anonymous_6)","decl":{"start":{"line":66,"column":31},"end":{"line":66,"column":32}},"loc":{"start":{"line":66,"column":37},"end":{"line":66,"column":70}},"line":66},"7":{"name":"(anonymous_7)","decl":{"start":{"line":67,"column":31},"end":{"line":67,"column":32}},"loc":{"start":{"line":67,"column":37},"end":{"line":67,"column":70}},"line":67},"8":{"name":"(anonymous_8)","decl":{"start":{"line":68,"column":30},"end":{"line":68,"column":31}},"loc":{"start":{"line":68,"column":36},"end":{"line":68,"column":68}},"line":68},"9":{"name":"(anonymous_9)","decl":{"start":{"line":69,"column":32},"end":{"line":69,"column":33}},"loc":{"start":{"line":69,"column":38},"end":{"line":69,"column":72}},"line":69},"10":{"name":"(anonymous_10)","decl":{"start":{"line":70,"column":28},"end":{"line":70,"column":29}},"loc":{"start":{"line":70,"column":34},"end":{"line":70,"column":68}},"line":70},"11":{"name":"(anonymous_11)","decl":{"start":{"line":73,"column":29},"end":{"line":73,"column":30}},"loc":{"start":{"line":73,"column":37},"end":{"line":73,"column":79}},"line":73},"12":{"name":"(anonymous_12)","decl":{"start":{"line":74,"column":33},"end":{"line":74,"column":34}},"loc":{"start":{"line":74,"column":41},"end":{"line":74,"column":87}},"line":74},"13":{"name":"(anonymous_13)","decl":{"start":{"line":75,"column":34},"end":{"line":75,"column":35}},"loc":{"start":{"line":75,"column":42},"end":{"line":75,"column":89}},"line":75},"14":{"name":"(anonymous_14)","decl":{"start":{"line":78,"column":24},"end":{"line":78,"column":25}},"loc":{"start":{"line":78,"column":38},"end":{"line":83,"column":1}},"line":78},"15":{"name":"(anonymous_15)","decl":{"start":{"line":84,"column":27},"end":{"line":84,"column":28}},"loc":{"start":{"line":84,"column":37},"end":{"line":89,"column":1}},"line":84},"16":{"name":"(anonymous_16)","decl":{"start":{"line":90,"column":28},"end":{"line":90,"column":29}},"loc":{"start":{"line":90,"column":38},"end":{"line":90,"column":87}},"line":90},"17":{"name":"(anonymous_17)","decl":{"start":{"line":91,"column":24},"end":{"line":91,"column":25}},"loc":{"start":{"line":91,"column":38},"end":{"line":96,"column":1}},"line":91},"18":{"name":"(anonymous_18)","decl":{"start":{"line":99,"column":29},"end":{"line":99,"column":30}},"loc":{"start":{"line":99,"column":39},"end":{"line":99,"column":88}},"line":99},"19":{"name":"(anonymous_19)","decl":{"start":{"line":100,"column":32},"end":{"line":100,"column":33}},"loc":{"start":{"line":100,"column":42},"end":{"line":100,"column":94}},"line":100},"20":{"name":"(anonymous_20)","decl":{"start":{"line":101,"column":28},"end":{"line":101,"column":29}},"loc":{"start":{"line":101,"column":38},"end":{"line":107,"column":1}},"line":101},"21":{"name":"(anonymous_21)","decl":{"start":{"line":108,"column":31},"end":{"line":108,"column":32}},"loc":{"start":{"line":108,"column":41},"end":{"line":108,"column":92}},"line":108},"22":{"name":"(anonymous_22)","decl":{"start":{"line":111,"column":29},"end":{"line":111,"column":30}},"loc":{"start":{"line":111,"column":39},"end":{"line":111,"column":95}},"line":111},"23":{"name":"(anonymous_23)","decl":{"start":{"line":112,"column":26},"end":{"line":112,"column":27}},"loc":{"start":{"line":112,"column":34},"end":{"line":112,"column":79}},"line":112}},"branchMap":{"0":{"loc":{"start":{"line":40,"column":48},"end":{"line":40,"column":59}},"type":"default-arg","locations":[{"start":{"line":40,"column":57},"end":{"line":40,"column":59}}],"line":40},"1":{"loc":{"start":{"line":40,"column":61},"end":{"line":40,"column":72}},"type":"default-arg","locations":[{"start":{"line":40,"column":70},"end":{"line":40,"column":72}}],"line":40},"2":{"loc":{"start":{"line":40,"column":74},"end":{"line":40,"column":83}},"type":"default-arg","locations":[{"start":{"line":40,"column":81},"end":{"line":40,"column":83}}],"line":40}},"s":{"0":20,"1":20,"2":16,"3":16,"4":16,"5":16,"6":0,"7":0,"8":20,"9":0,"10":20,"11":0,"12":20,"13":2,"14":20,"15":2,"16":20,"17":2,"18":20,"19":1,"20":20,"21":1,"22":20,"23":1,"24":20,"25":1,"26":20,"27":2,"28":20,"29":1,"30":20,"31":3,"32":20,"33":0,"34":0,"35":20,"36":0,"37":0,"38":20,"39":0,"40":20,"41":0,"42":0,"43":20,"44":0,"45":20,"46":0,"47":20,"48":0,"49":0,"50":20,"51":0,"52":20,"53":0,"54":20,"55":0},"f":{"0":16,"1":0,"2":0,"3":0,"4":2,"5":2,"6":2,"7":1,"8":1,"9":1,"10":1,"11":2,"12":1,"13":3,"14":0,"15":0,"16":0,"17":0,"18":0,"19":0,"20":0,"21":0,"22":0,"23":0},"b":{"0":[16],"1":[16],"2":[16]},"_coverageSchema":"1a1c01bbd47fc00a2c39e90264f33305004495a9","hash":"e114667ae96de2a60e253216bdfdf5785ee62c8b"}
,"D:\\Fullstack engineer\\Job\\Main Job\\PT PHINTRACO CONSULTING\\learning\\week 5\\client\\src\\languages\\en.js": {"path":"D:\\Fullstack engineer\\Job\\Main Job\\PT PHINTRACO CONSULTING\\learning\\week 5\\client\\src\\languages\\en.js","statementMap":{},"fnMap":{},"branchMap":{},"s":{},"f":{},"b":{},"_coverageSchema":"1a1c01bbd47fc00a2c39e90264f33305004495a9","hash":"b602a6bc7746e187346aeeb0284cfcb630495c73"}
,"D:\\Fullstack engineer\\Job\\Main Job\\PT PHINTRACO CONSULTING\\learning\\week 5\\client\\src\\languages\\id.js": {"path":"D:\\Fullstack engineer\\Job\\Main Job\\PT PHINTRACO CONSULTING\\learning\\week 5\\client\\src\\languages\\id.js","statementMap":{},"fnMap":{},"branchMap":{},"s":{},"f":{},"b":{},"_coverageSchema":"1a1c01bbd47fc00a2c39e90264f33305004495a9","hash":"2239649c9ffc225c16c66a87516c3359388c68b2"}
,"D:\\Fullstack engineer\\Job\\Main Job\\PT PHINTRACO CONSULTING\\learning\\week 5\\client\\src\\pages\\Admin\\actions.js": {"path":"D:\\Fullstack engineer\\Job\\Main Job\\PT PHINTRACO CONSULTING\\learning\\week 5\\client\\src\\pages\\Admin\\actions.js","statementMap":{"0":{"start":{"line":3,"column":24},"end":{"line":5,"column":2}},"1":{"start":{"line":3,"column":31},"end":{"line":5,"column":1}},"2":{"start":{"line":7,"column":24},"end":{"line":10,"column":2}},"3":{"start":{"line":7,"column":37},"end":{"line":10,"column":1}}},"fnMap":{"0":{"name":"(anonymous_0)","decl":{"start":{"line":3,"column":24},"end":{"line":3,"column":25}},"loc":{"start":{"line":3,"column":31},"end":{"line":5,"column":1}},"line":3},"1":{"name":"(anonymous_1)","decl":{"start":{"line":7,"column":24},"end":{"line":7,"column":25}},"loc":{"start":{"line":7,"column":37},"end":{"line":10,"column":1}},"line":7}},"branchMap":{},"s":{"0":20,"1":2,"2":20,"3":0},"f":{"0":2,"1":0},"b":{},"_coverageSchema":"1a1c01bbd47fc00a2c39e90264f33305004495a9","hash":"bf8477f461c7c20343fb52171a3935fc7b916c8b"}
,"D:\\Fullstack engineer\\Job\\Main Job\\PT PHINTRACO CONSULTING\\learning\\week 5\\client\\src\\pages\\Admin\\constants.js": {"path":"D:\\Fullstack engineer\\Job\\Main Job\\PT PHINTRACO CONSULTING\\learning\\week 5\\client\\src\\pages\\Admin\\constants.js","statementMap":{"0":{"start":{"line":1,"column":25},"end":{"line":1,"column":46}},"1":{"start":{"line":2,"column":25},"end":{"line":2,"column":46}}},"fnMap":{},"branchMap":{},"s":{"0":20,"1":20},"f":{},"b":{},"_coverageSchema":"1a1c01bbd47fc00a2c39e90264f33305004495a9","hash":"6162415884af1f51c1ae33188e0cf088edd9b07c"}
,"D:\\Fullstack engineer\\Job\\Main Job\\PT PHINTRACO CONSULTING\\learning\\week 5\\client\\src\\pages\\Admin\\index.jsx": {"path":"D:\\Fullstack engineer\\Job\\Main Job\\PT PHINTRACO CONSULTING\\learning\\week 5\\client\\src\\pages\\Admin\\index.jsx","statementMap":{"0":{"start":{"line":16,"column":14},"end":{"line":89,"column":1}},"1":{"start":{"line":17,"column":19},"end":{"line":17,"column":32}},"2":{"start":{"line":18,"column":34},"end":{"line":18,"column":48}},"3":{"start":{"line":19,"column":34},"end":{"line":19,"column":48}},"4":{"start":{"line":21,"column":22},"end":{"line":24,"column":3}},"5":{"start":{"line":21,"column":32},"end":{"line":24,"column":3}},"6":{"start":{"line":22,"column":4},"end":{"line":22,"column":37}},"7":{"start":{"line":23,"column":4},"end":{"line":23,"column":22}},"8":{"start":{"line":26,"column":22},"end":{"line":29,"column":3}},"9":{"start":{"line":27,"column":4},"end":{"line":27,"column":22}},"10":{"start":{"line":28,"column":4},"end":{"line":28,"column":22}},"11":{"start":{"line":31,"column":2},"end":{"line":33,"column":17}},"12":{"start":{"line":32,"column":4},"end":{"line":32,"column":25}},"13":{"start":{"line":35,"column":2},"end":{"line":88,"column":4}},"14":{"start":{"line":54,"column":12},"end":{"line":83,"column":18}},"15":{"start":{"line":91,"column":0},"end":{"line":93,"column":2}},"16":{"start":{"line":95,"column":24},"end":{"line":98,"column":2}}},"fnMap":{"0":{"name":"(anonymous_0)","decl":{"start":{"line":16,"column":14},"end":{"line":16,"column":15}},"loc":{"start":{"line":16,"column":30},"end":{"line":89,"column":1}},"line":16},"1":{"name":"(anonymous_1)","decl":{"start":{"line":21,"column":22},"end":{"line":21,"column":23}},"loc":{"start":{"line":21,"column":32},"end":{"line":24,"column":3}},"line":21},"2":{"name":"(anonymous_2)","decl":{"start":{"line":21,"column":32},"end":{"line":21,"column":33}},"loc":{"start":{"line":21,"column":43},"end":{"line":24,"column":3}},"line":21},"3":{"name":"(anonymous_3)","decl":{"start":{"line":26,"column":22},"end":{"line":26,"column":23}},"loc":{"start":{"line":26,"column":28},"end":{"line":29,"column":3}},"line":26},"4":{"name":"(anonymous_4)","decl":{"start":{"line":31,"column":12},"end":{"line":31,"column":13}},"loc":{"start":{"line":31,"column":18},"end":{"line":33,"column":3}},"line":31},"5":{"name":"(anonymous_5)","decl":{"start":{"line":53,"column":21},"end":{"line":53,"column":22}},"loc":{"start":{"line":54,"column":12},"end":{"line":83,"column":18}},"line":54}},"branchMap":{"0":{"loc":{"start":{"line":48,"column":9},"end":{"line":85,"column":9}},"type":"cond-expr","locations":[{"start":{"line":49,"column":10},"end":{"line":51,"column":15}},{"start":{"line":53,"column":10},"end":{"line":84,"column":12}}],"line":48},"1":{"loc":{"start":{"line":61,"column":17},"end":{"line":61,"column":107}},"type":"cond-expr","locations":[{"start":{"line":61,"column":45},"end":{"line":61,"column":68}},{"start":{"line":61,"column":71},"end":{"line":61,"column":107}}],"line":61}},"s":{"0":1,"1":2,"2":2,"3":2,"4":2,"5":0,"6":0,"7":0,"8":2,"9":0,"10":0,"11":2,"12":2,"13":2,"14":0,"15":1,"16":1},"f":{"0":2,"1":0,"2":0,"3":0,"4":2,"5":0},"b":{"0":[2,0],"1":[0,0]},"_coverageSchema":"1a1c01bbd47fc00a2c39e90264f33305004495a9","hash":"e777c32ab20042e242dcdb9337bb0064d29638b7"}
,"D:\\Fullstack engineer\\Job\\Main Job\\PT PHINTRACO CONSULTING\\learning\\week 5\\client\\src\\pages\\Admin\\reducer.js": {"path":"D:\\Fullstack engineer\\Job\\Main Job\\PT PHINTRACO CONSULTING\\learning\\week 5\\client\\src\\pages\\Admin\\reducer.js","statementMap":{"0":{"start":{"line":4,"column":28},"end":{"line":6,"column":1}},"1":{"start":{"line":8,"column":25},"end":{"line":8,"column":34}},"2":{"start":{"line":10,"column":21},"end":{"line":17,"column":4}},"3":{"start":{"line":11,"column":2},"end":{"line":17,"column":4}},"4":{"start":{"line":12,"column":4},"end":{"line":16,"column":5}},"5":{"start":{"line":14,"column":8},"end":{"line":14,"column":37}},"6":{"start":{"line":15,"column":8},"end":{"line":15,"column":14}}},"fnMap":{"0":{"name":"(anonymous_0)","decl":{"start":{"line":10,"column":21},"end":{"line":10,"column":22}},"loc":{"start":{"line":11,"column":2},"end":{"line":17,"column":4}},"line":11},"1":{"name":"(anonymous_1)","decl":{"start":{"line":11,"column":17},"end":{"line":11,"column":18}},"loc":{"start":{"line":11,"column":28},"end":{"line":17,"column":3}},"line":11}},"branchMap":{"0":{"loc":{"start":{"line":10,"column":22},"end":{"line":10,"column":42}},"type":"default-arg","locations":[{"start":{"line":10,"column":30},"end":{"line":10,"column":42}}],"line":10},"1":{"loc":{"start":{"line":12,"column":4},"end":{"line":16,"column":5}},"type":"switch","locations":[{"start":{"line":13,"column":6},"end":{"line":15,"column":14}}],"line":12}},"s":{"0":20,"1":20,"2":20,"3":282,"4":282,"5":0,"6":0},"f":{"0":282,"1":282},"b":{"0":[60],"1":[0]},"_coverageSchema":"1a1c01bbd47fc00a2c39e90264f33305004495a9","hash":"997b981ecae035d2a09296aba603d1730cecc052"}
,"D:\\Fullstack engineer\\Job\\Main Job\\PT PHINTRACO CONSULTING\\learning\\week 5\\client\\src\\pages\\Admin\\saga.js": {"path":"D:\\Fullstack engineer\\Job\\Main Job\\PT PHINTRACO CONSULTING\\learning\\week 5\\client\\src\\pages\\Admin\\saga.js","statementMap":{"0":{"start":{"line":8,"column":2},"end":{"line":8,"column":30}},"1":{"start":{"line":9,"column":2},"end":{"line":15,"column":3}},"2":{"start":{"line":10,"column":21},"end":{"line":10,"column":45}},"3":{"start":{"line":11,"column":4},"end":{"line":11,"column":42}},"4":{"start":{"line":13,"column":4},"end":{"line":13,"column":25}},"5":{"start":{"line":14,"column":4},"end":{"line":14,"column":49}},"6":{"start":{"line":16,"column":2},"end":{"line":16,"column":31}},"7":{"start":{"line":20,"column":2},"end":{"line":20,"column":43}}},"fnMap":{"0":{"name":"getAllAdmin","decl":{"start":{"line":7,"column":10},"end":{"line":7,"column":21}},"loc":{"start":{"line":7,"column":24},"end":{"line":17,"column":1}},"line":7},"1":{"name":"adminListSaga","decl":{"start":{"line":19,"column":25},"end":{"line":19,"column":38}},"loc":{"start":{"line":19,"column":41},"end":{"line":21,"column":1}},"line":19}},"branchMap":{},"s":{"0":2,"1":2,"2":2,"3":0,"4":0,"5":0,"6":0,"7":20},"f":{"0":2,"1":20},"b":{},"_coverageSchema":"1a1c01bbd47fc00a2c39e90264f33305004495a9","hash":"eff1660226da48328bf60ef86e6eebf90615210d"}
,"D:\\Fullstack engineer\\Job\\Main Job\\PT PHINTRACO CONSULTING\\learning\\week 5\\client\\src\\pages\\Admin\\selectors.js": {"path":"D:\\Fullstack engineer\\Job\\Main Job\\PT PHINTRACO CONSULTING\\learning\\week 5\\client\\src\\pages\\Admin\\selectors.js","statementMap":{"0":{"start":{"line":4,"column":29},"end":{"line":4,"column":71}},"1":{"start":{"line":4,"column":40},"end":{"line":4,"column":71}},"2":{"start":{"line":6,"column":31},"end":{"line":6,"column":92}},"3":{"start":{"line":6,"column":79},"end":{"line":6,"column":91}}},"fnMap":{"0":{"name":"(anonymous_0)","decl":{"start":{"line":4,"column":29},"end":{"line":4,"column":30}},"loc":{"start":{"line":4,"column":40},"end":{"line":4,"column":71}},"line":4},"1":{"name":"(anonymous_1)","decl":{"start":{"line":6,"column":68},"end":{"line":6,"column":69}},"loc":{"start":{"line":6,"column":79},"end":{"line":6,"column":91}},"line":6}},"branchMap":{"0":{"loc":{"start":{"line":4,"column":40},"end":{"line":4,"column":71}},"type":"binary-expr","locations":[{"start":{"line":4,"column":40},"end":{"line":4,"column":55}},{"start":{"line":4,"column":59},"end":{"line":4,"column":71}}],"line":4}},"s":{"0":1,"1":3,"2":1,"3":1},"f":{"0":3,"1":1},"b":{"0":[3,0]},"_coverageSchema":"1a1c01bbd47fc00a2c39e90264f33305004495a9","hash":"265c0312dbaf6bf5c388fb8592ea129a08a9ab90"}
,"D:\\Fullstack engineer\\Job\\Main Job\\PT PHINTRACO CONSULTING\\learning\\week 5\\client\\src\\pages\\Book\\actions.js": {"path":"D:\\Fullstack engineer\\Job\\Main Job\\PT PHINTRACO CONSULTING\\learning\\week 5\\client\\src\\pages\\Book\\actions.js","statementMap":{"0":{"start":{"line":3,"column":23},"end":{"line":5,"column":2}},"1":{"start":{"line":3,"column":30},"end":{"line":5,"column":1}},"2":{"start":{"line":7,"column":23},"end":{"line":10,"column":2}},"3":{"start":{"line":7,"column":35},"end":{"line":10,"column":1}},"4":{"start":{"line":12,"column":26},"end":{"line":16,"column":2}},"5":{"start":{"line":12,"column":39},"end":{"line":16,"column":1}}},"fnMap":{"0":{"name":"(anonymous_0)","decl":{"start":{"line":3,"column":23},"end":{"line":3,"column":24}},"loc":{"start":{"line":3,"column":30},"end":{"line":5,"column":1}},"line":3},"1":{"name":"(anonymous_1)","decl":{"start":{"line":7,"column":23},"end":{"line":7,"column":24}},"loc":{"start":{"line":7,"column":35},"end":{"line":10,"column":1}},"line":7},"2":{"name":"(anonymous_2)","decl":{"start":{"line":12,"column":26},"end":{"line":12,"column":27}},"loc":{"start":{"line":12,"column":39},"end":{"line":16,"column":1}},"line":12}},"branchMap":{},"s":{"0":20,"1":2,"2":20,"3":0,"4":20,"5":0},"f":{"0":2,"1":0,"2":0},"b":{},"_coverageSchema":"1a1c01bbd47fc00a2c39e90264f33305004495a9","hash":"d0ccaa9788e3f5d4167ea2c41bc8df686ad309fa"}
,"D:\\Fullstack engineer\\Job\\Main Job\\PT PHINTRACO CONSULTING\\learning\\week 5\\client\\src\\pages\\Book\\constants.js": {"path":"D:\\Fullstack engineer\\Job\\Main Job\\PT PHINTRACO CONSULTING\\learning\\week 5\\client\\src\\pages\\Book\\constants.js","statementMap":{"0":{"start":{"line":1,"column":24},"end":{"line":1,"column":43}},"1":{"start":{"line":2,"column":24},"end":{"line":2,"column":43}},"2":{"start":{"line":4,"column":27},"end":{"line":4,"column":49}}},"fnMap":{},"branchMap":{},"s":{"0":20,"1":20,"2":20},"f":{},"b":{},"_coverageSchema":"1a1c01bbd47fc00a2c39e90264f33305004495a9","hash":"8ba5cdbca44f7f0a901f8328b90c55ed6872806b"}
,"D:\\Fullstack engineer\\Job\\Main Job\\PT PHINTRACO CONSULTING\\learning\\week 5\\client\\src\\pages\\Book\\index.jsx": {"path":"D:\\Fullstack engineer\\Job\\Main Job\\PT PHINTRACO CONSULTING\\learning\\week 5\\client\\src\\pages\\Book\\index.jsx","statementMap":{"0":{"start":{"line":21,"column":14},"end":{"line":31,"column":1}},"1":{"start":{"line":33,"column":13},"end":{"line":175,"column":1}},"2":{"start":{"line":34,"column":19},"end":{"line":34,"column":32}},"3":{"start":{"line":35,"column":34},"end":{"line":35,"column":48}},"4":{"start":{"line":36,"column":34},"end":{"line":36,"column":48}},"5":{"start":{"line":38,"column":22},"end":{"line":41,"column":3}},"6":{"start":{"line":38,"column":32},"end":{"line":41,"column":3}},"7":{"start":{"line":39,"column":4},"end":{"line":39,"column":37}},"8":{"start":{"line":40,"column":4},"end":{"line":40,"column":22}},"9":{"start":{"line":43,"column":22},"end":{"line":46,"column":3}},"10":{"start":{"line":44,"column":4},"end":{"line":44,"column":22}},"11":{"start":{"line":45,"column":4},"end":{"line":45,"column":22}},"12":{"start":{"line":48,"column":23},"end":{"line":55,"column":3}},"13":{"start":{"line":49,"column":4},"end":{"line":54,"column":6}},"14":{"start":{"line":51,"column":8},"end":{"line":51,"column":51}},"15":{"start":{"line":52,"column":8},"end":{"line":52,"column":28}},"16":{"start":{"line":57,"column":2},"end":{"line":59,"column":17}},"17":{"start":{"line":58,"column":4},"end":{"line":58,"column":24}},"18":{"start":{"line":61,"column":26},"end":{"line":61,"column":41}},"19":{"start":{"line":62,"column":26},"end":{"line":62,"column":45}},"20":{"start":{"line":62,"column":32},"end":{"line":62,"column":45}},"21":{"start":{"line":63,"column":27},"end":{"line":63,"column":47}},"22":{"start":{"line":63,"column":33},"end":{"line":63,"column":47}},"23":{"start":{"line":65,"column":2},"end":{"line":174,"column":4}},"24":{"start":{"line":84,"column":12},"end":{"line":168,"column":18}},"25":{"start":{"line":151,"column":32},"end":{"line":151,"column":54}},"26":{"start":{"line":152,"column":32},"end":{"line":152,"column":51}},"27":{"start":{"line":153,"column":32},"end":{"line":153,"column":46}},"28":{"start":{"line":177,"column":0},"end":{"line":179,"column":2}},"29":{"start":{"line":181,"column":24},"end":{"line":183,"column":2}}},"fnMap":{"0":{"name":"(anonymous_0)","decl":{"start":{"line":33,"column":13},"end":{"line":33,"column":14}},"loc":{"start":{"line":33,"column":28},"end":{"line":175,"column":1}},"line":33},"1":{"name":"(anonymous_1)","decl":{"start":{"line":38,"column":22},"end":{"line":38,"column":23}},"loc":{"start":{"line":38,"column":32},"end":{"line":41,"column":3}},"line":38},"2":{"name":"(anonymous_2)","decl":{"start":{"line":38,"column":32},"end":{"line":38,"column":33}},"loc":{"start":{"line":38,"column":43},"end":{"line":41,"column":3}},"line":38},"3":{"name":"(anonymous_3)","decl":{"start":{"line":43,"column":22},"end":{"line":43,"column":23}},"loc":{"start":{"line":43,"column":28},"end":{"line":46,"column":3}},"line":43},"4":{"name":"(anonymous_4)","decl":{"start":{"line":48,"column":23},"end":{"line":48,"column":24}},"loc":{"start":{"line":48,"column":37},"end":{"line":55,"column":3}},"line":48},"5":{"name":"(anonymous_5)","decl":{"start":{"line":50,"column":21},"end":{"line":50,"column":22}},"loc":{"start":{"line":50,"column":34},"end":{"line":53,"column":7}},"line":50},"6":{"name":"(anonymous_6)","decl":{"start":{"line":57,"column":12},"end":{"line":57,"column":13}},"loc":{"start":{"line":57,"column":18},"end":{"line":59,"column":3}},"line":57},"7":{"name":"(anonymous_7)","decl":{"start":{"line":62,"column":26},"end":{"line":62,"column":27}},"loc":{"start":{"line":62,"column":32},"end":{"line":62,"column":45}},"line":62},"8":{"name":"(anonymous_8)","decl":{"start":{"line":63,"column":27},"end":{"line":63,"column":28}},"loc":{"start":{"line":63,"column":33},"end":{"line":63,"column":47}},"line":63},"9":{"name":"(anonymous_9)","decl":{"start":{"line":83,"column":20},"end":{"line":83,"column":21}},"loc":{"start":{"line":84,"column":12},"end":{"line":168,"column":18}},"line":84},"10":{"name":"(anonymous_10)","decl":{"start":{"line":150,"column":39},"end":{"line":150,"column":40}},"loc":{"start":{"line":150,"column":45},"end":{"line":154,"column":31}},"line":150}},"branchMap":{"0":{"loc":{"start":{"line":78,"column":9},"end":{"line":170,"column":9}},"type":"cond-expr","locations":[{"start":{"line":79,"column":10},"end":{"line":81,"column":15}},{"start":{"line":83,"column":10},"end":{"line":169,"column":12}}],"line":78},"1":{"loc":{"start":{"line":86,"column":17},"end":{"line":90,"column":17}},"type":"cond-expr","locations":[{"start":{"line":87,"column":18},"end":{"line":87,"column":39}},{"start":{"line":89,"column":18},"end":{"line":89,"column":74}}],"line":86},"2":{"loc":{"start":{"line":102,"column":19},"end":{"line":106,"column":19}},"type":"cond-expr","locations":[{"start":{"line":103,"column":20},"end":{"line":103,"column":40}},{"start":{"line":105,"column":20},"end":{"line":105,"column":77}}],"line":102}},"s":{"0":1,"1":1,"2":2,"3":2,"4":2,"5":2,"6":0,"7":0,"8":0,"9":2,"10":0,"11":0,"12":2,"13":0,"14":0,"15":0,"16":2,"17":2,"18":2,"19":2,"20":0,"21":2,"22":0,"23":2,"24":0,"25":0,"26":0,"27":0,"28":1,"29":1},"f":{"0":2,"1":0,"2":0,"3":0,"4":0,"5":0,"6":2,"7":0,"8":0,"9":0,"10":0},"b":{"0":[2,0],"1":[0,0],"2":[0,0]},"_coverageSchema":"1a1c01bbd47fc00a2c39e90264f33305004495a9","hash":"ad7d99dd592546ed52e2060eb2b1decbe91013af"}
,"D:\\Fullstack engineer\\Job\\Main Job\\PT PHINTRACO CONSULTING\\learning\\week 5\\client\\src\\pages\\Book\\reducer.js": {"path":"D:\\Fullstack engineer\\Job\\Main Job\\PT PHINTRACO CONSULTING\\learning\\week 5\\client\\src\\pages\\Book\\reducer.js","statementMap":{"0":{"start":{"line":4,"column":28},"end":{"line":6,"column":1}},"1":{"start":{"line":8,"column":25},"end":{"line":8,"column":34}},"2":{"start":{"line":10,"column":20},"end":{"line":17,"column":4}},"3":{"start":{"line":11,"column":2},"end":{"line":17,"column":4}},"4":{"start":{"line":12,"column":4},"end":{"line":16,"column":5}},"5":{"start":{"line":14,"column":8},"end":{"line":14,"column":35}},"6":{"start":{"line":15,"column":8},"end":{"line":15,"column":14}}},"fnMap":{"0":{"name":"(anonymous_0)","decl":{"start":{"line":10,"column":20},"end":{"line":10,"column":21}},"loc":{"start":{"line":11,"column":2},"end":{"line":17,"column":4}},"line":11},"1":{"name":"(anonymous_1)","decl":{"start":{"line":11,"column":17},"end":{"line":11,"column":18}},"loc":{"start":{"line":11,"column":28},"end":{"line":17,"column":3}},"line":11}},"branchMap":{"0":{"loc":{"start":{"line":10,"column":21},"end":{"line":10,"column":41}},"type":"default-arg","locations":[{"start":{"line":10,"column":29},"end":{"line":10,"column":41}}],"line":10},"1":{"loc":{"start":{"line":12,"column":4},"end":{"line":16,"column":5}},"type":"switch","locations":[{"start":{"line":13,"column":6},"end":{"line":15,"column":14}}],"line":12}},"s":{"0":20,"1":20,"2":20,"3":282,"4":282,"5":0,"6":0},"f":{"0":282,"1":282},"b":{"0":[60],"1":[0]},"_coverageSchema":"1a1c01bbd47fc00a2c39e90264f33305004495a9","hash":"57103f46547b01fe774268184e36fa61bc09538a"}
,"D:\\Fullstack engineer\\Job\\Main Job\\PT PHINTRACO CONSULTING\\learning\\week 5\\client\\src\\pages\\Book\\saga.js": {"path":"D:\\Fullstack engineer\\Job\\Main Job\\PT PHINTRACO CONSULTING\\learning\\week 5\\client\\src\\pages\\Book\\saga.js","statementMap":{"0":{"start":{"line":8,"column":2},"end":{"line":8,"column":30}},"1":{"start":{"line":9,"column":2},"end":{"line":15,"column":3}},"2":{"start":{"line":10,"column":21},"end":{"line":10,"column":44}},"3":{"start":{"line":12,"column":4},"end":{"line":12,"column":41}},"4":{"start":{"line":14,"column":4},"end":{"line":14,"column":65}},"5":{"start":{"line":16,"column":2},"end":{"line":16,"column":31}},"6":{"start":{"line":20,"column":2},"end":{"line":20,"column":30}},"7":{"start":{"line":21,"column":2},"end":{"line":26,"column":3}},"8":{"start":{"line":22,"column":21},"end":{"line":22,"column":47}},"9":{"start":{"line":23,"column":4},"end":{"line":23,"column":31}},"10":{"start":{"line":25,"column":4},"end":{"line":25,"column":65}},"11":{"start":{"line":27,"column":2},"end":{"line":27,"column":31}},"12":{"start":{"line":31,"column":2},"end":{"line":31,"column":41}},"13":{"start":{"line":32,"column":2},"end":{"line":32,"column":46}}},"fnMap":{"0":{"name":"getAllBook","decl":{"start":{"line":7,"column":10},"end":{"line":7,"column":20}},"loc":{"start":{"line":7,"column":23},"end":{"line":17,"column":1}},"line":7},"1":{"name":"doDeleteBook","decl":{"start":{"line":19,"column":10},"end":{"line":19,"column":22}},"loc":{"start":{"line":19,"column":35},"end":{"line":28,"column":1}},"line":19},"2":{"name":"bookListSaga","decl":{"start":{"line":30,"column":25},"end":{"line":30,"column":37}},"loc":{"start":{"line":30,"column":40},"end":{"line":33,"column":1}},"line":30}},"branchMap":{"0":{"loc":{"start":{"line":23,"column":4},"end":{"line":23,"column":30}},"type":"binary-expr","locations":[{"start":{"line":23,"column":4},"end":{"line":23,"column":6}},{"start":{"line":23,"column":10},"end":{"line":23,"column":30}}],"line":23}},"s":{"0":2,"1":2,"2":2,"3":0,"4":0,"5":0,"6":0,"7":0,"8":0,"9":0,"10":0,"11":0,"12":20,"13":20},"f":{"0":2,"1":0,"2":20},"b":{"0":[0,0]},"_coverageSchema":"1a1c01bbd47fc00a2c39e90264f33305004495a9","hash":"e117032ab41f42ffee6dbabd40efba7f6cf74d8f"}
,"D:\\Fullstack engineer\\Job\\Main Job\\PT PHINTRACO CONSULTING\\learning\\week 5\\client\\src\\pages\\Book\\selectors.js": {"path":"D:\\Fullstack engineer\\Job\\Main Job\\PT PHINTRACO CONSULTING\\learning\\week 5\\client\\src\\pages\\Book\\selectors.js","statementMap":{"0":{"start":{"line":4,"column":28},"end":{"line":4,"column":69}},"1":{"start":{"line":4,"column":39},"end":{"line":4,"column":69}},"2":{"start":{"line":6,"column":30},"end":{"line":6,"column":89}},"3":{"start":{"line":6,"column":77},"end":{"line":6,"column":88}}},"fnMap":{"0":{"name":"(anonymous_0)","decl":{"start":{"line":4,"column":28},"end":{"line":4,"column":29}},"loc":{"start":{"line":4,"column":39},"end":{"line":4,"column":69}},"line":4},"1":{"name":"(anonymous_1)","decl":{"start":{"line":6,"column":66},"end":{"line":6,"column":67}},"loc":{"start":{"line":6,"column":77},"end":{"line":6,"column":88}},"line":6}},"branchMap":{"0":{"loc":{"start":{"line":4,"column":39},"end":{"line":4,"column":69}},"type":"binary-expr","locations":[{"start":{"line":4,"column":39},"end":{"line":4,"column":53}},{"start":{"line":4,"column":57},"end":{"line":4,"column":69}}],"line":4}},"s":{"0":3,"1":5,"2":3,"3":3},"f":{"0":5,"1":3},"b":{"0":[5,0]},"_coverageSchema":"1a1c01bbd47fc00a2c39e90264f33305004495a9","hash":"570c56ebd17b446df87330d24af311fef1f51561"}
,"D:\\Fullstack engineer\\Job\\Main Job\\PT PHINTRACO CONSULTING\\learning\\week 5\\client\\src\\pages\\BookDetail\\index.jsx": {"path":"D:\\Fullstack engineer\\Job\\Main Job\\PT PHINTRACO CONSULTING\\learning\\week 5\\client\\src\\pages\\BookDetail\\index.jsx","statementMap":{"0":{"start":{"line":12,"column":19},"end":{"line":40,"column":1}},"1":{"start":{"line":13,"column":19},"end":{"line":13,"column":32}},"2":{"start":{"line":14,"column":17},"end":{"line":14,"column":28}},"3":{"start":{"line":16,"column":2},"end":{"line":18,"column":21}},"4":{"start":{"line":17,"column":4},"end":{"line":17,"column":30}},"5":{"start":{"line":20,"column":2},"end":{"line":39,"column":4}},"6":{"start":{"line":42,"column":0},"end":{"line":44,"column":2}},"7":{"start":{"line":46,"column":24},"end":{"line":48,"column":2}}},"fnMap":{"0":{"name":"(anonymous_0)","decl":{"start":{"line":12,"column":19},"end":{"line":12,"column":20}},"loc":{"start":{"line":12,"column":39},"end":{"line":40,"column":1}},"line":12},"1":{"name":"(anonymous_1)","decl":{"start":{"line":16,"column":12},"end":{"line":16,"column":13}},"loc":{"start":{"line":16,"column":18},"end":{"line":18,"column":3}},"line":16}},"branchMap":{},"s":{"0":1,"1":1,"2":1,"3":1,"4":1,"5":1,"6":1,"7":1},"f":{"0":1,"1":1},"b":{},"_coverageSchema":"1a1c01bbd47fc00a2c39e90264f33305004495a9","hash":"ed710e4a472e2c1397d15e8442ff3a821a3f991c"}
,"D:\\Fullstack engineer\\Job\\Main Job\\PT PHINTRACO CONSULTING\\learning\\week 5\\client\\src\\pages\\ChangePasswordAdmin\\actions.js": {"path":"D:\\Fullstack engineer\\Job\\Main Job\\PT PHINTRACO CONSULTING\\learning\\week 5\\client\\src\\pages\\ChangePasswordAdmin\\actions.js","statementMap":{"0":{"start":{"line":3,"column":35},"end":{"line":7,"column":2}},"1":{"start":{"line":3,"column":50},"end":{"line":7,"column":1}}},"fnMap":{"0":{"name":"(anonymous_0)","decl":{"start":{"line":3,"column":35},"end":{"line":3,"column":36}},"loc":{"start":{"line":3,"column":50},"end":{"line":7,"column":1}},"line":3}},"branchMap":{},"s":{"0":2,"1":0},"f":{"0":0},"b":{},"_coverageSchema":"1a1c01bbd47fc00a2c39e90264f33305004495a9","hash":"456f2d151f40d70eb8409f307efd2de2b465e0e7"}
,"D:\\Fullstack engineer\\Job\\Main Job\\PT PHINTRACO CONSULTING\\learning\\week 5\\client\\src\\pages\\ChangePasswordAdmin\\constants.js": {"path":"D:\\Fullstack engineer\\Job\\Main Job\\PT PHINTRACO CONSULTING\\learning\\week 5\\client\\src\\pages\\ChangePasswordAdmin\\constants.js","statementMap":{"0":{"start":{"line":1,"column":43},"end":{"line":1,"column":72}}},"fnMap":{},"branchMap":{},"s":{"0":20},"f":{},"b":{},"_coverageSchema":"1a1c01bbd47fc00a2c39e90264f33305004495a9","hash":"df4197024846ece53c202e2e5957abc0c298ba4f"}
,"D:\\Fullstack engineer\\Job\\Main Job\\PT PHINTRACO CONSULTING\\learning\\week 5\\client\\src\\pages\\ChangePasswordAdmin\\index.jsx": {"path":"D:\\Fullstack engineer\\Job\\Main Job\\PT PHINTRACO CONSULTING\\learning\\week 5\\client\\src\\pages\\ChangePasswordAdmin\\index.jsx","statementMap":{"0":{"start":{"line":19,"column":28},"end":{"line":105,"column":1}},"1":{"start":{"line":20,"column":19},"end":{"line":20,"column":32}},"2":{"start":{"line":21,"column":19},"end":{"line":21,"column":32}},"3":{"start":{"line":22,"column":38},"end":{"line":22,"column":52}},"4":{"start":{"line":23,"column":32},"end":{"line":23,"column":47}},"5":{"start":{"line":30,"column":6},"end":{"line":30,"column":15}},"6":{"start":{"line":32,"column":19},"end":{"line":40,"column":3}},"7":{"start":{"line":33,"column":4},"end":{"line":39,"column":6}},"8":{"start":{"line":35,"column":8},"end":{"line":35,"column":51}},"9":{"start":{"line":36,"column":8},"end":{"line":36,"column":59}},"10":{"start":{"line":36,"column":25},"end":{"line":36,"column":51}},"11":{"start":{"line":37,"column":8},"end":{"line":37,"column":25}},"12":{"start":{"line":41,"column":2},"end":{"line":104,"column":4}},"13":{"start":{"line":69,"column":31},"end":{"line":69,"column":57}},"14":{"start":{"line":90,"column":37},"end":{"line":90,"column":95}},"15":{"start":{"line":107,"column":0},"end":{"line":111,"column":2}},"16":{"start":{"line":113,"column":24},"end":{"line":117,"column":2}}},"fnMap":{"0":{"name":"(anonymous_0)","decl":{"start":{"line":19,"column":28},"end":{"line":19,"column":29}},"loc":{"start":{"line":19,"column":34},"end":{"line":105,"column":1}},"line":19},"1":{"name":"(anonymous_1)","decl":{"start":{"line":32,"column":19},"end":{"line":32,"column":20}},"loc":{"start":{"line":32,"column":29},"end":{"line":40,"column":3}},"line":32},"2":{"name":"(anonymous_2)","decl":{"start":{"line":34,"column":32},"end":{"line":34,"column":33}},"loc":{"start":{"line":34,"column":45},"end":{"line":38,"column":7}},"line":34},"3":{"name":"(anonymous_3)","decl":{"start":{"line":36,"column":19},"end":{"line":36,"column":20}},"loc":{"start":{"line":36,"column":25},"end":{"line":36,"column":51}},"line":36},"4":{"name":"(anonymous_4)","decl":{"start":{"line":69,"column":25},"end":{"line":69,"column":26}},"loc":{"start":{"line":69,"column":31},"end":{"line":69,"column":57}},"line":69},"5":{"name":"(anonymous_5)","decl":{"start":{"line":90,"column":26},"end":{"line":90,"column":27}},"loc":{"start":{"line":90,"column":37},"end":{"line":90,"column":95}},"line":90}},"branchMap":{"0":{"loc":{"start":{"line":59,"column":22},"end":{"line":59,"column":54}},"type":"cond-expr","locations":[{"start":{"line":59,"column":35},"end":{"line":59,"column":45}},{"start":{"line":59,"column":48},"end":{"line":59,"column":54}}],"line":59},"1":{"loc":{"start":{"line":66,"column":30},"end":{"line":66,"column":67}},"type":"cond-expr","locations":[{"start":{"line":66,"column":51},"end":{"line":66,"column":57}},{"start":{"line":66,"column":60},"end":{"line":66,"column":67}}],"line":66},"2":{"loc":{"start":{"line":73,"column":17},"end":{"line":73,"column":72}},"type":"cond-expr","locations":[{"start":{"line":73,"column":30},"end":{"line":73,"column":48}},{"start":{"line":73,"column":51},"end":{"line":73,"column":72}}],"line":73},"3":{"loc":{"start":{"line":76,"column":13},"end":{"line":76,"column":89}},"type":"binary-expr","locations":[{"start":{"line":76,"column":13},"end":{"line":76,"column":31}},{"start":{"line":76,"column":35},"end":{"line":76,"column":89}}],"line":76},"4":{"loc":{"start":{"line":90,"column":37},"end":{"line":90,"column":95}},"type":"binary-expr","locations":[{"start":{"line":90,"column":37},"end":{"line":90,"column":67}},{"start":{"line":90,"column":71},"end":{"line":90,"column":95}}],"line":90},"5":{"loc":{"start":{"line":92,"column":28},"end":{"line":92,"column":69}},"type":"cond-expr","locations":[{"start":{"line":92,"column":53},"end":{"line":92,"column":59}},{"start":{"line":92,"column":62},"end":{"line":92,"column":69}}],"line":92},"6":{"loc":{"start":{"line":94,"column":13},"end":{"line":94,"column":97}},"type":"binary-expr","locations":[{"start":{"line":94,"column":13},"end":{"line":94,"column":35}},{"start":{"line":94,"column":39},"end":{"line":94,"column":97}}],"line":94}},"s":{"0":1,"1":1,"2":1,"3":1,"4":1,"5":1,"6":1,"7":0,"8":0,"9":0,"10":0,"11":0,"12":1,"13":0,"14":0,"15":1,"16":1},"f":{"0":1,"1":0,"2":0,"3":0,"4":0,"5":0},"b":{"0":[1,0],"1":[0,1],"2":[1,0],"3":[1,0],"4":[0,0],"5":[0,1],"6":[1,0]},"_coverageSchema":"1a1c01bbd47fc00a2c39e90264f33305004495a9","hash":"72e506603cb57cb4635c3eb5e8f76699e2031b71"}
,"D:\\Fullstack engineer\\Job\\Main Job\\PT PHINTRACO CONSULTING\\learning\\week 5\\client\\src\\pages\\ChangePasswordAdmin\\saga.js": {"path":"D:\\Fullstack engineer\\Job\\Main Job\\PT PHINTRACO CONSULTING\\learning\\week 5\\client\\src\\pages\\ChangePasswordAdmin\\saga.js","statementMap":{"0":{"start":{"line":8,"column":2},"end":{"line":8,"column":19}},"1":{"start":{"line":9,"column":2},"end":{"line":19,"column":3}},"2":{"start":{"line":10,"column":21},"end":{"line":10,"column":51}},"3":{"start":{"line":12,"column":4},"end":{"line":12,"column":31}},"4":{"start":{"line":14,"column":4},"end":{"line":18,"column":5}},"5":{"start":{"line":15,"column":6},"end":{"line":15,"column":67}},"6":{"start":{"line":17,"column":6},"end":{"line":17,"column":65}},"7":{"start":{"line":20,"column":2},"end":{"line":20,"column":20}},"8":{"start":{"line":24,"column":2},"end":{"line":24,"column":71}}},"fnMap":{"0":{"name":"doChangePasswordAdmin","decl":{"start":{"line":7,"column":10},"end":{"line":7,"column":31}},"loc":{"start":{"line":7,"column":46},"end":{"line":21,"column":1}},"line":7},"1":{"name":"changePasswordAdmin","decl":{"start":{"line":23,"column":25},"end":{"line":23,"column":44}},"loc":{"start":{"line":23,"column":47},"end":{"line":25,"column":1}},"line":23}},"branchMap":{"0":{"loc":{"start":{"line":12,"column":4},"end":{"line":12,"column":30}},"type":"binary-expr","locations":[{"start":{"line":12,"column":4},"end":{"line":12,"column":6}},{"start":{"line":12,"column":10},"end":{"line":12,"column":30}}],"line":12},"1":{"loc":{"start":{"line":14,"column":4},"end":{"line":18,"column":5}},"type":"if","locations":[{"start":{"line":14,"column":4},"end":{"line":18,"column":5}},{"start":{"line":16,"column":11},"end":{"line":18,"column":5}}],"line":14}},"s":{"0":0,"1":0,"2":0,"3":0,"4":0,"5":0,"6":0,"7":0,"8":20},"f":{"0":0,"1":20},"b":{"0":[0,0],"1":[0,0]},"_coverageSchema":"1a1c01bbd47fc00a2c39e90264f33305004495a9","hash":"28747c6f48e50c962d978d77f5ce0903adfe1606"}
[...]
t":{"line":29,"column":19},"end":{"line":40,"column":3}},"6":{"start":{"line":30,"column":24},"end":{"line":30,"column":78}},"7":{"start":{"line":31,"column":26},"end":{"line":31,"column":46}},"8":{"start":{"line":33,"column":4},"end":{"line":39,"column":6}},"9":{"start":{"line":35,"column":8},"end":{"line":35,"column":51}},"10":{"start":{"line":36,"column":8},"end":{"line":36,"column":65}},"11":{"start":{"line":36,"column":25},"end":{"line":36,"column":57}},"12":{"start":{"line":37,"column":8},"end":{"line":37,"column":25}},"13":{"start":{"line":42,"column":2},"end":{"line":167,"column":4}},"14":{"start":{"line":153,"column":37},"end":{"line":153,"column":92}},"15":{"start":{"line":170,"column":24},"end":{"line":172,"column":2}},"16":{"start":{"line":174,"column":0},"end":{"line":176,"column":2}},"17":{"start":{"line":185,"column":85},"end":{"line":185,"column":37489}},"18":{"start":{"line":185,"column":89},"end":{"line":185,"column":37478}}},"fnMap":{"0":{"name":"(anonymous_0)","decl":{"start":{"line":17,"column":25},"end":{"line":17,"column":26}},"loc":{"start":{"line":17,"column":31},"end":{"line":168,"column":1}},"line":17},"1":{"name":"(anonymous_1)","decl":{"start":{"line":29,"column":19},"end":{"line":29,"column":20}},"loc":{"start":{"line":29,"column":29},"end":{"line":40,"column":3}},"line":29},"2":{"name":"(anonymous_2)","decl":{"start":{"line":34,"column":44},"end":{"line":34,"column":45}},"loc":{"start":{"line":34,"column":57},"end":{"line":38,"column":7}},"line":34},"3":{"name":"(anonymous_3)","decl":{"start":{"line":36,"column":19},"end":{"line":36,"column":20}},"loc":{"start":{"line":36,"column":25},"end":{"line":36,"column":57}},"line":36},"4":{"name":"(anonymous_4)","decl":{"start":{"line":153,"column":26},"end":{"line":153,"column":27}},"loc":{"start":{"line":153,"column":37},"end":{"line":153,"column":92}},"line":153},"5":{"name":"oo_cm","decl":{"start":{"line":185,"column":77},"end":{"line":185,"column":82}},"loc":{"start":{"line":185,"column":84},"end":{"line":185,"column":37490}},"line":185}},"branchMap":{"0":{"loc":{"start":{"line":67,"column":30},"end":{"line":67,"column":60}},"type":"cond-expr","locations":[{"start":{"line":67,"column":44},"end":{"line":67,"column":50}},{"start":{"line":67,"column":53},"end":{"line":67,"column":60}}],"line":67},"1":{"loc":{"start":{"line":69,"column":15},"end":{"line":69,"column":77}},"type":"binary-expr","locations":[{"start":{"line":69,"column":15},"end":{"line":69,"column":26}},{"start":{"line":69,"column":30},"end":{"line":69,"column":77}}],"line":69},"2":{"loc":{"start":{"line":84,"column":30},"end":{"line":84,"column":61}},"type":"cond-expr","locations":[{"start":{"line":84,"column":45},"end":{"line":84,"column":51}},{"start":{"line":84,"column":54},"end":{"line":84,"column":61}}],"line":84},"3":{"loc":{"start":{"line":86,"column":15},"end":{"line":86,"column":79}},"type":"binary-expr","locations":[{"start":{"line":86,"column":15},"end":{"line":86,"column":27}},{"start":{"line":86,"column":31},"end":{"line":86,"column":79}}],"line":86},"4":{"loc":{"start":{"line":103,"column":30},"end":{"line":103,"column":61}},"type":"cond-expr","locations":[{"start":{"line":103,"column":45},"end":{"line":103,"column":51}},{"start":{"line":103,"column":54},"end":{"line":103,"column":61}}],"line":103},"5":{"loc":{"start":{"line":105,"column":15},"end":{"line":105,"column":79}},"type":"binary-expr","locations":[{"start":{"line":105,"column":15},"end":{"line":105,"column":27}},{"start":{"line":105,"column":31},"end":{"line":105,"column":79}}],"line":105},"6":{"loc":{"start":{"line":119,"column":30},"end":{"line":119,"column":61}},"type":"cond-expr","locations":[{"start":{"line":119,"column":45},"end":{"line":119,"column":51}},{"start":{"line":119,"column":54},"end":{"line":119,"column":61}}],"line":119},"7":{"loc":{"start":{"line":121,"column":15},"end":{"line":121,"column":83}},"type":"binary-expr","locations":[{"start":{"line":121,"column":15},"end":{"line":121,"column":29}},{"start":{"line":121,"column":33},"end":{"line":121,"column":83}}],"line":121},"8":{"loc":{"start":{"line":137,"column":28},"end":{"line":137,"column":62}},"type":"cond-expr","locations":[{"start":{"line":137,"column":46},"end":{"line":137,"column":52}},{"start":{"line":137,"column":55},"end":{"line":137,"column":62}}],"line":137},"9":{"loc":{"start":{"line":139,"column":13},"end":{"line":139,"column":83}},"type":"binary-expr","locations":[{"start":{"line":139,"column":13},"end":{"line":139,"column":28}},{"start":{"line":139,"column":32},"end":{"line":139,"column":83}}],"line":139},"10":{"loc":{"start":{"line":153,"column":37},"end":{"line":153,"column":92}},"type":"binary-expr","locations":[{"start":{"line":153,"column":37},"end":{"line":153,"column":64}},{"start":{"line":153,"column":68},"end":{"line":153,"column":92}}],"line":153},"11":{"loc":{"start":{"line":155,"column":28},"end":{"line":155,"column":69}},"type":"cond-expr","locations":[{"start":{"line":155,"column":53},"end":{"line":155,"column":59}},{"start":{"line":155,"column":62},"end":{"line":155,"column":69}}],"line":155},"12":{"loc":{"start":{"line":157,"column":13},"end":{"line":157,"column":97}},"type":"binary-expr","locations":[{"start":{"line":157,"column":13},"end":{"line":157,"column":35}},{"start":{"line":157,"column":39},"end":{"line":157,"column":97}}],"line":157},"13":{"loc":{"start":{"line":185,"column":96},"end":{"line":185,"column":37477}},"type":"binary-expr","locations":[{"start":{"line":185,"column":96},"end":{"line":185,"column":133}},{"start":{"line":185,"column":137},"end":{"line":185,"column":37477}}],"line":185}},"s":{"0":1,"1":1,"2":1,"3":1,"4":1,"5":1,"6":0,"7":0,"8":0,"9":0,"10":0,"11":0,"12":0,"13":1,"14":0,"15":1,"16":1,"17":0,"18":0},"f":{"0":1,"1":0,"2":0,"3":0,"4":0,"5":0},"b":{"0":[0,1],"1":[1,0],"2":[0,1],"3":[1,0],"4":[0,1],"5":[1,0],"6":[0,1],"7":[1,0],"8":[0,1],"9":[1,0],"10":[0,0],"11":[0,1],"12":[1,0],"13":[0,0]},"_coverageSchema":"1a1c01bbd47fc00a2c39e90264f33305004495a9","hash":"f875c177783c8ea9c387e0301d97d8e70d4aa73a"}
,"D:\\Fullstack engineer\\Job\\Main Job\\PT PHINTRACO CONSULTING\\learning\\week 5\\client\\src\\pages\\RegisterCustomer\\saga.js": {"path":"D:\\Fullstack engineer\\Job\\Main Job\\PT PHINTRACO CONSULTING\\learning\\week 5\\client\\src\\pages\\RegisterCustomer\\saga.js","statementMap":{"0":{"start":{"line":8,"column":2},"end":{"line":8,"column":19}},"1":{"start":{"line":9,"column":2},"end":{"line":15,"column":3}},"2":{"start":{"line":10,"column":21},"end":{"line":10,"column":63}},"3":{"start":{"line":12,"column":4},"end":{"line":12,"column":31}},"4":{"start":{"line":14,"column":4},"end":{"line":14,"column":65}},"5":{"start":{"line":16,"column":2},"end":{"line":16,"column":20}},"6":{"start":{"line":20,"column":2},"end":{"line":20,"column":53}}},"fnMap":{"0":{"name":"doRegisterCustomer","decl":{"start":{"line":7,"column":10},"end":{"line":7,"column":28}},"loc":{"start":{"line":7,"column":51},"end":{"line":17,"column":1}},"line":7},"1":{"name":"registerCustomerSaga","decl":{"start":{"line":19,"column":25},"end":{"line":19,"column":45}},"loc":{"start":{"line":19,"column":48},"end":{"line":21,"column":1}},"line":19}},"branchMap":{"0":{"loc":{"start":{"line":12,"column":4},"end":{"line":12,"column":30}},"type":"binary-expr","locations":[{"start":{"line":12,"column":4},"end":{"line":12,"column":6}},{"start":{"line":12,"column":10},"end":{"line":12,"column":30}}],"line":12}},"s":{"0":0,"1":0,"2":0,"3":0,"4":0,"5":0,"6":20},"f":{"0":0,"1":20},"b":{"0":[0,0]},"_coverageSchema":"1a1c01bbd47fc00a2c39e90264f33305004495a9","hash":"a5946f155a65844dcb00c1554540b97f467fcef6"}
,"D:\\Fullstack engineer\\Job\\Main Job\\PT PHINTRACO CONSULTING\\learning\\week 5\\client\\src\\pages\\RegisterLending\\actions.js": {"path":"D:\\Fullstack engineer\\Job\\Main Job\\PT PHINTRACO CONSULTING\\learning\\week 5\\client\\src\\pages\\RegisterLending\\actions.js","statementMap":{"0":{"start":{"line":3,"column":33},"end":{"line":7,"column":2}},"1":{"start":{"line":3,"column":48},"end":{"line":7,"column":1}}},"fnMap":{"0":{"name":"(anonymous_0)","decl":{"start":{"line":3,"column":33},"end":{"line":3,"column":34}},"loc":{"start":{"line":3,"column":48},"end":{"line":7,"column":1}},"line":3}},"branchMap":{},"s":{"0":1,"1":0},"f":{"0":0},"b":{},"_coverageSchema":"1a1c01bbd47fc00a2c39e90264f33305004495a9","hash":"d9b27345a378002af2e78b701413ab70cf1bf29e"}
,"D:\\Fullstack engineer\\Job\\Main Job\\PT PHINTRACO CONSULTING\\learning\\week 5\\client\\src\\pages\\RegisterLending\\constants.js": {"path":"D:\\Fullstack engineer\\Job\\Main Job\\PT PHINTRACO CONSULTING\\learning\\week 5\\client\\src\\pages\\RegisterLending\\constants.js","statementMap":{"0":{"start":{"line":1,"column":28},"end":{"line":1,"column":50}}},"fnMap":{},"branchMap":{},"s":{"0":20},"f":{},"b":{},"_coverageSchema":"1a1c01bbd47fc00a2c39e90264f33305004495a9","hash":"0ba8f98a6bad7e129f49993b3cfd0ff5ed5b001e"}
,"D:\\Fullstack engineer\\Job\\Main Job\\PT PHINTRACO CONSULTING\\learning\\week 5\\client\\src\\pages\\RegisterLending\\index.jsx": {"path":"D:\\Fullstack engineer\\Job\\Main Job\\PT PHINTRACO CONSULTING\\learning\\week 5\\client\\src\\pages\\RegisterLending\\index.jsx","statementMap":{"0":{"start":{"line":16,"column":24},"end":{"line":99,"column":1}},"1":{"start":{"line":17,"column":19},"end":{"line":17,"column":32}},"2":{"start":{"line":18,"column":19},"end":{"line":18,"column":32}},"3":{"start":{"line":19,"column":32},"end":{"line":19,"column":47}},"4":{"start":{"line":25,"column":6},"end":{"line":25,"column":15}},"5":{"start":{"line":27,"column":19},"end":{"line":36,"column":3}},"6":{"start":{"line":28,"column":24},"end":{"line":28,"column":78}},"7":{"start":{"line":29,"column":4},"end":{"line":35,"column":6}},"8":{"start":{"line":31,"column":8},"end":{"line":31,"column":51}},"9":{"start":{"line":32,"column":8},"end":{"line":32,"column":64}},"10":{"start":{"line":32,"column":25},"end":{"line":32,"column":56}},"11":{"start":{"line":33,"column":8},"end":{"line":33,"column":25}},"12":{"start":{"line":37,"column":2},"end":{"line":98,"column":4}},"13":{"start":{"line":83,"column":16},"end":{"line":85,"column":25}},"14":{"start":{"line":101,"column":0},"end":{"line":103,"column":2}},"15":{"start":{"line":105,"column":24},"end":{"line":107,"column":2}},"16":{"start":{"line":116,"column":85},"end":{"line":116,"column":37489}},"17":{"start":{"line":116,"column":89},"end":{"line":116,"column":37478}}},"fnMap":{"0":{"name":"(anonymous_0)","decl":{"start":{"line":16,"column":24},"end":{"line":16,"column":25}},"loc":{"start":{"line":16,"column":39},"end":{"line":99,"column":1}},"line":16},"1":{"name":"(anonymous_1)","decl":{"start":{"line":27,"column":19},"end":{"line":27,"column":20}},"loc":{"start":{"line":27,"column":29},"end":{"line":36,"column":3}},"line":27},"2":{"name":"(anonymous_2)","decl":{"start":{"line":30,"column":30},"end":{"line":30,"column":31}},"loc":{"start":{"line":30,"column":43},"end":{"line":34,"column":7}},"line":30},"3":{"name":"(anonymous_3)","decl":{"start":{"line":32,"column":19},"end":{"line":32,"column":20}},"loc":{"start":{"line":32,"column":25},"end":{"line":32,"column":56}},"line":32},"4":{"name":"(anonymous_4)","decl":{"start":{"line":82,"column":25},"end":{"line":82,"column":26}},"loc":{"start":{"line":83,"column":16},"end":{"line":85,"column":25}},"line":83},"5":{"name":"oo_cm","decl":{"start":{"line":116,"column":77},"end":{"line":116,"column":82}},"loc":{"start":{"line":116,"column":84},"end":{"line":116,"column":37490}},"line":116}},"branchMap":{"0":{"loc":{"start":{"line":61,"column":28},"end":{"line":61,"column":59}},"type":"cond-expr","locations":[{"start":{"line":61,"column":43},"end":{"line":61,"column":49}},{"start":{"line":61,"column":52},"end":{"line":61,"column":59}}],"line":61},"1":{"loc":{"start":{"line":63,"column":13},"end":{"line":63,"column":77}},"type":"binary-expr","locations":[{"start":{"line":63,"column":13},"end":{"line":63,"column":25}},{"start":{"line":63,"column":29},"end":{"line":63,"column":77}}],"line":63},"2":{"loc":{"start":{"line":77,"column":28},"end":{"line":77,"column":60}},"type":"cond-expr","locations":[{"start":{"line":77,"column":44},"end":{"line":77,"column":50}},{"start":{"line":77,"column":53},"end":{"line":77,"column":60}}],"line":77},"3":{"loc":{"start":{"line":88,"column":13},"end":{"line":88,"column":79}},"type":"binary-expr","locations":[{"start":{"line":88,"column":13},"end":{"line":88,"column":26}},{"start":{"line":88,"column":30},"end":{"line":88,"column":79}}],"line":88},"4":{"loc":{"start":{"line":116,"column":96},"end":{"line":116,"column":37477}},"type":"binary-expr","locations":[{"start":{"line":116,"column":96},"end":{"line":116,"column":133}},{"start":{"line":116,"column":137},"end":{"line":116,"column":37477}}],"line":116}},"s":{"0":1,"1":1,"2":1,"3":1,"4":1,"5":1,"6":0,"7":0,"8":0,"9":0,"10":0,"11":0,"12":1,"13":0,"14":1,"15":1,"16":0,"17":0},"f":{"0":1,"1":0,"2":0,"3":0,"4":0,"5":0},"b":{"0":[0,1],"1":[1,0],"2":[0,1],"3":[1,0],"4":[0,0]},"_coverageSchema":"1a1c01bbd47fc00a2c39e90264f33305004495a9","hash":"1fcfdba2f10408003ab89c1a7ba1fdf08ab742e1"}
,"D:\\Fullstack engineer\\Job\\Main Job\\PT PHINTRACO CONSULTING\\learning\\week 5\\client\\src\\pages\\RegisterLending\\saga.js": {"path":"D:\\Fullstack engineer\\Job\\Main Job\\PT PHINTRACO CONSULTING\\learning\\week 5\\client\\src\\pages\\RegisterLending\\saga.js","statementMap":{"0":{"start":{"line":8,"column":22},"end":{"line":8,"column":74}},"1":{"start":{"line":9,"column":2},"end":{"line":9,"column":19}},"2":{"start":{"line":10,"column":2},"end":{"line":16,"column":3}},"3":{"start":{"line":11,"column":21},"end":{"line":11,"column":54}},"4":{"start":{"line":13,"column":4},"end":{"line":13,"column":31}},"5":{"start":{"line":15,"column":4},"end":{"line":15,"column":65}},"6":{"start":{"line":17,"column":2},"end":{"line":17,"column":20}},"7":{"start":{"line":21,"column":2},"end":{"line":21,"column":52}},"8":{"start":{"line":29,"column":85},"end":{"line":29,"column":37489}},"9":{"start":{"line":29,"column":89},"end":{"line":29,"column":37478}}},"fnMap":{"0":{"name":"doRegisterLending","decl":{"start":{"line":7,"column":10},"end":{"line":7,"column":27}},"loc":{"start":{"line":7,"column":42},"end":{"line":18,"column":1}},"line":7},"1":{"name":"registerLendingSaga","decl":{"start":{"line":20,"column":25},"end":{"line":20,"column":44}},"loc":{"start":{"line":20,"column":47},"end":{"line":22,"column":1}},"line":20},"2":{"name":"oo_cm","decl":{"start":{"line":29,"column":77},"end":{"line":29,"column":82}},"loc":{"start":{"line":29,"column":84},"end":{"line":29,"column":37490}},"line":29}},"branchMap":{"0":{"loc":{"start":{"line":13,"column":4},"end":{"line":13,"column":30}},"type":"binary-expr","locations":[{"start":{"line":13,"column":4},"end":{"line":13,"column":6}},{"start":{"line":13,"column":10},"end":{"line":13,"column":30}}],"line":13},"1":{"loc":{"start":{"line":29,"column":96},"end":{"line":29,"column":37477}},"type":"binary-expr","locations":[{"start":{"line":29,"column":96},"end":{"line":29,"column":133}},{"start":{"line":29,"column":137},"end":{"line":29,"column":37477}}],"line":29}},"s":{"0":0,"1":0,"2":0,"3":0,"4":0,"5":0,"6":0,"7":20,"8":0,"9":0},"f":{"0":0,"1":20,"2":0},"b":{"0":[0,0],"1":[0,0]},"_coverageSchema":"1a1c01bbd47fc00a2c39e90264f33305004495a9","hash":"ea3b901686c890e16ecdf96c24c8f0fb6462a5f0"}
,"D:\\Fullstack engineer\\Job\\Main Job\\PT PHINTRACO CONSULTING\\learning\\week 5\\client\\src\\utils\\encrypt.js": {"path":"D:\\Fullstack engineer\\Job\\Main Job\\PT PHINTRACO CONSULTING\\learning\\week 5\\client\\src\\utils\\encrypt.js","statementMap":{"0":{"start":{"line":4,"column":30},"end":{"line":15,"column":1}},"1":{"start":{"line":5,"column":2},"end":{"line":14,"column":3}},"2":{"start":{"line":6,"column":4},"end":{"line":8,"column":5}},"3":{"start":{"line":7,"column":6},"end":{"line":7,"column":90}},"4":{"start":{"line":9,"column":4},"end":{"line":11,"column":5}},"5":{"start":{"line":10,"column":6},"end":{"line":10,"column":74}},"6":{"start":{"line":13,"column":4},"end":{"line":13,"column":26}}},"fnMap":{"0":{"name":"(anonymous_0)","decl":{"start":{"line":4,"column":30},"end":{"line":4,"column":31}},"loc":{"start":{"line":4,"column":40},"end":{"line":15,"column":1}},"line":4}},"branchMap":{"0":{"loc":{"start":{"line":6,"column":4},"end":{"line":8,"column":5}},"type":"if","locations":[{"start":{"line":6,"column":4},"end":{"line":8,"column":5}},{"start":{},"end":{}}],"line":6},"1":{"loc":{"start":{"line":9,"column":4},"end":{"line":11,"column":5}},"type":"if","locations":[{"start":{"line":9,"column":4},"end":{"line":11,"column":5}},{"start":{},"end":{}}],"line":9}},"s":{"0":3,"1":0,"2":0,"3":0,"4":0,"5":0,"6":0},"f":{"0":0},"b":{"0":[0,0],"1":[0,0]},"_coverageSchema":"1a1c01bbd47fc00a2c39e90264f33305004495a9","hash":"f5bccc57a32b259fdb5ad738b18c851def0babd3"}
,"D:\\Fullstack engineer\\Job\\Main Job\\PT PHINTRACO CONSULTING\\learning\\week 5\\client\\src\\utils\\logout.js": {"path":"D:\\Fullstack engineer\\Job\\Main Job\\PT PHINTRACO CONSULTING\\learning\\week 5\\client\\src\\utils\\logout.js","statementMap":{"0":{"start":{"line":3,"column":22},"end":{"line":8,"column":1}},"1":{"start":{"line":4,"column":2},"end":{"line":4,"column":28}},"2":{"start":{"line":5,"column":2},"end":{"line":5,"column":24}},"3":{"start":{"line":6,"column":2},"end":{"line":6,"column":27}},"4":{"start":{"line":7,"column":2},"end":{"line":7,"column":21}}},"fnMap":{"0":{"name":"(anonymous_0)","decl":{"start":{"line":3,"column":22},"end":{"line":3,"column":23}},"loc":{"start":{"line":3,"column":46},"end":{"line":8,"column":1}},"line":3}},"branchMap":{},"s":{"0":5,"1":0,"2":0,"3":0,"4":0},"f":{"0":0},"b":{},"_coverageSchema":"1a1c01bbd47fc00a2c39e90264f33305004495a9","hash":"13c9976b20af6b60124c282d46de8eacdd5d01f6"}
,"D:\\Fullstack engineer\\Job\\Main Job\\PT PHINTRACO CONSULTING\\learning\\week 5\\client\\src\\utils\\request.js": {"path":"D:\\Fullstack engineer\\Job\\Main Job\\PT PHINTRACO CONSULTING\\learning\\week 5\\client\\src\\utils\\request.js","statementMap":{"0":{"start":{"line":5,"column":0},"end":{"line":12,"column":3}},"1":{"start":{"line":6,"column":16},"end":{"line":6,"column":32}},"2":{"start":{"line":7,"column":20},"end":{"line":7,"column":32}},"3":{"start":{"line":8,"column":2},"end":{"line":10,"column":3}},"4":{"start":{"line":9,"column":4},"end":{"line":9,"column":56}},"5":{"start":{"line":11,"column":2},"end":{"line":11,"column":19}},"6":{"start":{"line":14,"column":0},"end":{"line":17,"column":2}},"7":{"start":{"line":15,"column":16},"end":{"line":15,"column":24}},"8":{"start":{"line":16,"column":13},"end":{"line":16,"column":34}},"9":{"start":{"line":19,"column":16},"end":{"line":19,"column":43}},"10":{"start":{"line":19,"column":29},"end":{"line":19,"column":43}}},"fnMap":{"0":{"name":"(anonymous_0)","decl":{"start":{"line":5,"column":31},"end":{"line":5,"column":32}},"loc":{"start":{"line":5,"column":46},"end":{"line":12,"column":1}},"line":5},"1":{"name":"(anonymous_1)","decl":{"start":{"line":15,"column":2},"end":{"line":15,"column":3}},"loc":{"start":{"line":15,"column":16},"end":{"line":15,"column":24}},"line":15},"2":{"name":"(anonymous_2)","decl":{"start":{"line":16,"column":2},"end":{"line":16,"column":3}},"loc":{"start":{"line":16,"column":13},"end":{"line":16,"column":34}},"line":16},"3":{"name":"(anonymous_3)","decl":{"start":{"line":19,"column":16},"end":{"line":19,"column":17}},"loc":{"start":{"line":19,"column":29},"end":{"line":19,"column":43}},"line":19}},"branchMap":{"0":{"loc":{"start":{"line":8,"column":2},"end":{"line":10,"column":3}},"type":"if","locations":[{"start":{"line":8,"column":2},"end":{"line":10,"column":3}},{"start":{},"end":{}}],"line":8}},"s":{"0":20,"1":16,"2":16,"3":16,"4":0,"5":16,"6":20,"7":0,"8":0,"9":20,"10":16},"f":{"0":16,"1":0,"2":0,"3":16},"b":{"0":[0,16]},"_coverageSchema":"1a1c01bbd47fc00a2c39e90264f33305004495a9","hash":"fcf4d427f25e40300460484f0dcfefb33e294428"}
}
