TN:
SF:config\development.js
FNF:0
FNH:0
LF:0
LH:0
BRF:0
BRH:0
end_of_record
TN:
SF:config\index.js
FNF:0
FNH:0
DA:5,21
DA:7,21
DA:9,21
LF:3
LH:3
BRDA:5,0,0,21
BRDA:5,0,1,0
BRF:2
BRH:1
end_of_record
TN:
SF:config\production.js
FNF:0
FNH:0
LF:0
LH:0
BRF:0
BRH:0
end_of_record
TN:
SF:config\test.env.js
FNF:0
FNH:0
LF:0
LH:0
BRF:0
BRH:0
end_of_record
TN:
SF:src\configureStore.js
FN:12,(anonymous_0)
FNF:1
FNH:1
FNDA:20,(anonymous_0)
DA:9,20
DA:12,20
DA:13,20
DA:14,20
DA:18,20
DA:19,20
DA:22,20
DA:23,20
DA:24,20
DA:25,20
DA:27,20
DA:29,20
DA:32,20
DA:33,20
DA:36,20
DA:39,20
LF:16
LH:16
BRDA:12,0,0,0
BRDA:18,1,0,20
BRDA:18,1,1,0
BRDA:18,2,0,20
BRDA:18,2,1,20
BRDA:19,3,0,0
BRDA:19,3,1,20
BRF:7
BRH:4
end_of_record
TN:
SF:src\persistence.js
FN:10,(anonymous_0)
FN:12,(anonymous_1)
FN:22,(anonymous_2)
FNF:3
FNH:3
FNDA:20,(anonymous_0)
FNDA:160,(anonymous_1)
FNDA:160,(anonymous_2)
DA:4,20
DA:10,20
DA:11,20
DA:12,160
DA:22,160
LF:5
LH:5
BRF:0
BRH:0
end_of_record
TN:
SF:src\reducers.js
FN:40,(anonymous_0)
FN:45,(anonymous_1)
FNF:2
FNH:2
FNDA:20,(anonymous_0)
FNDA:242,(anonymous_1)
DA:20,20
DA:31,20
DA:40,20
DA:41,20
DA:45,242
DA:46,20
LF:6
LH:6
BRF:0
BRH:0
end_of_record
TN:
SF:src\rootSaga.js
FN:22,rootSaga
FNF:1
FNH:1
FNDA:20,rootSaga
DA:23,20
LF:1
LH:1
BRF:0
BRH:0
end_of_record
TN:
SF:src\components\Loader\index.jsx
FN:6,(anonymous_0)
FNF:1
FNH:1
FNDA:8,(anonymous_0)
DA:6,7
DA:7,8
DA:18,7
LF:3
LH:3
BRDA:11,0,0,8
BRDA:11,0,1,1
BRF:2
BRH:2
end_of_record
TN:
SF:src\components\Navbar\index.jsx
FN:44,(anonymous_0)
FN:58,(anonymous_1)
FN:62,(anonymous_2)
FN:66,(anonymous_3)
FN:71,(anonymous_4)
FN:75,(anonymous_5)
FN:79,(anonymous_6)
FN:85,(anonymous_7)
FN:89,(anonymous_8)
FN:100,(anonymous_9)
FN:225,(anonymous_10)
FN:233,(anonymous_11)
FN:256,(anonymous_12)
FNF:13
FNH:0
FNDA:0,(anonymous_0)
FNDA:0,(anonymous_1)
FNDA:0,(anonymous_2)
FNDA:0,(anonymous_3)
FNDA:0,(anonymous_4)
FNDA:0,(anonymous_5)
FNDA:0,(anonymous_6)
FNDA:0,(anonymous_7)
FNDA:0,(anonymous_8)
FNDA:0,(anonymous_9)
FNDA:0,(anonymous_10)
FNDA:0,(anonymous_11)
FNDA:0,(anonymous_12)
DA:42,1
DA:44,1
DA:45,0
DA:46,0
DA:48,0
DA:50,0
DA:52,0
DA:53,0
DA:54,0
DA:55,0
DA:56,0
DA:58,0
DA:59,0
DA:62,0
DA:63,0
DA:66,0
DA:67,0
DA:68,0
DA:71,0
DA:72,0
DA:75,0
DA:76,0
DA:79,0
DA:80,0
DA:81,0
DA:85,0
DA:86,0
DA:89,0
DA:90,0
DA:91,0
DA:93,0
DA:100,0
DA:101,0
DA:102,0
DA:103,0
DA:107,0
DA:186,0
DA:225,0
DA:233,0
DA:257,0
DA:258,0
DA:320,1
DA:327,1
LF:43
LH:4
BRDA:80,0,0,0
BRDA:80,0,1,0
BRDA:90,1,0,0
BRDA:90,1,1,0
BRDA:111,2,0,0
BRDA:111,2,1,0
BRDA:123,3,0,0
BRDA:123,3,1,0
BRDA:135,4,0,0
BRDA:135,4,1,0
BRDA:146,5,0,0
BRDA:146,5,1,0
BRDA:148,6,0,0
BRDA:148,6,1,0
BRDA:161,7,0,0
BRDA:161,7,1,0
BRDA:219,8,0,0
BRDA:219,8,1,0
BRF:18
BRH:0
end_of_record
TN:
SF:src\containers\App\actions.js
FN:3,(anonymous_0)
FN:8,(anonymous_1)
FN:13,(anonymous_2)
FN:22,(anonymous_3)
FN:31,(anonymous_4)
FN:36,(anonymous_5)
FNF:6
FNH:1
FNDA:0,(anonymous_0)
FNDA:0,(anonymous_1)
FNDA:0,(anonymous_2)
FNDA:0,(anonymous_3)
FNDA:16,(anonymous_4)
FNDA:0,(anonymous_5)
DA:3,21
DA:8,21
DA:13,21
DA:22,21
DA:31,21
DA:36,21
LF:6
LH:6
BRDA:13,0,0,0
BRDA:13,1,0,0
BRF:2
BRH:0
end_of_record
TN:
SF:src\containers\App\constants.js
FNF:0
FNH:0
DA:1,21
DA:2,21
DA:3,21
DA:4,21
DA:6,21
LF:5
LH:5
BRF:0
BRH:0
end_of_record
TN:
SF:src\containers\App\reducer.js
FN:18,(anonymous_0)
FN:19,(anonymous_1)
FNF:2
FNH:2
FNDA:282,(anonymous_0)
FNDA:282,(anonymous_1)
DA:5,20
DA:16,20
DA:18,20
DA:19,282
DA:20,282
DA:22,0
DA:23,0
DA:25,0
DA:26,0
DA:28,0
DA:29,0
DA:31,6
DA:32,6
LF:13
LH:7
BRDA:18,0,0,60
BRDA:20,1,0,0
BRDA:20,1,1,0
BRDA:20,1,2,0
BRDA:20,1,3,6
BRF:5
BRH:2
end_of_record
TN:
SF:src\containers\App\saga.js
FN:7,doPing
FN:17,appSaga
FNF:2
FNH:1
FNDA:0,doPing
FNDA:20,appSaga
DA:8,0
DA:9,0
DA:10,0
DA:12,0
DA:14,0
DA:18,20
LF:6
LH:1
BRF:0
BRH:0
end_of_record
TN:
SF:src\containers\App\selectors.js
FN:4,(anonymous_0)
FN:6,(anonymous_1)
FN:7,(anonymous_2)
FN:8,(anonymous_3)
FN:9,(anonymous_4)
FNF:5
FNH:2
FNDA:121,(anonymous_0)
FNDA:23,(anonymous_1)
FNDA:0,(anonymous_2)
FNDA:0,(anonymous_3)
FNDA:0,(anonymous_4)
DA:4,121
DA:6,23
DA:7,20
DA:8,20
DA:9,20
LF:5
LH:5
BRDA:4,0,0,121
BRDA:4,0,1,0
BRF:2
BRH:1
end_of_record
TN:
SF:src\containers\Client\actions.js
FN:3,(anonymous_0)
FN:8,(anonymous_1)
FN:13,(anonymous_2)
FNF:3
FNH:0
FNDA:0,(anonymous_0)
FNDA:0,(anonymous_1)
FNDA:0,(anonymous_2)
DA:3,21
DA:8,21
DA:13,21
LF:3
LH:3
BRF:0
BRH:0
end_of_record
TN:
SF:src\containers\Client\constants.js
FNF:0
FNH:0
DA:1,21
DA:2,21
DA:3,21
LF:3
LH:3
BRF:0
BRH:0
end_of_record
TN:
SF:src\containers\Client\reducer.js
FN:13,(anonymous_0)
FN:14,(anonymous_1)
FNF:2
FNH:2
FNDA:282,(anonymous_0)
FNDA:282,(anonymous_1)
DA:5,21
DA:11,21
DA:13,21
DA:14,282
DA:15,282
DA:17,0
DA:18,0
DA:20,0
DA:21,0
DA:23,0
LF:10
LH:5
BRDA:13,0,0,60
BRDA:15,1,0,0
BRDA:15,1,1,0
BRDA:15,1,2,0
BRF:4
BRH:1
end_of_record
TN:
SF:src\containers\Client\selectors.js
FN:4,(anonymous_0)
FN:6,(anonymous_1)
FN:7,(anonymous_2)
FN:8,(anonymous_3)
FNF:4
FNH:4
FNDA:20,(anonymous_0)
FNDA:3,(anonymous_1)
FNDA:4,(anonymous_2)
FNDA:8,(anonymous_3)
DA:4,20
DA:6,10
DA:7,10
DA:8,10
LF:4
LH:4
BRDA:4,0,0,20
BRDA:4,0,1,0
BRF:2
BRH:1
end_of_record
TN:
SF:src\containers\Language\constants.js
FNF:0
FNH:0
DA:1,20
DA:2,20
LF:2
LH:2
BRF:0
BRH:0
end_of_record
TN:
SF:src\containers\Language\index.jsx
FN:9,(anonymous_0)
FNF:1
FNH:1
FNDA:118,(anonymous_0)
DA:9,20
DA:10,118
DA:15,20
DA:21,20
LF:4
LH:4
BRF:0
BRH:0
end_of_record
TN:
SF:src\containers\Language\reducer.js
FN:15,(anonymous_0)
FN:16,(anonymous_1)
FNF:2
FNH:2
FNDA:282,(anonymous_0)
FNDA:282,(anonymous_1)
DA:8,20
DA:15,20
DA:16,282
DA:17,282
DA:19,0
DA:20,0
LF:6
LH:4
BRDA:15,0,0,60
BRDA:17,1,0,0
BRF:2
BRH:1
end_of_record
TN:
SF:src\containers\Language\selectors.js
FN:5,(anonymous_0)
FN:7,(anonymous_1)
FNF:2
FNH:2
FNDA:121,(anonymous_0)
FNDA:20,(anonymous_1)
DA:5,121
DA:7,20
LF:2
LH:2
BRDA:5,0,0,121
BRDA:5,0,1,0
BRF:2
BRH:1
end_of_record
TN:
SF:src\domain\api.js
FN:40,(anonymous_0)
FN:54,(anonymous_1)
FN:60,(anonymous_2)
FN:61,(anonymous_3)
FN:64,(anonymous_4)
FN:65,(anonymous_5)
FN:66,(anonymous_6)
FN:67,(anonymous_7)
FN:68,(anonymous_8)
FN:69,(anonymous_9)
FN:70,(anonymous_10)
FN:73,(anonymous_11)
FN:74,(anonymous_12)
FN:75,(anonymous_13)
FN:78,(anonymous_14)
FN:84,(anonymous_15)
FN:90,(anonymous_16)
FN:91,(anonymous_17)
FN:99,(anonymous_18)
FN:100,(anonymous_19)
FN:101,(anonymous_20)
FN:108,(anonymous_21)
FN:111,(anonymous_22)
FN:112,(anonymous_23)
FNF:24
FNH:11
FNDA:16,(anonymous_0)
FNDA:0,(anonymous_1)
FNDA:0,(anonymous_2)
FNDA:0,(anonymous_3)
FNDA:2,(anonymous_4)
FNDA:2,(anonymous_5)
FNDA:2,(anonymous_6)
FNDA:1,(anonymous_7)
FNDA:1,(anonymous_8)
FNDA:1,(anonymous_9)
FNDA:1,(anonymous_10)
FNDA:2,(anonymous_11)
FNDA:1,(anonymous_12)
FNDA:3,(anonymous_13)
FNDA:0,(anonymous_14)
FNDA:0,(anonymous_15)
FNDA:0,(anonymous_16)
FNDA:0,(anonymous_17)
FNDA:0,(anonymous_18)
FNDA:0,(anonymous_19)
FNDA:0,(anonymous_20)
FNDA:0,(anonymous_21)
FNDA:0,(anonymous_22)
FNDA:0,(anonymous_23)
DA:6,20
DA:40,20
DA:41,16
DA:45,16
DA:46,16
DA:54,16
DA:55,0
DA:56,0
DA:60,20
DA:61,20
DA:64,20
DA:65,20
DA:66,20
DA:67,20
DA:68,20
DA:69,20
DA:70,20
DA:73,20
DA:74,20
DA:75,20
DA:78,20
DA:79,0
DA:82,0
DA:84,20
DA:85,0
DA:88,0
DA:90,20
DA:91,20
DA:92,0
DA:95,0
DA:99,20
DA:100,20
DA:101,20
DA:102,0
DA:106,0
DA:108,20
DA:111,20
DA:112,20
LF:38
LH:28
BRDA:40,0,0,16
BRDA:40,1,0,16
BRDA:40,2,0,16
BRF:3
BRH:3
end_of_record
TN:
SF:src\languages\en.js
FNF:0
FNH:0
LF:0
LH:0
BRF:0
BRH:0
end_of_record
TN:
SF:src\languages\id.js
FNF:0
FNH:0
LF:0
LH:0
BRF:0
BRH:0
end_of_record
TN:
SF:src\pages\Admin\actions.js
FN:3,(anonymous_0)
FN:7,(anonymous_1)
FNF:2
FNH:1
FNDA:2,(anonymous_0)
FNDA:0,(anonymous_1)
DA:3,20
DA:7,20
LF:2
LH:2
BRF:0
BRH:0
end_of_record
TN:
SF:src\pages\Admin\constants.js
FNF:0
FNH:0
DA:1,20
DA:2,20
LF:2
LH:2
BRF:0
BRH:0
end_of_record
TN:
SF:src\pages\Admin\index.jsx
FN:16,(anonymous_0)
FN:21,(anonymous_1)
FN:21,(anonymous_2)
FN:26,(anonymous_3)
FN:31,(anonymous_4)
FN:53,(anonymous_5)
FNF:6
FNH:2
FNDA:2,(anonymous_0)
FNDA:0,(anonymous_1)
FNDA:0,(anonymous_2)
FNDA:0,(anonymous_3)
FNDA:2,(anonymous_4)
FNDA:0,(anonymous_5)
DA:16,1
DA:17,2
DA:18,2
DA:19,2
DA:21,2
DA:22,0
DA:23,0
DA:26,2
DA:27,0
DA:28,0
DA:31,2
DA:32,2
DA:35,2
DA:54,0
DA:91,1
DA:95,1
LF:16
LH:11
BRDA:48,0,0,2
BRDA:48,0,1,0
BRDA:61,1,0,0
BRDA:61,1,1,0
BRF:4
BRH:1
end_of_record
TN:
SF:src\pages\Admin\reducer.js
FN:10,(anonymous_0)
FN:11,(anonymous_1)
FNF:2
FNH:2
FNDA:282,(anonymous_0)
FNDA:282,(anonymous_1)
DA:4,20
DA:8,20
DA:10,20
DA:11,282
DA:12,282
DA:14,0
DA:15,0
LF:7
LH:5
BRDA:10,0,0,60
BRDA:12,1,0,0
BRF:2
BRH:1
end_of_record
TN:
SF:src\pages\Admin\saga.js
FN:7,getAllAdmin
FN:19,adminListSaga
FNF:2
FNH:2
FNDA:2,getAllAdmin
FNDA:20,adminListSaga
DA:8,2
DA:9,2
DA:10,2
DA:11,0
DA:13,0
DA:14,0
DA:16,0
DA:20,20
LF:8
LH:4
BRF:0
BRH:0
end_of_record
TN:
SF:src\pages\Admin\selectors.js
FN:4,(anonymous_0)
FN:6,(anonymous_1)
FNF:2
FNH:2
FNDA:3,(anonymous_0)
FNDA:1,(anonymous_1)
DA:4,3
DA:6,1
LF:2
LH:2
BRDA:4,0,0,3
BRDA:4,0,1,0
BRF:2
BRH:1
end_of_record
TN:
SF:src\pages\Book\actions.js
FN:3,(anonymous_0)
FN:7,(anonymous_1)
FN:12,(anonymous_2)
FNF:3
FNH:1
FNDA:2,(anonymous_0)
FNDA:0,(anonymous_1)
FNDA:0,(anonymous_2)
DA:3,20
DA:7,20
DA:12,20
LF:3
LH:3
BRF:0
BRH:0
end_of_record
TN:
SF:src\pages\Book\constants.js
FNF:0
FNH:0
DA:1,20
DA:2,20
DA:4,20
LF:3
LH:3
BRF:0
BRH:0
end_of_record
TN:
SF:src\pages\Book\index.jsx
FN:33,(anonymous_0)
FN:38,(anonymous_1)
FN:38,(anonymous_2)
FN:43,(anonymous_3)
FN:48,(anonymous_4)
FN:50,(anonymous_5)
FN:57,(anonymous_6)
FN:62,(anonymous_7)
FN:63,(anonymous_8)
FN:83,(anonymous_9)
FN:150,(anonymous_10)
FNF:11
FNH:2
FNDA:2,(anonymous_0)
FNDA:0,(anonymous_1)
FNDA:0,(anonymous_2)
FNDA:0,(anonymous_3)
FNDA:0,(anonymous_4)
FNDA:0,(anonymous_5)
FNDA:2,(anonymous_6)
FNDA:0,(anonymous_7)
FNDA:0,(anonymous_8)
FNDA:0,(anonymous_9)
FNDA:0,(anonymous_10)
DA:21,1
DA:33,1
DA:34,2
DA:35,2
DA:36,2
DA:38,2
DA:39,0
DA:40,0
DA:43,2
DA:44,0
DA:45,0
DA:48,2
DA:49,0
DA:51,0
DA:52,0
DA:57,2
DA:58,2
DA:61,2
DA:62,2
DA:63,2
DA:65,2
DA:84,0
DA:151,0
DA:152,0
DA:153,0
DA:177,1
DA:181,1
LF:27
LH:16
BRDA:78,0,0,2
BRDA:78,0,1,0
BRDA:86,1,0,0
BRDA:86,1,1,0
BRDA:102,2,0,0
BRDA:102,2,1,0
BRF:6
BRH:1
end_of_record
TN:
SF:src\pages\Book\reducer.js
FN:10,(anonymous_0)
FN:11,(anonymous_1)
FNF:2
FNH:2
FNDA:282,(anonymous_0)
FNDA:282,(anonymous_1)
DA:4,20
DA:8,20
DA:10,20
DA:11,282
DA:12,282
DA:14,0
DA:15,0
LF:7
LH:5
BRDA:10,0,0,60
BRDA:12,1,0,0
BRF:2
BRH:1
end_of_record
TN:
SF:src\pages\Book\saga.js
FN:7,getAllBook
FN:19,doDeleteBook
FN:30,bookListSaga
FNF:3
FNH:2
FNDA:2,getAllBook
FNDA:0,doDeleteBook
FNDA:20,bookListSaga
DA:8,2
DA:9,2
DA:10,2
DA:12,0
DA:14,0
DA:16,0
DA:20,0
DA:21,0
DA:22,0
DA:23,0
DA:25,0
DA:27,0
DA:31,20
DA:32,20
LF:14
LH:5
BRDA:23,0,0,0
BRDA:23,0,1,0
BRF:2
BRH:0
end_of_record
TN:
SF:src\pages\Book\selectors.js
FN:4,(anonymous_0)
FN:6,(anonymous_1)
FNF:2
FNH:2
FNDA:5,(anonymous_0)
FNDA:3,(anonymous_1)
DA:4,5
DA:6,3
LF:2
LH:2
BRDA:4,0,0,5
BRDA:4,0,1,0
BRF:2
BRH:1
end_of_record
TN:
SF:src\pages\BookDetail\index.jsx
FN:12,(anonymous_0)
FN:16,(anonymous_1)
FNF:2
FNH:2
FNDA:1,(anonymous_0)
FNDA:1,(anonymous_1)
DA:12,1
DA:13,1
DA:14,1
DA:16,1
DA:17,1
DA:20,1
DA:42,1
DA:46,1
LF:8
LH:8
BRF:0
BRH:0
end_of_record
TN:
SF:src\pages\ChangePasswordAdmin\actions.js
FN:3,(anonymous_0)
FNF:1
FNH:0
FNDA:0,(anonymous_0)
DA:3,2
LF:1
LH:1
BRF:0
BRH:0
end_of_record
TN:
SF:src\pages\ChangePasswordAdmin\constants.js
FNF:0
FNH:0
DA:1,20
LF:1
LH:1
BRF:0
BRH:0
end_of_record
TN:
SF:src\pages\ChangePasswordAdmin\index.jsx
FN:19,(anonymous_0)
FN:32,(anonymous_1)
FN:34,(anonymous_2)
FN:36,(anonymous_3)
FN:69,(anonymous_4)
FN:90,(anonymous_5)
FNF:6
FNH:1
FNDA:1,(anonymous_0)
FNDA:0,(anonymous_1)
FNDA:0,(anonymous_2)
FNDA:0,(anonymous_3)
FNDA:0,(anonymous_4)
FNDA:0,(anonymous_5)
DA:19,1
DA:20,1
DA:21,1
DA:22,1
DA:23,1
DA:30,1
DA:32,1
DA:33,0
DA:35,0
DA:36,0
DA:37,0
DA:41,1
DA:69,0
DA:90,0
DA:107,1
DA:113,1
LF:16
LH:10
BRDA:59,0,0,1
BRDA:59,0,1,0
BRDA:66,1,0,0
BRDA:66,1,1,1
BRDA:73,2,0,1
BRDA:73,2,1,0
BRDA:76,3,0,1
BRDA:76,3,1,0
BRDA:90,4,0,0
BRDA:90,4,1,0
BRDA:92,5,0,0
BRDA:92,5,1,1
BRDA:94,6,0,1
BRDA:94,6,1,0
BRF:14
BRH:6
end_of_record
TN:
SF:src\pages\ChangePasswordAdmin\saga.js
FN:7,doChangePasswordAdmin
FN:23,changePasswordAdmin
FNF:2
FNH:1
FNDA:0,doChangePasswordAdmin
FNDA:20,changePasswordAdmin
DA:8,0
DA:9,0
DA:10,0
DA:12,0
DA:14,0
DA:15,0
DA:17,0
DA:20,0
DA:24,20
LF:9
LH:1
BRDA:12,0,0,0
BRDA:12,0,1,0
BRDA:14,1,0,0
BRDA:14,1,1,0
BRF:4
BRH:0
end_of_record
TN:
SF:src\pages\ChangePasswordCustomer\index.jsx
FN:19,(anonymous_0)
FN:32,(anonymous_1)
FN:34,(anonymous_2)
FN:36,(anonymous_3)
FN:69,(anonymous_4)
FN:90,(anonymous_5)
FNF:6
FNH:1
FNDA:1,(anonymous_0)
FNDA:0,(anonymous_1)
FNDA:0,(anonymous_2)
FNDA:0,(anonymous_3)
FNDA:0,(anonymous_4)
FNDA:0,(anonymous_5)
DA:19,1
DA:20,1
DA:21,1
DA:22,1
DA:23,1
DA:30,1
DA:32,1
DA:33,0
DA:35,0
DA:36,0
DA:37,0
DA:41,1
DA:69,0
DA:90,0
DA:107,1
DA:113,1
LF:16
LH:10
BRDA:66,0,0,0
BRDA:66,0,1,1
BRDA:73,1,0,1
BRDA:73,1,1,0
BRDA:76,2,0,1
BRDA:76,2,1,0
BRDA:90,3,0,0
BRDA:90,3,1,0
BRDA:92,4,0,0
BRDA:92,4,1,1
BRDA:94,5,0,1
BRDA:94,5,1,0
BRF:12
BRH:5
end_of_record
TN:
SF:src\pages\Customer\actions.js
FN:3,(anonymous_0)
FN:8,(anonymous_1)
FNF:2
FNH:1
FNDA:2,(anonymous_0)
FNDA:0,(anonymous_1)
DA:3,20
DA:8,20
LF:2
LH:2
BRF:0
BRH:0
end_of_record
TN:
SF:src\pages\Customer\constants.js
FNF:0
FNH:0
DA:1,20
DA:2,20
LF:2
LH:2
BRF:0
BRH:0
end_of_record
TN:
SF:src\pages\Customer\index.jsx
FN:15,(anonymous_0)
FN:20,(anonymous_1)
FN:20,(anonymous_2)
FN:25,(anonymous_3)
FN:30,(anonymous_4)
FN:52,(anonymous_5)
FNF:6
FNH:2
FNDA:2,(anonymous_0)
FNDA:0,(anonymous_1)
FNDA:0,(anonymous_2)
FNDA:0,(anonymous_3)
FNDA:2,(anonymous_4)
FNDA:0,(anonymous_5)
DA:15,1
DA:16,2
DA:17,2
DA:18,2
DA:20,2
DA:21,0
DA:22,0
DA:25,2
DA:26,0
DA:27,0
DA:30,2
DA:31,2
DA:34,2
DA:53,0
DA:103,1
DA:107,1
LF:16
LH:11
BRDA:47,0,0,2
BRDA:47,0,1,0
BRDA:60,1,0,0
BRDA:60,1,1,0
BRF:4
BRH:1
end_of_record
TN:
SF:src\pages\Customer\reducer.js
FN:10,(anonymous_0)
FN:11,(anonymous_1)
FNF:2
FNH:2
FNDA:282,(anonymous_0)
FNDA:282,(anonymous_1)
DA:4,20
DA:8,20
DA:10,20
DA:11,282
DA:12,282
DA:14,0
DA:15,0
LF:7
LH:5
BRDA:10,0,0,60
BRDA:12,1,0,0
BRF:2
BRH:1
end_of_record
TN:
SF:src\pages\Customer\saga.js
FN:7,getAllCustomer
FN:18,customerListSaga
FNF:2
FNH:2
FNDA:2,getAllCustomer
FNDA:20,customerListSaga
DA:8,2
DA:9,2
DA:10,2
DA:11,0
DA:13,0
DA:15,0
DA:19,20
LF:7
LH:4
BRF:0
BRH:0
end_of_record
TN:
SF:src\pages\Customer\selectors.js
FN:4,(anonymous_0)
FN:6,(anonymous_1)
FNF:2
FNH:2
FNDA:3,(anonymous_0)
FNDA:1,(anonymous_1)
DA:4,3
DA:6,1
LF:2
LH:2
BRDA:4,0,0,3
BRDA:4,0,1,0
BRF:2
BRH:1
end_of_record
TN:
SF:src\pages\CustomerLending\actions.js
FN:3,(anonymous_0)
FN:9,(anonymous_1)
FNF:2
FNH:1
FNDA:3,(anonymous_0)
FNDA:0,(anonymous_1)
DA:3,20
DA:9,20
LF:2
LH:2
BRF:0
BRH:0
end_of_record
TN:
SF:src\pages\CustomerLending\constants.js
FNF:0
FNH:0
DA:1,20
DA:2,20
LF:2
LH:2
BRF:0
BRH:0
end_of_record
TN:
SF:src\pages\CustomerLending\index.jsx
FN:16,(anonymous_0)
FN:21,(anonymous_1)
FN:23,(anonymous_2)
FN:49,(anonymous_3)
FNF:4
FNH:2
FNDA:3,(anonymous_0)
FNDA:3,(anonymous_1)
FNDA:0,(anonymous_2)
FNDA:0,(anonymous_3)
DA:16,1
DA:17,3
DA:18,3
DA:19,3
DA:21,3
DA:22,3
DA:24,0
DA:29,3
DA:30,2
DA:33,1
DA:50,0
DA:94,1
DA:99,1
LF:13
LH:11
BRDA:16,0,0,2
BRDA:29,1,0,2
BRDA:29,1,1,1
BRDA:29,2,0,3
BRDA:29,2,1,3
BRDA:44,3,0,1
BRDA:44,3,1,0
BRDA:53,4,0,0
BRDA:53,4,1,0
BRDA:76,5,0,0
BRDA:76,5,1,0
BRF:11
BRH:6
end_of_record
TN:
SF:src\pages\CustomerLending\reducer.js
FN:10,(anonymous_0)
FN:11,(anonymous_1)
FNF:2
FNH:2
FNDA:282,(anonymous_0)
FNDA:282,(anonymous_1)
DA:4,20
DA:8,20
DA:10,20
DA:11,282
DA:12,282
DA:14,0
DA:15,0
LF:7
LH:5
BRDA:10,0,0,60
BRDA:12,1,0,0
BRF:2
BRH:1
end_of_record
TN:
SF:src\pages\CustomerLending\saga.js
FN:8,doGetCustomerLending
FN:21,customerLendingSaga
FN:30,oo_cm
FNF:3
FNH:2
FNDA:3,doGetCustomerLending
FNDA:20,customerLendingSaga
FNDA:0,oo_cm
DA:9,3
DA:10,3
DA:11,3
DA:12,0
DA:13,0
DA:14,0
DA:16,0
DA:18,0
DA:22,20
DA:30,0
LF:10
LH:4
BRDA:13,0,0,0
BRDA:13,0,1,0
BRDA:30,1,0,0
BRDA:30,1,1,0
BRF:4
BRH:0
end_of_record
TN:
SF:src\pages\CustomerLending\selectors.js
FN:4,(anonymous_0)
FN:6,(anonymous_1)
FNF:2
FNH:2
FNDA:3,(anonymous_0)
FNDA:1,(anonymous_1)
DA:4,3
DA:6,1
LF:2
LH:2
BRDA:4,0,0,3
BRDA:4,0,1,0
BRF:2
BRH:1
end_of_record
TN:
SF:src\pages\Dashboard\actions.js
FN:3,(anonymous_0)
FN:8,(anonymous_1)
FN:13,(anonymous_2)
FN:18,(anonymous_3)
FNF:4
FNH:2
FNDA:1,(anonymous_0)
FNDA:0,(anonymous_1)
FNDA:1,(anonymous_2)
FNDA:0,(anonymous_3)
DA:3,20
DA:8,20
DA:13,20
DA:18,20
LF:4
LH:4
BRF:0
BRH:0
end_of_record
TN:
SF:src\pages\Dashboard\constants.js
FNF:0
FNH:0
DA:1,20
DA:2,20
DA:4,20
DA:5,20
LF:4
LH:4
BRF:0
BRH:0
end_of_record
TN:
SF:src\pages\Dashboard\index.jsx
FN:14,(anonymous_0)
FN:18,(anonymous_1)
FN:20,(anonymous_2)
FN:25,(anonymous_3)
FNF:4
FNH:2
FNDA:2,(anonymous_0)
FNDA:1,(anonymous_1)
FNDA:0,(anonymous_2)
FNDA:0,(anonymous_3)
DA:14,1
DA:15,2
DA:16,2
DA:18,2
DA:19,1
DA:21,0
DA:24,1
DA:26,0
DA:29,1
DA:32,2
DA:33,1
DA:36,1
DA:74,1
DA:79,1
LF:14
LH:12
BRDA:32,0,0,1
BRDA:32,0,1,1
BRF:2
BRH:2
end_of_record
TN:
SF:src\pages\Dashboard\reducer.js
FN:11,(anonymous_0)
FN:12,(anonymous_1)
FNF:2
FNH:2
FNDA:564,(anonymous_0)
FNDA:564,(anonymous_1)
DA:4,20
DA:9,20
DA:11,20
DA:12,564
DA:13,564
DA:15,0
DA:16,0
DA:18,0
DA:19,0
LF:9
LH:5
BRDA:11,0,0,120
BRDA:13,1,0,0
BRDA:13,1,1,0
BRF:3
BRH:1
end_of_record
TN:
SF:src\pages\Dashboard\saga.js
FN:8,doGetCategoryList
FN:20,doGetDashboard
FN:32,getDashboardData
FNF:3
FNH:3
FNDA:1,doGetCategoryList
FNDA:1,doGetDashboard
FNDA:20,getDashboardData
DA:9,1
DA:10,1
DA:11,1
DA:12,0
DA:13,0
DA:15,0
DA:17,0
DA:21,1
DA:22,1
DA:23,1
DA:24,0
DA:25,0
DA:27,0
DA:29,0
DA:33,20
DA:34,20
LF:16
LH:8
BRDA:12,0,0,0
BRDA:12,0,1,0
BRDA:24,1,0,0
BRDA:24,1,1,0
BRF:4
BRH:0
end_of_record
TN:
SF:src\pages\Dashboard\selectors.js
FN:4,(anonymous_0)
FN:6,(anonymous_1)
FN:7,(anonymous_2)
FNF:3
FNH:3
FNDA:4,(anonymous_0)
FNDA:2,(anonymous_1)
FNDA:1,(anonymous_2)
DA:4,4
DA:6,3
DA:7,3
LF:3
LH:3
BRDA:4,0,0,4
BRDA:4,0,1,0
BRF:2
BRH:1
end_of_record
TN:
SF:src\pages\DeleteLending\actions.js
FN:3,(anonymous_0)
FNF:1
FNH:0
FNDA:0,(anonymous_0)
DA:3,1
LF:1
LH:1
BRF:0
BRH:0
end_of_record
TN:
SF:src\pages\DeleteLending\constants.js
FNF:0
FNH:0
DA:1,20
LF:1
LH:1
BRF:0
BRH:0
end_of_record
TN:
SF:src\pages\DeleteLending\index.jsx
FN:17,(anonymous_0)
FN:28,(anonymous_1)
FN:30,(anonymous_2)
FN:32,(anonymous_3)
FN:83,(anonymous_4)
FNF:5
FNH:1
FNDA:1,(anonymous_0)
FNDA:0,(anonymous_1)
FNDA:0,(anonymous_2)
FNDA:0,(anonymous_3)
FNDA:0,(anonymous_4)
DA:17,1
DA:18,1
DA:19,1
DA:20,1
DA:26,1
DA:28,1
DA:29,0
DA:31,0
DA:32,0
DA:33,0
DA:34,0
DA:38,1
DA:84,0
DA:102,1
DA:106,1
LF:15
LH:9
BRDA:62,0,0,0
BRDA:62,0,1,1
BRDA:64,1,0,1
BRDA:64,1,1,0
BRDA:78,2,0,0
BRDA:78,2,1,1
BRDA:89,3,0,1
BRDA:89,3,1,0
BRF:8
BRH:4
end_of_record
TN:
SF:src\pages\DeleteLending\saga.js
FN:7,doDeleteLending
FN:19,deleteLendingSaga
FNF:2
FNH:1
FNDA:0,doDeleteLending
FNDA:20,deleteLendingSaga
DA:8,0
DA:9,0
DA:10,0
DA:12,0
DA:14,0
DA:16,0
DA:20,20
LF:7
LH:1
BRDA:12,0,0,0
BRDA:12,0,1,0
BRF:2
BRH:0
end_of_record
TN:
SF:src\pages\EditBook\actions.js
FN:3,(anonymous_0)
FN:10,(anonymous_1)
FN:16,(anonymous_2)
FNF:3
FNH:1
FNDA:0,(anonymous_0)
FNDA:2,(anonymous_1)
FNDA:0,(anonymous_2)
DA:3,20
DA:10,20
DA:16,20
LF:3
LH:3
BRF:0
BRH:0
end_of_record
TN:
SF:src\pages\EditBook\constants.js
FNF:0
FNH:0
DA:1,20
DA:2,20
DA:3,20
LF:3
LH:3
BRF:0
BRH:0
end_of_record
TN:
SF:src\pages\EditBook\index.jsx
FN:19,(anonymous_0)
FN:37,(anonymous_1)
FN:43,(anonymous_2)
FN:45,(anonymous_3)
FN:51,(anonymous_4)
FN:60,(anonymous_5)
FN:62,(anonymous_6)
FN:155,(anonymous_7)
FN:187,(anonymous_8)
FNF:9
FNH:2
FNDA:1,(anonymous_0)
FNDA:0,(anonymous_1)
FNDA:1,(anonymous_2)
FNDA:0,(anonymous_3)
FNDA:0,(anonymous_4)
FNDA:0,(anonymous_5)
FNDA:0,(anonymous_6)
FNDA:0,(anonymous_7)
FNDA:0,(anonymous_8)
DA:19,1
DA:20,1
DA:22,1
DA:23,1
DA:24,1
DA:26,1
DA:27,1
DA:28,1
DA:29,1
DA:35,1
DA:37,1
DA:38,0
DA:39,0
DA:40,0
DA:43,1
DA:44,1
DA:46,0
DA:51,1
DA:52,0
DA:53,0
DA:54,0
DA:55,0
DA:56,0
DA:57,0
DA:58,0
DA:59,0
DA:61,0
DA:62,0
DA:63,0
DA:68,1
DA:69,0
DA:71,1
DA:156,0
DA:187,0
DA:201,1
DA:207,1
LF:36
LH:18
BRDA:19,0,0,0
BRDA:68,1,0,0
BRDA:68,1,1,1
BRDA:68,2,0,1
BRDA:68,2,1,1
BRDA:97,3,0,0
BRDA:97,3,1,1
BRDA:100,4,0,1
BRDA:100,4,1,0
BRDA:114,5,0,0
BRDA:114,5,1,1
BRDA:117,6,0,1
BRDA:117,6,1,0
BRDA:133,7,0,0
BRDA:133,7,1,1
BRDA:136,8,0,1
BRDA:136,8,1,0
BRDA:150,9,0,0
BRDA:150,9,1,1
BRDA:162,10,0,1
BRDA:162,10,1,0
BRDA:176,11,0,0
BRDA:176,11,1,1
BRDA:180,12,0,1
BRDA:180,12,1,0
BRDA:188,13,0,1
BRDA:188,13,1,1
BRF:27
BRH:15
end_of_record
TN:
SF:src\pages\EditBook\reducer.js
FN:10,(anonymous_0)
FN:11,(anonymous_1)
FNF:2
FNH:2
FNDA:282,(anonymous_0)
FNDA:282,(anonymous_1)
DA:4,20
DA:8,20
DA:10,20
DA:11,282
DA:12,282
DA:14,0
DA:15,0
LF:7
LH:5
BRDA:10,0,0,60
BRDA:12,1,0,0
BRF:2
BRH:1
end_of_record
TN:
SF:src\pages\EditBook\saga.js
FN:8,doEditBook
FN:21,doGetBookById
FN:33,editBookSaga
FN:43,oo_cm
FNF:4
FNH:2
FNDA:0,doEditBook
FNDA:2,doGetBookById
FNDA:20,editBookSaga
FNDA:0,oo_cm
DA:9,0
DA:10,0
DA:11,0
DA:13,0
DA:15,0
DA:16,0
DA:18,0
DA:22,2
DA:23,2
DA:24,2
DA:25,0
DA:26,0
DA:28,0
DA:30,0
DA:34,20
DA:35,20
DA:43,0
LF:17
LH:5
BRDA:13,0,0,0
BRDA:13,0,1,0
BRDA:25,1,0,0
BRDA:25,1,1,0
BRDA:43,2,0,0
BRDA:43,2,1,0
BRF:6
BRH:0
end_of_record
TN:
SF:src\pages\EditBook\selectors.js
FN:4,(anonymous_0)
FN:6,(anonymous_1)
FNF:2
FNH:2
FNDA:2,(anonymous_0)
FNDA:2,(anonymous_1)
DA:4,2
DA:6,2
LF:2
LH:2
BRDA:4,0,0,2
BRDA:4,0,1,0
BRF:2
BRH:1
end_of_record
TN:
SF:src\pages\EditProfileAdmin\actions.js
FN:3,(anonymous_0)
FNF:1
FNH:0
FNDA:0,(anonymous_0)
DA:3,2
LF:1
LH:1
BRF:0
BRH:0
end_of_record
TN:
SF:src\pages\EditProfileAdmin\constants.js
FNF:0
FNH:0
DA:1,20
LF:1
LH:1
BRF:0
BRH:0
end_of_record
TN:
SF:src\pages\EditProfileAdmin\index.jsx
FN:19,(anonymous_0)
FN:34,(anonymous_1)
FN:40,(anonymous_2)
FN:48,(anonymous_3)
FN:50,(anonymous_4)
FN:69,(anonymous_5)
FNF:6
FNH:1
FNDA:1,(anonymous_0)
FNDA:0,(anonymous_1)
FNDA:0,(anonymous_2)
FNDA:0,(anonymous_3)
FNDA:0,(anonymous_4)
FNDA:0,(anonymous_5)
DA:19,1
DA:20,1
DA:21,1
DA:22,1
DA:24,1
DA:25,1
DA:26,1
DA:32,1
DA:34,1
DA:35,0
DA:36,0
DA:37,0
DA:40,1
DA:41,0
DA:42,0
DA:43,0
DA:44,0
DA:45,0
DA:47,0
DA:49,0
DA:50,0
DA:51,0
DA:55,1
DA:69,0
DA:184,1
DA:188,1
LF:26
LH:13
BRDA:70,0,0,1
BRDA:70,0,1,1
BRDA:86,1,0,0
BRDA:86,1,1,1
BRDA:89,2,0,1
BRDA:89,2,1,0
BRDA:101,3,0,0
BRDA:101,3,1,1
BRDA:121,4,0,0
BRDA:121,4,1,1
BRDA:124,5,0,1
BRDA:124,5,1,0
BRDA:138,6,0,0
BRDA:138,6,1,1
BRDA:141,7,0,1
BRDA:141,7,1,0
BRDA:155,8,0,0
BRDA:155,8,1,1
BRF:18
BRH:10
end_of_record
TN:
SF:src\pages\EditProfileAdmin\reducer.js
FN:10,(anonymous_0)
FN:11,(anonymous_1)
FNF:2
FNH:2
FNDA:282,(anonymous_0)
FNDA:282,(anonymous_1)
DA:4,20
DA:8,20
DA:10,20
DA:11,282
DA:12,282
DA:14,0
DA:15,0
DA:17,282
LF:8
LH:6
BRDA:10,0,0,60
BRDA:12,1,0,0
BRDA:12,1,1,282
BRF:3
BRH:2
end_of_record
TN:
SF:src\pages\EditProfileAdmin\saga.js
FN:7,doEditProfile
FN:22,editProfileAdminSaga
FNF:2
FNH:1
FNDA:0,doEditProfile
FNDA:20,editProfileAdminSaga
DA:8,0
DA:9,0
DA:10,0
DA:12,0
DA:13,0
DA:15,0
DA:17,0
DA:19,0
DA:23,20
LF:9
LH:1
BRDA:12,0,0,0
BRDA:12,0,1,0
BRDA:15,1,0,0
BRDA:15,1,1,0
BRF:4
BRH:0
end_of_record
TN:
SF:src\pages\EditUser\actions.js
FN:3,(anonymous_0)
FN:10,(anonymous_1)
FN:16,(anonymous_2)
FNF:3
FNH:1
FNDA:0,(anonymous_0)
FNDA:1,(anonymous_1)
FNDA:0,(anonymous_2)
DA:3,20
DA:10,20
DA:16,20
LF:3
LH:3
BRF:0
BRH:0
end_of_record
TN:
SF:src\pages\EditUser\constants.js
FNF:0
FNH:0
DA:1,20
DA:3,20
DA:5,20
LF:3
LH:3
BRF:0
BRH:0
end_of_record
TN:
SF:src\pages\EditUser\index.jsx
FN:18,(anonymous_0)
FN:29,(anonymous_1)
FN:31,(anonymous_2)
FN:43,(anonymous_3)
FN:49,(anonymous_4)
FN:57,(anonymous_5)
FN:59,(anonymous_6)
FN:82,(anonymous_7)
FNF:8
FNH:2
FNDA:1,(anonymous_0)
FNDA:1,(anonymous_1)
FNDA:0,(anonymous_2)
FNDA:0,(anonymous_3)
FNDA:0,(anonymous_4)
FNDA:0,(anonymous_5)
FNDA:0,(anonymous_6)
FNDA:0,(anonymous_7)
DA:18,1
DA:19,1
DA:20,1
DA:21,1
DA:22,1
DA:23,1
DA:24,1
DA:26,1
DA:27,1
DA:29,1
DA:30,1
DA:32,0
DA:41,1
DA:43,1
DA:44,0
DA:45,0
DA:46,0
DA:49,1
DA:50,0
DA:51,0
DA:52,0
DA:53,0
DA:54,0
DA:56,0
DA:58,0
DA:59,0
DA:60,0
DA:65,1
DA:66,0
DA:68,1
DA:82,0
DA:187,1
DA:192,1
LF:33
LH:18
BRDA:18,0,0,0
BRDA:65,1,0,0
BRDA:65,1,1,1
BRDA:65,2,0,1
BRDA:65,2,1,1
BRDA:83,3,0,1
BRDA:83,3,1,1
BRDA:99,4,0,0
BRDA:99,4,1,1
BRDA:102,5,0,1
BRDA:102,5,1,0
BRDA:114,6,0,0
BRDA:114,6,1,1
BRDA:118,7,0,1
BRDA:118,7,1,0
BRDA:135,8,0,0
BRDA:135,8,1,1
BRDA:138,9,0,1
BRDA:138,9,1,0
BRDA:152,10,0,0
BRDA:152,10,1,1
BRDA:155,11,0,1
BRDA:155,11,1,0
BRDA:169,12,0,0
BRDA:169,12,1,1
BRDA:173,13,0,1
BRDA:173,13,1,0
BRF:27
BRH:15
end_of_record
TN:
SF:src\pages\EditUser\reducer.js
FN:10,(anonymous_0)
FN:11,(anonymous_1)
FNF:2
FNH:2
FNDA:282,(anonymous_0)
FNDA:282,(anonymous_1)
DA:4,20
DA:8,20
DA:10,20
DA:11,282
DA:12,282
DA:14,0
DA:15,0
LF:7
LH:5
BRDA:10,0,0,60
BRDA:12,1,0,0
BRF:2
BRH:1
end_of_record
TN:
SF:src\pages\EditUser\saga.js
FN:8,doEditUser
FN:21,doGetUserById
FN:34,editUserSaga
FN:44,oo_cm
FNF:4
FNH:2
FNDA:0,doEditUser
FNDA:1,doGetUserById
FNDA:20,editUserSaga
FNDA:0,oo_cm
DA:9,0
DA:10,0
DA:11,0
DA:13,0
DA:15,0
DA:16,0
DA:18,0
DA:22,1
DA:23,1
DA:24,1
DA:26,0
DA:27,0
DA:29,0
DA:31,0
DA:35,20
DA:36,20
DA:44,0
LF:17
LH:5
BRDA:13,0,0,0
BRDA:13,0,1,0
BRDA:26,1,0,0
BRDA:26,1,1,0
BRDA:44,2,0,0
BRDA:44,2,1,0
BRF:6
BRH:0
end_of_record
TN:
SF:src\pages\EditUser\selectors.js
FN:4,(anonymous_0)
FN:6,(anonymous_1)
FNF:2
FNH:2
FNDA:1,(anonymous_0)
FNDA:1,(anonymous_1)
DA:4,1
DA:6,1
LF:2
LH:2
BRDA:4,0,0,1
BRDA:4,0,1,0
BRF:2
BRH:1
end_of_record
TN:
SF:src\pages\LendingList\actions.js
FN:3,(anonymous_0)
FN:8,(anonymous_1)
FNF:2
FNH:1
FNDA:1,(anonymous_0)
FNDA:0,(anonymous_1)
DA:3,20
DA:8,20
LF:2
LH:2
BRF:0
BRH:0
end_of_record
TN:
SF:src\pages\LendingList\constants.js
FNF:0
FNH:0
DA:1,20
DA:2,20
LF:2
LH:2
BRF:0
BRH:0
end_of_record
TN:
SF:src\pages\LendingList\index.jsx
FN:16,(anonymous_0)
FN:21,(anonymous_1)
FN:23,(anonymous_2)
FN:47,(anonymous_3)
FN:105,oo_cm
FNF:5
FNH:3
FNDA:1,(anonymous_0)
FNDA:1,(anonymous_1)
FNDA:0,(anonymous_2)
FNDA:0,(anonymous_3)
FNDA:2,oo_cm
DA:16,1
DA:17,1
DA:18,1
DA:19,1
DA:20,1
DA:21,1
DA:22,1
DA:24,0
DA:29,1
DA:30,1
DA:33,0
DA:48,0
DA:90,1
DA:94,1
DA:105,2
LF:15
LH:12
BRDA:29,0,0,1
BRDA:29,0,1,0
BRDA:51,1,0,0
BRDA:51,1,1,0
BRDA:76,2,0,0
BRDA:76,2,1,0
BRDA:79,3,0,0
BRDA:79,3,1,0
BRDA:105,4,0,2
BRDA:105,4,1,1
BRF:10
BRH:3
end_of_record
TN:
SF:src\pages\LendingList\reducer.js
FN:10,(anonymous_0)
FN:11,(anonymous_1)
FNF:2
FNH:2
FNDA:282,(anonymous_0)
FNDA:282,(anonymous_1)
DA:4,20
DA:8,20
DA:10,20
DA:11,282
DA:12,282
DA:14,0
DA:15,0
LF:7
LH:5
BRDA:10,0,0,60
BRDA:12,1,0,0
BRF:2
BRH:1
end_of_record
TN:
SF:src\pages\LendingList\saga.js
FN:8,doGetLendingList
FN:20,lendingListSaga
FNF:2
FNH:2
FNDA:1,doGetLendingList
FNDA:20,lendingListSaga
DA:9,1
DA:10,1
DA:11,1
DA:12,0
DA:13,0
DA:15,0
DA:17,0
DA:21,20
LF:8
LH:4
BRDA:12,0,0,0
BRDA:12,0,1,0
BRF:2
BRH:0
end_of_record
TN:
SF:src\pages\LendingList\selectors.js
FN:4,(anonymous_0)
FN:6,(anonymous_1)
FNF:2
FNH:2
FNDA:1,(anonymous_0)
FNDA:1,(anonymous_1)
DA:4,1
DA:6,1
LF:2
LH:2
BRDA:4,0,0,1
BRDA:4,0,1,0
BRF:2
BRH:1
end_of_record
TN:
SF:src\pages\Login\actions.js
FN:3,(anonymous_0)
FNF:1
FNH:0
FNDA:0,(anonymous_0)
DA:3,1
LF:1
LH:1
BRF:0
BRH:0
end_of_record
TN:
SF:src\pages\Login\constants.js
FNF:0
FNH:0
DA:1,20
LF:1
LH:1
BRF:0
BRH:0
end_of_record
TN:
SF:src\pages\Login\index.jsx
FN:15,(anonymous_0)
FN:27,(anonymous_1)
FN:32,(anonymous_2)
FN:36,(anonymous_3)
FN:38,(anonymous_4)
FN:41,(anonymous_5)
FN:89,(anonymous_6)
FNF:7
FNH:1
FNDA:1,(anonymous_0)
FNDA:0,(anonymous_1)
FNDA:0,(anonymous_2)
FNDA:0,(anonymous_3)
FNDA:0,(anonymous_4)
FNDA:0,(anonymous_5)
FNDA:0,(anonymous_6)
DA:15,1
DA:16,1
DA:17,1
DA:18,1
DA:19,1
DA:25,1
DA:27,1
DA:28,0
DA:29,0
DA:33,0
DA:34,0
DA:35,0
DA:36,0
DA:38,0
DA:42,0
DA:48,1
DA:89,0
LF:17
LH:8
BRDA:35,0,0,0
BRDA:35,0,1,0
BRDA:35,1,0,0
BRDA:35,1,1,0
BRDA:69,2,0,0
BRDA:69,2,1,1
BRDA:71,3,0,1
BRDA:71,3,1,0
BRDA:79,4,0,1
BRDA:79,4,1,0
BRDA:86,5,0,0
BRDA:86,5,1,1
BRDA:93,6,0,1
BRDA:93,6,1,0
BRDA:96,7,0,1
BRDA:96,7,1,0
BRF:16
BRH:6
end_of_record
TN:
SF:src\pages\Login\saga.js
FN:7,doLogin
FN:24,loginSaga
FNF:2
FNH:1
FNDA:0,doLogin
FNDA:20,loginSaga
DA:8,0
DA:9,0
DA:10,0
DA:12,0
DA:13,0
DA:14,0
DA:16,0
DA:18,0
DA:19,0
DA:21,0
DA:25,20
LF:11
LH:1
BRDA:16,0,0,0
BRDA:16,0,1,0
BRDA:18,1,0,0
BRDA:18,1,1,0
BRF:4
BRH:0
end_of_record
TN:
SF:src\pages\MyLending\actions.js
FN:3,(anonymous_0)
FN:8,(anonymous_1)
FNF:2
FNH:1
FNDA:1,(anonymous_0)
FNDA:0,(anonymous_1)
DA:3,20
DA:8,20
LF:2
LH:2
BRF:0
BRH:0
end_of_record
TN:
SF:src\pages\MyLending\constants.js
FNF:0
FNH:0
DA:1,20
DA:2,20
LF:2
LH:2
BRF:0
BRH:0
end_of_record
TN:
SF:src\pages\MyLending\index.jsx
FN:15,(anonymous_0)
FN:19,(anonymous_1)
FN:21,(anonymous_2)
FN:44,(anonymous_3)
FNF:4
FNH:2
FNDA:1,(anonymous_0)
FNDA:1,(anonymous_1)
FNDA:0,(anonymous_2)
FNDA:0,(anonymous_3)
DA:15,1
DA:16,1
DA:17,1
DA:19,1
DA:20,1
DA:22,0
DA:27,1
DA:28,1
DA:31,0
DA:45,0
DA:89,1
DA:93,1
LF:12
LH:9
BRDA:27,0,0,1
BRDA:27,0,1,0
BRDA:39,1,0,0
BRDA:39,1,1,0
BRDA:48,2,0,0
BRDA:48,2,1,0
BRDA:71,3,0,0
BRDA:71,3,1,0
BRF:8
BRH:1
end_of_record
TN:
SF:src\pages\MyLending\reducer.js
FN:10,(anonymous_0)
FN:11,(anonymous_1)
FNF:2
FNH:2
FNDA:282,(anonymous_0)
FNDA:282,(anonymous_1)
DA:4,20
DA:8,20
DA:10,20
DA:11,282
DA:12,282
DA:14,0
DA:15,0
LF:7
LH:5
BRDA:10,0,0,60
BRDA:12,1,0,0
BRF:2
BRH:1
end_of_record
TN:
SF:src\pages\MyLending\saga.js
FN:8,doGetMyLendingList
FN:22,myLendingListSaga
FN:31,oo_cm
FNF:3
FNH:2
FNDA:1,doGetMyLendingList
FNDA:20,myLendingListSaga
FNDA:0,oo_cm
DA:9,1
DA:10,1
DA:11,1
DA:12,0
DA:13,0
DA:15,0
DA:17,0
DA:19,0
DA:23,20
DA:31,0
LF:10
LH:4
BRDA:13,0,0,0
BRDA:13,0,1,0
BRDA:31,1,0,0
BRDA:31,1,1,0
BRF:4
BRH:0
end_of_record
TN:
SF:src\pages\MyLending\selectors.js
FN:4,(anonymous_0)
FN:6,(anonymous_1)
FNF:2
FNH:2
FNDA:1,(anonymous_0)
FNDA:1,(anonymous_1)
DA:4,1
DA:6,1
LF:2
LH:2
BRDA:4,0,0,1
BRDA:4,0,1,0
BRF:2
BRH:1
end_of_record
TN:
SF:src\pages\Profile\index.jsx
FN:18,(anonymous_0)
FN:33,(anonymous_1)
FN:39,(anonymous_2)
FN:47,(anonymous_3)
FN:49,(anonymous_4)
FN:61,(anonymous_5)
FNF:6
FNH:1
FNDA:1,(anonymous_0)
FNDA:0,(anonymous_1)
FNDA:0,(anonymous_2)
FNDA:0,(anonymous_3)
FNDA:0,(anonymous_4)
FNDA:0,(anonymous_5)
DA:18,1
DA:19,1
DA:20,1
DA:21,1
DA:23,1
DA:24,1
DA:25,1
DA:31,1
DA:33,1
DA:34,0
DA:35,0
DA:36,0
DA:39,1
DA:40,0
DA:41,0
DA:42,0
DA:43,0
DA:44,0
DA:46,0
DA:48,0
DA:49,0
DA:50,0
DA:55,1
DA:61,0
DA:173,1
DA:177,1
LF:26
LH:13
BRDA:62,0,0,1
BRDA:62,0,1,1
BRDA:78,1,0,0
BRDA:78,1,1,1
BRDA:81,2,0,1
BRDA:81,2,1,0
BRDA:93,3,0,0
BRDA:93,3,1,1
BRDA:113,4,0,0
BRDA:113,4,1,1
BRDA:129,5,0,0
BRDA:129,5,1,1
BRDA:145,6,0,0
BRDA:145,6,1,1
BRF:14
BRH:8
end_of_record
TN:
SF:src\pages\RegisterAdmin\actions.js
FN:3,(anonymous_0)
FNF:1
FNH:0
FNDA:0,(anonymous_0)
DA:3,1
LF:1
LH:1
BRF:0
BRH:0
end_of_record
TN:
SF:src\pages\RegisterAdmin\constants.js
FNF:0
FNH:0
DA:1,20
LF:1
LH:1
BRF:0
BRH:0
end_of_record
TN:
SF:src\pages\RegisterAdmin\index.jsx
FN:16,(anonymous_0)
FN:28,(anonymous_1)
FN:32,(anonymous_2)
FN:34,(anonymous_3)
FN:148,(anonymous_4)
FNF:5
FNH:1
FNDA:1,(anonymous_0)
FNDA:0,(anonymous_1)
FNDA:0,(anonymous_2)
FNDA:0,(anonymous_3)
FNDA:0,(anonymous_4)
DA:16,1
DA:17,1
DA:18,1
DA:19,1
DA:26,1
DA:28,1
DA:29,0
DA:31,0
DA:33,0
DA:34,0
DA:35,0
DA:40,1
DA:148,0
DA:165,1
DA:169,1
LF:15
LH:9
BRDA:62,0,0,0
BRDA:62,0,1,1
BRDA:64,1,0,1
BRDA:64,1,1,0
BRDA:79,2,0,0
BRDA:79,2,1,1
BRDA:81,3,0,1
BRDA:81,3,1,0
BRDA:98,4,0,0
BRDA:98,4,1,1
BRDA:100,5,0,1
BRDA:100,5,1,0
BRDA:114,6,0,0
BRDA:114,6,1,1
BRDA:116,7,0,1
BRDA:116,7,1,0
BRDA:132,8,0,0
BRDA:132,8,1,1
BRDA:134,9,0,1
BRDA:134,9,1,0
BRDA:148,10,0,0
BRDA:148,10,1,0
BRDA:150,11,0,0
BRDA:150,11,1,1
BRDA:152,12,0,1
BRDA:152,12,1,0
BRF:26
BRH:12
end_of_record
TN:
SF:src\pages\RegisterAdmin\saga.js
FN:7,doRegisterAdmin
FN:19,registerAdminSaga
FNF:2
FNH:1
FNDA:0,doRegisterAdmin
FNDA:20,registerAdminSaga
DA:8,0
DA:9,0
DA:10,0
DA:12,0
DA:14,0
DA:16,0
DA:20,20
LF:7
LH:1
BRDA:12,0,0,0
BRDA:12,0,1,0
BRF:2
BRH:0
end_of_record
TN:
SF:src\pages\RegisterBook\actions.js
FN:3,(anonymous_0)
FNF:1
FNH:0
FNDA:0,(anonymous_0)
DA:3,1
LF:1
LH:1
BRF:0
BRH:0
end_of_record
TN:
SF:src\pages\RegisterBook\constants.js
FNF:0
FNH:0
DA:1,20
LF:1
LH:1
BRF:0
BRH:0
end_of_record
TN:
SF:src\pages\RegisterBook\index.jsx
FN:17,(anonymous_0)
FN:33,(anonymous_1)
FN:39,(anonymous_2)
FN:49,(anonymous_3)
FN:51,(anonymous_4)
FN:133,(anonymous_5)
FN:171,(anonymous_6)
FNF:7
FNH:1
FNDA:2,(anonymous_0)
FNDA:0,(anonymous_1)
FNDA:0,(anonymous_2)
FNDA:0,(anonymous_3)
FNDA:0,(anonymous_4)
FNDA:0,(anonymous_5)
FNDA:0,(anonymous_6)
DA:17,1
DA:18,2
DA:20,2
DA:21,2
DA:22,2
DA:24,2
DA:25,2
DA:31,2
DA:33,2
DA:34,0
DA:35,0
DA:36,0
DA:39,2
DA:40,0
DA:41,0
DA:42,0
DA:43,0
DA:44,0
DA:45,0
DA:46,0
DA:48,0
DA:50,0
DA:51,0
DA:52,0
DA:57,2
DA:134,0
DA:171,0
DA:186,1
DA:193,1
LF:29
LH:13
BRDA:78,0,0,0
BRDA:78,0,1,2
BRDA:80,1,0,2
BRDA:80,1,1,0
BRDA:94,2,0,0
BRDA:94,2,1,2
BRDA:96,3,0,2
BRDA:96,3,1,0
BRDA:112,4,0,0
BRDA:112,4,1,2
BRDA:114,5,0,2
BRDA:114,5,1,0
BRDA:128,6,0,0
BRDA:128,6,1,2
BRDA:139,7,0,2
BRDA:139,7,1,0
BRDA:153,8,0,0
BRDA:153,8,1,2
BRDA:156,9,0,2
BRDA:156,9,1,0
BRDA:168,10,0,0
BRDA:168,10,1,2
BRDA:172,11,0,2
BRDA:172,11,1,2
BRDA:173,12,0,2
BRDA:173,12,1,0
BRF:26
BRH:14
end_of_record
TN:
SF:src\pages\RegisterBook\saga.js
FN:7,doRegisterBook
FN:24,registerBookSaga
FNF:2
FNH:1
FNDA:0,doRegisterBook
FNDA:20,registerBookSaga
DA:8,0
DA:10,0
DA:11,0
DA:13,0
DA:15,0
DA:16,0
DA:18,0
DA:21,0
DA:25,20
LF:9
LH:1
BRDA:13,0,0,0
BRDA:13,0,1,0
BRDA:15,1,0,0
BRDA:15,1,1,0
BRF:4
BRH:0
end_of_record
TN:
SF:src\pages\RegisterCustomer\actions.js
FN:3,(anonymous_0)
FNF:1
FNH:0
FNDA:0,(anonymous_0)
DA:3,1
LF:1
LH:1
BRF:0
BRH:0
end_of_record
TN:
SF:src\pages\RegisterCustomer\constants.js
FNF:0
FNH:0
DA:1,20
LF:1
LH:1
BRF:0
BRH:0
end_of_record
TN:
SF:src\pages\RegisterCustomer\index.jsx
FN:17,(anonymous_0)
FN:29,(anonymous_1)
FN:34,(anonymous_2)
FN:36,(anonymous_3)
FN:153,(anonymous_4)
FN:185,oo_cm
FNF:6
FNH:1
FNDA:1,(anonymous_0)
FNDA:0,(anonymous_1)
FNDA:0,(anonymous_2)
FNDA:0,(anonymous_3)
FNDA:0,(anonymous_4)
FNDA:0,oo_cm
DA:17,1
DA:18,1
DA:19,1
DA:20,1
DA:27,1
DA:29,1
DA:30,0
DA:31,0
DA:33,0
DA:35,0
DA:36,0
DA:37,0
DA:42,1
DA:153,0
DA:170,1
DA:174,1
DA:185,0
LF:17
LH:9
BRDA:67,0,0,0
BRDA:67,0,1,1
BRDA:69,1,0,1
BRDA:69,1,1,0
BRDA:84,2,0,0
BRDA:84,2,1,1
BRDA:86,3,0,1
BRDA:86,3,1,0
BRDA:103,4,0,0
BRDA:103,4,1,1
BRDA:105,5,0,1
BRDA:105,5,1,0
BRDA:119,6,0,0
BRDA:119,6,1,1
BRDA:121,7,0,1
BRDA:121,7,1,0
BRDA:137,8,0,0
BRDA:137,8,1,1
BRDA:139,9,0,1
BRDA:139,9,1,0
BRDA:153,10,0,0
BRDA:153,10,1,0
BRDA:155,11,0,0
BRDA:155,11,1,1
BRDA:157,12,0,1
BRDA:157,12,1,0
BRDA:185,13,0,0
BRDA:185,13,1,0
BRF:28
BRH:12
end_of_record
TN:
SF:src\pages\RegisterCustomer\saga.js
FN:7,doRegisterCustomer
FN:19,registerCustomerSaga
FNF:2
FNH:1
FNDA:0,doRegisterCustomer
FNDA:20,registerCustomerSaga
DA:8,0
DA:9,0
DA:10,0
DA:12,0
DA:14,0
DA:16,0
DA:20,20
LF:7
LH:1
BRDA:12,0,0,0
BRDA:12,0,1,0
BRF:2
BRH:0
end_of_record
TN:
SF:src\pages\RegisterLending\actions.js
FN:3,(anonymous_0)
FNF:1
FNH:0
FNDA:0,(anonymous_0)
DA:3,1
LF:1
LH:1
BRF:0
BRH:0
end_of_record
TN:
SF:src\pages\RegisterLending\constants.js
FNF:0
FNH:0
DA:1,20
LF:1
LH:1
BRF:0
BRH:0
end_of_record
TN:
SF:src\pages\RegisterLending\index.jsx
FN:16,(anonymous_0)
FN:27,(anonymous_1)
FN:30,(anonymous_2)
FN:32,(anonymous_3)
FN:82,(anonymous_4)
FN:116,oo_cm
FNF:6
FNH:1
FNDA:1,(anonymous_0)
FNDA:0,(anonymous_1)
FNDA:0,(anonymous_2)
FNDA:0,(anonymous_3)
FNDA:0,(anonymous_4)
FNDA:0,oo_cm
DA:16,1
DA:17,1
DA:18,1
DA:19,1
DA:25,1
DA:27,1
DA:28,0
DA:29,0
DA:31,0
DA:32,0
DA:33,0
DA:37,1
DA:83,0
DA:101,1
DA:105,1
DA:116,0
LF:16
LH:9
BRDA:61,0,0,0
BRDA:61,0,1,1
BRDA:63,1,0,1
BRDA:63,1,1,0
BRDA:77,2,0,0
BRDA:77,2,1,1
BRDA:88,3,0,1
BRDA:88,3,1,0
BRDA:116,4,0,0
BRDA:116,4,1,0
BRF:10
BRH:4
end_of_record
TN:
SF:src\pages\RegisterLending\saga.js
FN:7,doRegisterLending
FN:20,registerLendingSaga
FN:29,oo_cm
FNF:3
FNH:1
FNDA:0,doRegisterLending
FNDA:20,registerLendingSaga
FNDA:0,oo_cm
DA:8,0
DA:9,0
DA:10,0
DA:11,0
DA:13,0
DA:15,0
DA:17,0
DA:21,20
DA:29,0
LF:9
LH:1
BRDA:13,0,0,0
BRDA:13,0,1,0
BRDA:29,1,0,0
BRDA:29,1,1,0
BRF:4
BRH:0
end_of_record
TN:
SF:src\utils\encrypt.js
FN:4,(anonymous_0)
FNF:1
FNH:0
FNDA:0,(anonymous_0)
DA:4,3
DA:5,0
DA:6,0
DA:7,0
DA:9,0
DA:10,0
DA:13,0
LF:7
LH:1
BRDA:6,0,0,0
BRDA:6,0,1,0
BRDA:9,1,0,0
BRDA:9,1,1,0
BRF:4
BRH:0
end_of_record
TN:
SF:src\utils\logout.js
FN:3,(anonymous_0)
FNF:1
FNH:0
FNDA:0,(anonymous_0)
DA:3,5
DA:4,0
DA:5,0
DA:6,0
DA:7,0
LF:5
LH:1
BRF:0
BRH:0
end_of_record
TN:
SF:src\utils\request.js
FN:5,(anonymous_0)
FN:15,(anonymous_1)
FN:16,(anonymous_2)
FN:19,(anonymous_3)
FNF:4
FNH:2
FNDA:16,(anonymous_0)
FNDA:0,(anonymous_1)
FNDA:0,(anonymous_2)
FNDA:16,(anonymous_3)
DA:5,20
DA:6,16
DA:7,16
DA:8,16
DA:9,0
DA:11,16
DA:14,20
DA:15,0
DA:16,0
DA:19,20
LF:10
LH:7
BRDA:8,0,0,0
BRDA:8,0,1,16
BRF:2
BRH:1
end_of_record
